# compute-mfcc-feats --verbose=2 --config=conf/mfcc.conf scp,p:exp/make_mfcc/wav_files_ESC50.1.scp ark:- | copy-feats --compress=true ark:- ark,scp:/home/lj/work/project/2017-11-24/Module/tools/../mfcc_ESC50/raw_mfcc_files_ESC50.1.ark,/home/lj/work/project/2017-11-24/Module/tools/../mfcc_ESC50/raw_mfcc_files_ESC50.1.scp 
# Started at Mon Jan  1 16:59:47 CST 2018
#
copy-feats --compress=true ark:- ark,scp:/home/lj/work/project/2017-11-24/Module/tools/../mfcc_ESC50/raw_mfcc_files_ESC50.1.ark,/home/lj/work/project/2017-11-24/Module/tools/../mfcc_ESC50/raw_mfcc_files_ESC50.1.scp 
compute-mfcc-feats --verbose=2 --config=conf/mfcc.conf scp,p:exp/make_mfcc/wav_files_ESC50.1.scp ark:- 
VLOG[2] (compute-mfcc-feats[5.2.137-9a6e1]:main():compute-mfcc-feats.cc:173) Processed features for key ESC50_000U0000
VLOG[2] (compute-mfcc-feats[5.2.137-9a6e1]:main():compute-mfcc-feats.cc:173) Processed features for key ESC50_000U0001
VLOG[2] (compute-mfcc-feats[5.2.137-9a6e1]:main():compute-mfcc-feats.cc:173) Processed features for key ESC50_000U0002
VLOG[2] (compute-mfcc-feats[5.2.137-9a6e1]:main():compute-mfcc-feats.cc:173) Processed features for key ESC50_000U0003
VLOG[2] (compute-mfcc-feats[5.2.137-9a6e1]:main():compute-mfcc-feats.cc:173) Processed features for key ESC50_000U0004
VLOG[2] (compute-mfcc-feats[5.2.137-9a6e1]:main():compute-mfcc-feats.cc:173) Processed features for key ESC50_000U0005
VLOG[2] (compute-mfcc-feats[5.2.137-9a6e1]:main():compute-mfcc-feats.cc:173) Processed features for key ESC50_000U0006
VLOG[2] (compute-mfcc-feats[5.2.137-9a6e1]:main():compute-mfcc-feats.cc:173) Processed features for key ESC50_000U0007
VLOG[2] (compute-mfcc-feats[5.2.137-9a6e1]:main():compute-mfcc-feats.cc:173) Processed features for key ESC50_000U0008
LOG (compute-mfcc-feats[5.2.137-9a6e1]:main():compute-mfcc-feats.cc:172) Processed 10 utterances
VLOG[2] (compute-mfcc-feats[5.2.137-9a6e1]:main():compute-mfcc-feats.cc:173) Processed features for key ESC50_000U0009
VLOG[2] (compute-mfcc-feats[5.2.137-9a6e1]:main():compute-mfcc-feats.cc:173) Processed features for key ESC50_000U0010
VLOG[2] (compute-mfcc-feats[5.2.137-9a6e1]:main():compute-mfcc-feats.cc:173) Processed features for key ESC50_000U0011
VLOG[2] (compute-mfcc-feats[5.2.137-9a6e1]:main():compute-mfcc-feats.cc:173) Processed features for key ESC50_000U0012
VLOG[2] (compute-mfcc-feats[5.2.137-9a6e1]:main():compute-mfcc-feats.cc:173) Processed features for key ESC50_000U0013
VLOG[2] (compute-mfcc-feats[5.2.137-9a6e1]:main():compute-mfcc-feats.cc:173) Processed features for key ESC50_000U0014
VLOG[2] (compute-mfcc-feats[5.2.137-9a6e1]:main():compute-mfcc-feats.cc:173) Processed features for key ESC50_000U0015
VLOG[2] (compute-mfcc-feats[5.2.137-9a6e1]:main():compute-mfcc-feats.cc:173) Processed features for key ESC50_000U0016
VLOG[2] (compute-mfcc-feats[5.2.137-9a6e1]:main():compute-mfcc-feats.cc:173) Processed features for key ESC50_000U0017
VLOG[2] (compute-mfcc-feats[5.2.137-9a6e1]:main():compute-mfcc-feats.cc:173) Processed features for key ESC50_000U0018
LOG (compute-mfcc-feats[5.2.137-9a6e1]:main():compute-mfcc-feats.cc:172) Processed 20 utterances
VLOG[2] (compute-mfcc-feats[5.2.137-9a6e1]:main():compute-mfcc-feats.cc:173) Processed features for key ESC50_000U0019
VLOG[2] (compute-mfcc-feats[5.2.137-9a6e1]:main():compute-mfcc-feats.cc:173) Processed features for key ESC50_000U0020
VLOG[2] (compute-mfcc-feats[5.2.137-9a6e1]:main():compute-mfcc-feats.cc:173) Processed features for key ESC50_000U0021
VLOG[2] (compute-mfcc-feats[5.2.137-9a6e1]:main():compute-mfcc-feats.cc:173) Processed features for key ESC50_000U0022
VLOG[2] (compute-mfcc-feats[5.2.137-9a6e1]:main():compute-mfcc-feats.cc:173) Processed features for key ESC50_000U0023
VLOG[2] (compute-mfcc-feats[5.2.137-9a6e1]:main():compute-mfcc-feats.cc:173) Processed features for key ESC50_000U0024
VLOG[2] (compute-mfcc-feats[5.2.137-9a6e1]:main():compute-mfcc-feats.cc:173) Processed features for key ESC50_000U0025
VLOG[2] (compute-mfcc-feats[5.2.137-9a6e1]:main():compute-mfcc-feats.cc:173) Processed features for key ESC50_000U0026
VLOG[2] (compute-mfcc-feats[5.2.137-9a6e1]:main():compute-mfcc-feats.cc:173) Processed features for key ESC50_000U0027
VLOG[2] (compute-mfcc-feats[5.2.137-9a6e1]:main():compute-mfcc-feats.cc:173) Processed features for key ESC50_000U0028
LOG (compute-mfcc-feats[5.2.137-9a6e1]:main():compute-mfcc-feats.cc:172) Processed 30 utterances
VLOG[2] (compute-mfcc-feats[5.2.137-9a6e1]:main():compute-mfcc-feats.cc:173) Processed features for key ESC50_000U0029
VLOG[2] (compute-mfcc-feats[5.2.137-9a6e1]:main():compute-mfcc-feats.cc:173) Processed features for key ESC50_000U0030
VLOG[2] (compute-mfcc-feats[5.2.137-9a6e1]:main():compute-mfcc-feats.cc:173) Processed features for key ESC50_000U0031
VLOG[2] (compute-mfcc-feats[5.2.137-9a6e1]:main():compute-mfcc-feats.cc:173) Processed features for key ESC50_000U0032
VLOG[2] (compute-mfcc-feats[5.2.137-9a6e1]:main():compute-mfcc-feats.cc:173) Processed features for key ESC50_000U0033
VLOG[2] (compute-mfcc-feats[5.2.137-9a6e1]:main():compute-mfcc-feats.cc:173) Processed features for key ESC50_000U0034
VLOG[2] (compute-mfcc-feats[5.2.137-9a6e1]:main():compute-mfcc-feats.cc:173) Processed features for key ESC50_000U0035
VLOG[2] (compute-mfcc-feats[5.2.137-9a6e1]:main():compute-mfcc-feats.cc:173) Processed features for key ESC50_000U0036
VLOG[2] (compute-mfcc-feats[5.2.137-9a6e1]:main():compute-mfcc-feats.cc:173) Processed features for key ESC50_000U0037
VLOG[2] (compute-mfcc-feats[5.2.137-9a6e1]:main():compute-mfcc-feats.cc:173) Processed features for key ESC50_000U0038
LOG (compute-mfcc-feats[5.2.137-9a6e1]:main():compute-mfcc-feats.cc:172) Processed 40 utterances
VLOG[2] (compute-mfcc-feats[5.2.137-9a6e1]:main():compute-mfcc-feats.cc:173) Processed features for key ESC50_000U0039
VLOG[2] (compute-mfcc-feats[5.2.137-9a6e1]:main():compute-mfcc-feats.cc:173) Processed features for key ESC50_001U0000
VLOG[2] (compute-mfcc-feats[5.2.137-9a6e1]:main():compute-mfcc-feats.cc:173) Processed features for key ESC50_001U0001
VLOG[2] (compute-mfcc-feats[5.2.137-9a6e1]:main():compute-mfcc-feats.cc:173) Processed features for key ESC50_001U0002
VLOG[2] (compute-mfcc-feats[5.2.137-9a6e1]:main():compute-mfcc-feats.cc:173) Processed features for key ESC50_001U0003
VLOG[2] (compute-mfcc-feats[5.2.137-9a6e1]:main():compute-mfcc-feats.cc:173) Processed features for key ESC50_001U0004
VLOG[2] (compute-mfcc-feats[5.2.137-9a6e1]:main():compute-mfcc-feats.cc:173) Processed features for key ESC50_001U0005
VLOG[2] (compute-mfcc-feats[5.2.137-9a6e1]:main():compute-mfcc-feats.cc:173) Processed features for key ESC50_001U0006
VLOG[2] (compute-mfcc-feats[5.2.137-9a6e1]:main():compute-mfcc-feats.cc:173) Processed features for key ESC50_001U0007
VLOG[2] (compute-mfcc-feats[5.2.137-9a6e1]:main():compute-mfcc-feats.cc:173) Processed features for key ESC50_001U0008
LOG (compute-mfcc-feats[5.2.137-9a6e1]:main():compute-mfcc-feats.cc:172) Processed 50 utterances
VLOG[2] (compute-mfcc-feats[5.2.137-9a6e1]:main():compute-mfcc-feats.cc:173) Processed features for key ESC50_001U0009
VLOG[2] (compute-mfcc-feats[5.2.137-9a6e1]:main():compute-mfcc-feats.cc:173) Processed features for key ESC50_001U0010
VLOG[2] (compute-mfcc-feats[5.2.137-9a6e1]:main():compute-mfcc-feats.cc:173) Processed features for key ESC50_001U0011
VLOG[2] (compute-mfcc-feats[5.2.137-9a6e1]:main():compute-mfcc-feats.cc:173) Processed features for key ESC50_001U0012
VLOG[2] (compute-mfcc-feats[5.2.137-9a6e1]:main():compute-mfcc-feats.cc:173) Processed features for key ESC50_001U0013
VLOG[2] (compute-mfcc-feats[5.2.137-9a6e1]:main():compute-mfcc-feats.cc:173) Processed features for key ESC50_001U0014
VLOG[2] (compute-mfcc-feats[5.2.137-9a6e1]:main():compute-mfcc-feats.cc:173) Processed features for key ESC50_001U0015
VLOG[2] (compute-mfcc-feats[5.2.137-9a6e1]:main():compute-mfcc-feats.cc:173) Processed features for key ESC50_001U0016
VLOG[2] (compute-mfcc-feats[5.2.137-9a6e1]:main():compute-mfcc-feats.cc:173) Processed features for key ESC50_001U0017
VLOG[2] (compute-mfcc-feats[5.2.137-9a6e1]:main():compute-mfcc-feats.cc:173) Processed features for key ESC50_001U0018
LOG (compute-mfcc-feats[5.2.137-9a6e1]:main():compute-mfcc-feats.cc:172) Processed 60 utterances
VLOG[2] (compute-mfcc-feats[5.2.137-9a6e1]:main():compute-mfcc-feats.cc:173) Processed features for key ESC50_001U0019
VLOG[2] (compute-mfcc-feats[5.2.137-9a6e1]:main():compute-mfcc-feats.cc:173) Processed features for key ESC50_001U0020
VLOG[2] (compute-mfcc-feats[5.2.137-9a6e1]:main():compute-mfcc-feats.cc:173) Processed features for key ESC50_001U0021
VLOG[2] (compute-mfcc-feats[5.2.137-9a6e1]:main():compute-mfcc-feats.cc:173) Processed features for key ESC50_001U0022
VLOG[2] (compute-mfcc-feats[5.2.137-9a6e1]:main():compute-mfcc-feats.cc:173) Processed features for key ESC50_001U0023
VLOG[2] (compute-mfcc-feats[5.2.137-9a6e1]:main():compute-mfcc-feats.cc:173) Processed features for key ESC50_001U0024
VLOG[2] (compute-mfcc-feats[5.2.137-9a6e1]:main():compute-mfcc-feats.cc:173) Processed features for key ESC50_001U0025
VLOG[2] (compute-mfcc-feats[5.2.137-9a6e1]:main():compute-mfcc-feats.cc:173) Processed features for key ESC50_001U0026
VLOG[2] (compute-mfcc-feats[5.2.137-9a6e1]:main():compute-mfcc-feats.cc:173) Processed features for key ESC50_001U0027
VLOG[2] (compute-mfcc-feats[5.2.137-9a6e1]:main():compute-mfcc-feats.cc:173) Processed features for key ESC50_001U0028
LOG (compute-mfcc-feats[5.2.137-9a6e1]:main():compute-mfcc-feats.cc:172) Processed 70 utterances
VLOG[2] (compute-mfcc-feats[5.2.137-9a6e1]:main():compute-mfcc-feats.cc:173) Processed features for key ESC50_001U0029
VLOG[2] (compute-mfcc-feats[5.2.137-9a6e1]:main():compute-mfcc-feats.cc:173) Processed features for key ESC50_001U0030
VLOG[2] (compute-mfcc-feats[5.2.137-9a6e1]:main():compute-mfcc-feats.cc:173) Processed features for key ESC50_001U0031
VLOG[2] (compute-mfcc-feats[5.2.137-9a6e1]:main():compute-mfcc-feats.cc:173) Processed features for key ESC50_001U0032
VLOG[2] (compute-mfcc-feats[5.2.137-9a6e1]:main():compute-mfcc-feats.cc:173) Processed features for key ESC50_001U0033
VLOG[2] (compute-mfcc-feats[5.2.137-9a6e1]:main():compute-mfcc-feats.cc:173) Processed features for key ESC50_001U0034
VLOG[2] (compute-mfcc-feats[5.2.137-9a6e1]:main():compute-mfcc-feats.cc:173) Processed features for key ESC50_001U0035
VLOG[2] (compute-mfcc-feats[5.2.137-9a6e1]:main():compute-mfcc-feats.cc:173) Processed features for key ESC50_001U0036
VLOG[2] (compute-mfcc-feats[5.2.137-9a6e1]:main():compute-mfcc-feats.cc:173) Processed features for key ESC50_001U0037
VLOG[2] (compute-mfcc-feats[5.2.137-9a6e1]:main():compute-mfcc-feats.cc:173) Processed features for key ESC50_001U0038
LOG (compute-mfcc-feats[5.2.137-9a6e1]:main():compute-mfcc-feats.cc:172) Processed 80 utterances
VLOG[2] (compute-mfcc-feats[5.2.137-9a6e1]:main():compute-mfcc-feats.cc:173) Processed features for key ESC50_001U0039
VLOG[2] (compute-mfcc-feats[5.2.137-9a6e1]:main():compute-mfcc-feats.cc:173) Processed features for key ESC50_002U0000
VLOG[2] (compute-mfcc-feats[5.2.137-9a6e1]:main():compute-mfcc-feats.cc:173) Processed features for key ESC50_002U0001
VLOG[2] (compute-mfcc-feats[5.2.137-9a6e1]:main():compute-mfcc-feats.cc:173) Processed features for key ESC50_002U0002
VLOG[2] (compute-mfcc-feats[5.2.137-9a6e1]:main():compute-mfcc-feats.cc:173) Processed features for key ESC50_002U0003
VLOG[2] (compute-mfcc-feats[5.2.137-9a6e1]:main():compute-mfcc-feats.cc:173) Processed features for key ESC50_002U0004
VLOG[2] (compute-mfcc-feats[5.2.137-9a6e1]:main():compute-mfcc-feats.cc:173) Processed features for key ESC50_002U0005
VLOG[2] (compute-mfcc-feats[5.2.137-9a6e1]:main():compute-mfcc-feats.cc:173) Processed features for key ESC50_002U0006
VLOG[2] (compute-mfcc-feats[5.2.137-9a6e1]:main():compute-mfcc-feats.cc:173) Processed features for key ESC50_002U0007
VLOG[2] (compute-mfcc-feats[5.2.137-9a6e1]:main():compute-mfcc-feats.cc:173) Processed features for key ESC50_002U0008
LOG (compute-mfcc-feats[5.2.137-9a6e1]:main():compute-mfcc-feats.cc:172) Processed 90 utterances
VLOG[2] (compute-mfcc-feats[5.2.137-9a6e1]:main():compute-mfcc-feats.cc:173) Processed features for key ESC50_002U0009
VLOG[2] (compute-mfcc-feats[5.2.137-9a6e1]:main():compute-mfcc-feats.cc:173) Processed features for key ESC50_002U0010
VLOG[2] (compute-mfcc-feats[5.2.137-9a6e1]:main():compute-mfcc-feats.cc:173) Processed features for key ESC50_002U0011
VLOG[2] (compute-mfcc-feats[5.2.137-9a6e1]:main():compute-mfcc-feats.cc:173) Processed features for key ESC50_002U0012
VLOG[2] (compute-mfcc-feats[5.2.137-9a6e1]:main():compute-mfcc-feats.cc:173) Processed features for key ESC50_002U0013
VLOG[2] (compute-mfcc-feats[5.2.137-9a6e1]:main():compute-mfcc-feats.cc:173) Processed features for key ESC50_002U0014
VLOG[2] (compute-mfcc-feats[5.2.137-9a6e1]:main():compute-mfcc-feats.cc:173) Processed features for key ESC50_002U0015
VLOG[2] (compute-mfcc-feats[5.2.137-9a6e1]:main():compute-mfcc-feats.cc:173) Processed features for key ESC50_002U0016
VLOG[2] (compute-mfcc-feats[5.2.137-9a6e1]:main():compute-mfcc-feats.cc:173) Processed features for key ESC50_002U0017
VLOG[2] (compute-mfcc-feats[5.2.137-9a6e1]:main():compute-mfcc-feats.cc:173) Processed features for key ESC50_002U0018
LOG (compute-mfcc-feats[5.2.137-9a6e1]:main():compute-mfcc-feats.cc:172) Processed 100 utterances
VLOG[2] (compute-mfcc-feats[5.2.137-9a6e1]:main():compute-mfcc-feats.cc:173) Processed features for key ESC50_002U0019
VLOG[2] (compute-mfcc-feats[5.2.137-9a6e1]:main():compute-mfcc-feats.cc:173) Processed features for key ESC50_002U0020
VLOG[2] (compute-mfcc-feats[5.2.137-9a6e1]:main():compute-mfcc-feats.cc:173) Processed features for key ESC50_002U0021
VLOG[2] (compute-mfcc-feats[5.2.137-9a6e1]:main():compute-mfcc-feats.cc:173) Processed features for key ESC50_002U0022
VLOG[2] (compute-mfcc-feats[5.2.137-9a6e1]:main():compute-mfcc-feats.cc:173) Processed features for key ESC50_002U0023
VLOG[2] (compute-mfcc-feats[5.2.137-9a6e1]:main():compute-mfcc-feats.cc:173) Processed features for key ESC50_002U0024
VLOG[2] (compute-mfcc-feats[5.2.137-9a6e1]:main():compute-mfcc-feats.cc:173) Processed features for key ESC50_002U0025
VLOG[2] (compute-mfcc-feats[5.2.137-9a6e1]:main():compute-mfcc-feats.cc:173) Processed features for key ESC50_002U0026
VLOG[2] (compute-mfcc-feats[5.2.137-9a6e1]:main():compute-mfcc-feats.cc:173) Processed features for key ESC50_002U0027
VLOG[2] (compute-mfcc-feats[5.2.137-9a6e1]:main():compute-mfcc-feats.cc:173) Processed features for key ESC50_002U0028
LOG (compute-mfcc-feats[5.2.137-9a6e1]:main():compute-mfcc-feats.cc:172) Processed 110 utterances
VLOG[2] (compute-mfcc-feats[5.2.137-9a6e1]:main():compute-mfcc-feats.cc:173) Processed features for key ESC50_002U0029
VLOG[2] (compute-mfcc-feats[5.2.137-9a6e1]:main():compute-mfcc-feats.cc:173) Processed features for key ESC50_002U0030
VLOG[2] (compute-mfcc-feats[5.2.137-9a6e1]:main():compute-mfcc-feats.cc:173) Processed features for key ESC50_002U0031
VLOG[2] (compute-mfcc-feats[5.2.137-9a6e1]:main():compute-mfcc-feats.cc:173) Processed features for key ESC50_002U0032
VLOG[2] (compute-mfcc-feats[5.2.137-9a6e1]:main():compute-mfcc-feats.cc:173) Processed features for key ESC50_002U0033
VLOG[2] (compute-mfcc-feats[5.2.137-9a6e1]:main():compute-mfcc-feats.cc:173) Processed features for key ESC50_002U0034
VLOG[2] (compute-mfcc-feats[5.2.137-9a6e1]:main():compute-mfcc-feats.cc:173) Processed features for key ESC50_002U0035
VLOG[2] (compute-mfcc-feats[5.2.137-9a6e1]:main():compute-mfcc-feats.cc:173) Processed features for key ESC50_002U0036
VLOG[2] (compute-mfcc-feats[5.2.137-9a6e1]:main():compute-mfcc-feats.cc:173) Processed features for key ESC50_002U0037
VLOG[2] (compute-mfcc-feats[5.2.137-9a6e1]:main():compute-mfcc-feats.cc:173) Processed features for key ESC50_002U0038
LOG (compute-mfcc-feats[5.2.137-9a6e1]:main():compute-mfcc-feats.cc:172) Processed 120 utterances
VLOG[2] (compute-mfcc-feats[5.2.137-9a6e1]:main():compute-mfcc-feats.cc:173) Processed features for key ESC50_002U0039
VLOG[2] (compute-mfcc-feats[5.2.137-9a6e1]:main():compute-mfcc-feats.cc:173) Processed features for key ESC50_003U0000
VLOG[2] (compute-mfcc-feats[5.2.137-9a6e1]:main():compute-mfcc-feats.cc:173) Processed features for key ESC50_003U0001
VLOG[2] (compute-mfcc-feats[5.2.137-9a6e1]:main():compute-mfcc-feats.cc:173) Processed features for key ESC50_003U0002
VLOG[2] (compute-mfcc-feats[5.2.137-9a6e1]:main():compute-mfcc-feats.cc:173) Processed features for key ESC50_003U0003
VLOG[2] (compute-mfcc-feats[5.2.137-9a6e1]:main():compute-mfcc-feats.cc:173) Processed features for key ESC50_003U0004
VLOG[2] (compute-mfcc-feats[5.2.137-9a6e1]:main():compute-mfcc-feats.cc:173) Processed features for key ESC50_003U0005
VLOG[2] (compute-mfcc-feats[5.2.137-9a6e1]:main():compute-mfcc-feats.cc:173) Processed features for key ESC50_003U0006
VLOG[2] (compute-mfcc-feats[5.2.137-9a6e1]:main():compute-mfcc-feats.cc:173) Processed features for key ESC50_003U0007
VLOG[2] (compute-mfcc-feats[5.2.137-9a6e1]:main():compute-mfcc-feats.cc:173) Processed features for key ESC50_003U0008
LOG (compute-mfcc-feats[5.2.137-9a6e1]:main():compute-mfcc-feats.cc:172) Processed 130 utterances
VLOG[2] (compute-mfcc-feats[5.2.137-9a6e1]:main():compute-mfcc-feats.cc:173) Processed features for key ESC50_003U0009
VLOG[2] (compute-mfcc-feats[5.2.137-9a6e1]:main():compute-mfcc-feats.cc:173) Processed features for key ESC50_003U0010
VLOG[2] (compute-mfcc-feats[5.2.137-9a6e1]:main():compute-mfcc-feats.cc:173) Processed features for key ESC50_003U0011
VLOG[2] (compute-mfcc-feats[5.2.137-9a6e1]:main():compute-mfcc-feats.cc:173) Processed features for key ESC50_003U0012
VLOG[2] (compute-mfcc-feats[5.2.137-9a6e1]:main():compute-mfcc-feats.cc:173) Processed features for key ESC50_003U0013
VLOG[2] (compute-mfcc-feats[5.2.137-9a6e1]:main():compute-mfcc-feats.cc:173) Processed features for key ESC50_003U0014
VLOG[2] (compute-mfcc-feats[5.2.137-9a6e1]:main():compute-mfcc-feats.cc:173) Processed features for key ESC50_003U0015
VLOG[2] (compute-mfcc-feats[5.2.137-9a6e1]:main():compute-mfcc-feats.cc:173) Processed features for key ESC50_003U0016
VLOG[2] (compute-mfcc-feats[5.2.137-9a6e1]:main():compute-mfcc-feats.cc:173) Processed features for key ESC50_003U0017
VLOG[2] (compute-mfcc-feats[5.2.137-9a6e1]:main():compute-mfcc-feats.cc:173) Processed features for key ESC50_003U0018
LOG (compute-mfcc-feats[5.2.137-9a6e1]:main():compute-mfcc-feats.cc:172) Processed 140 utterances
VLOG[2] (compute-mfcc-feats[5.2.137-9a6e1]:main():compute-mfcc-feats.cc:173) Processed features for key ESC50_003U0019
VLOG[2] (compute-mfcc-feats[5.2.137-9a6e1]:main():compute-mfcc-feats.cc:173) Processed features for key ESC50_003U0020
VLOG[2] (compute-mfcc-feats[5.2.137-9a6e1]:main():compute-mfcc-feats.cc:173) Processed features for key ESC50_003U0021
VLOG[2] (compute-mfcc-feats[5.2.137-9a6e1]:main():compute-mfcc-feats.cc:173) Processed features for key ESC50_003U0022
VLOG[2] (compute-mfcc-feats[5.2.137-9a6e1]:main():compute-mfcc-feats.cc:173) Processed features for key ESC50_003U0023
VLOG[2] (compute-mfcc-feats[5.2.137-9a6e1]:main():compute-mfcc-feats.cc:173) Processed features for key ESC50_003U0024
VLOG[2] (compute-mfcc-feats[5.2.137-9a6e1]:main():compute-mfcc-feats.cc:173) Processed features for key ESC50_003U0025
VLOG[2] (compute-mfcc-feats[5.2.137-9a6e1]:main():compute-mfcc-feats.cc:173) Processed features for key ESC50_003U0026
VLOG[2] (compute-mfcc-feats[5.2.137-9a6e1]:main():compute-mfcc-feats.cc:173) Processed features for key ESC50_003U0027
VLOG[2] (compute-mfcc-feats[5.2.137-9a6e1]:main():compute-mfcc-feats.cc:173) Processed features for key ESC50_003U0028
LOG (compute-mfcc-feats[5.2.137-9a6e1]:main():compute-mfcc-feats.cc:172) Processed 150 utterances
VLOG[2] (compute-mfcc-feats[5.2.137-9a6e1]:main():compute-mfcc-feats.cc:173) Processed features for key ESC50_003U0029
VLOG[2] (compute-mfcc-feats[5.2.137-9a6e1]:main():compute-mfcc-feats.cc:173) Processed features for key ESC50_003U0030
VLOG[2] (compute-mfcc-feats[5.2.137-9a6e1]:main():compute-mfcc-feats.cc:173) Processed features for key ESC50_003U0031
VLOG[2] (compute-mfcc-feats[5.2.137-9a6e1]:main():compute-mfcc-feats.cc:173) Processed features for key ESC50_003U0032
VLOG[2] (compute-mfcc-feats[5.2.137-9a6e1]:main():compute-mfcc-feats.cc:173) Processed features for key ESC50_003U0033
VLOG[2] (compute-mfcc-feats[5.2.137-9a6e1]:main():compute-mfcc-feats.cc:173) Processed features for key ESC50_003U0034
VLOG[2] (compute-mfcc-feats[5.2.137-9a6e1]:main():compute-mfcc-feats.cc:173) Processed features for key ESC50_003U0035
VLOG[2] (compute-mfcc-feats[5.2.137-9a6e1]:main():compute-mfcc-feats.cc:173) Processed features for key ESC50_003U0036
VLOG[2] (compute-mfcc-feats[5.2.137-9a6e1]:main():compute-mfcc-feats.cc:173) Processed features for key ESC50_003U0037
VLOG[2] (compute-mfcc-feats[5.2.137-9a6e1]:main():compute-mfcc-feats.cc:173) Processed features for key ESC50_003U0038
LOG (compute-mfcc-feats[5.2.137-9a6e1]:main():compute-mfcc-feats.cc:172) Processed 160 utterances
VLOG[2] (compute-mfcc-feats[5.2.137-9a6e1]:main():compute-mfcc-feats.cc:173) Processed features for key ESC50_003U0039
VLOG[2] (compute-mfcc-feats[5.2.137-9a6e1]:main():compute-mfcc-feats.cc:173) Processed features for key ESC50_004U0000
VLOG[2] (compute-mfcc-feats[5.2.137-9a6e1]:main():compute-mfcc-feats.cc:173) Processed features for key ESC50_004U0001
VLOG[2] (compute-mfcc-feats[5.2.137-9a6e1]:main():compute-mfcc-feats.cc:173) Processed features for key ESC50_004U0002
VLOG[2] (compute-mfcc-feats[5.2.137-9a6e1]:main():compute-mfcc-feats.cc:173) Processed features for key ESC50_004U0003
VLOG[2] (compute-mfcc-feats[5.2.137-9a6e1]:main():compute-mfcc-feats.cc:173) Processed features for key ESC50_004U0004
VLOG[2] (compute-mfcc-feats[5.2.137-9a6e1]:main():compute-mfcc-feats.cc:173) Processed features for key ESC50_004U0005
VLOG[2] (compute-mfcc-feats[5.2.137-9a6e1]:main():compute-mfcc-feats.cc:173) Processed features for key ESC50_004U0006
VLOG[2] (compute-mfcc-feats[5.2.137-9a6e1]:main():compute-mfcc-feats.cc:173) Processed features for key ESC50_004U0007
VLOG[2] (compute-mfcc-feats[5.2.137-9a6e1]:main():compute-mfcc-feats.cc:173) Processed features for key ESC50_004U0008
LOG (compute-mfcc-feats[5.2.137-9a6e1]:main():compute-mfcc-feats.cc:172) Processed 170 utterances
VLOG[2] (compute-mfcc-feats[5.2.137-9a6e1]:main():compute-mfcc-feats.cc:173) Processed features for key ESC50_004U0009
VLOG[2] (compute-mfcc-feats[5.2.137-9a6e1]:main():compute-mfcc-feats.cc:173) Processed features for key ESC50_004U0010
VLOG[2] (compute-mfcc-feats[5.2.137-9a6e1]:main():compute-mfcc-feats.cc:173) Processed features for key ESC50_004U0011
VLOG[2] (compute-mfcc-feats[5.2.137-9a6e1]:main():compute-mfcc-feats.cc:173) Processed features for key ESC50_004U0012
VLOG[2] (compute-mfcc-feats[5.2.137-9a6e1]:main():compute-mfcc-feats.cc:173) Processed features for key ESC50_004U0013
VLOG[2] (compute-mfcc-feats[5.2.137-9a6e1]:main():compute-mfcc-feats.cc:173) Processed features for key ESC50_004U0014
VLOG[2] (compute-mfcc-feats[5.2.137-9a6e1]:main():compute-mfcc-feats.cc:173) Processed features for key ESC50_004U0015
VLOG[2] (compute-mfcc-feats[5.2.137-9a6e1]:main():compute-mfcc-feats.cc:173) Processed features for key ESC50_004U0016
VLOG[2] (compute-mfcc-feats[5.2.137-9a6e1]:main():compute-mfcc-feats.cc:173) Processed features for key ESC50_004U0017
VLOG[2] (compute-mfcc-feats[5.2.137-9a6e1]:main():compute-mfcc-feats.cc:173) Processed features for key ESC50_004U0018
LOG (compute-mfcc-feats[5.2.137-9a6e1]:main():compute-mfcc-feats.cc:172) Processed 180 utterances
VLOG[2] (compute-mfcc-feats[5.2.137-9a6e1]:main():compute-mfcc-feats.cc:173) Processed features for key ESC50_004U0019
VLOG[2] (compute-mfcc-feats[5.2.137-9a6e1]:main():compute-mfcc-feats.cc:173) Processed features for key ESC50_004U0020
VLOG[2] (compute-mfcc-feats[5.2.137-9a6e1]:main():compute-mfcc-feats.cc:173) Processed features for key ESC50_004U0021
VLOG[2] (compute-mfcc-feats[5.2.137-9a6e1]:main():compute-mfcc-feats.cc:173) Processed features for key ESC50_004U0022
VLOG[2] (compute-mfcc-feats[5.2.137-9a6e1]:main():compute-mfcc-feats.cc:173) Processed features for key ESC50_004U0023
VLOG[2] (compute-mfcc-feats[5.2.137-9a6e1]:main():compute-mfcc-feats.cc:173) Processed features for key ESC50_004U0024
VLOG[2] (compute-mfcc-feats[5.2.137-9a6e1]:main():compute-mfcc-feats.cc:173) Processed features for key ESC50_004U0025
VLOG[2] (compute-mfcc-feats[5.2.137-9a6e1]:main():compute-mfcc-feats.cc:173) Processed features for key ESC50_004U0026
VLOG[2] (compute-mfcc-feats[5.2.137-9a6e1]:main():compute-mfcc-feats.cc:173) Processed features for key ESC50_004U0027
VLOG[2] (compute-mfcc-feats[5.2.137-9a6e1]:main():compute-mfcc-feats.cc:173) Processed features for key ESC50_004U0028
LOG (compute-mfcc-feats[5.2.137-9a6e1]:main():compute-mfcc-feats.cc:172) Processed 190 utterances
VLOG[2] (compute-mfcc-feats[5.2.137-9a6e1]:main():compute-mfcc-feats.cc:173) Processed features for key ESC50_004U0029
VLOG[2] (compute-mfcc-feats[5.2.137-9a6e1]:main():compute-mfcc-feats.cc:173) Processed features for key ESC50_004U0030
VLOG[2] (compute-mfcc-feats[5.2.137-9a6e1]:main():compute-mfcc-feats.cc:173) Processed features for key ESC50_004U0031
VLOG[2] (compute-mfcc-feats[5.2.137-9a6e1]:main():compute-mfcc-feats.cc:173) Processed features for key ESC50_004U0032
VLOG[2] (compute-mfcc-feats[5.2.137-9a6e1]:main():compute-mfcc-feats.cc:173) Processed features for key ESC50_004U0033
VLOG[2] (compute-mfcc-feats[5.2.137-9a6e1]:main():compute-mfcc-feats.cc:173) Processed features for key ESC50_004U0034
VLOG[2] (compute-mfcc-feats[5.2.137-9a6e1]:main():compute-mfcc-feats.cc:173) Processed features for key ESC50_004U0035
VLOG[2] (compute-mfcc-feats[5.2.137-9a6e1]:main():compute-mfcc-feats.cc:173) Processed features for key ESC50_004U0036
VLOG[2] (compute-mfcc-feats[5.2.137-9a6e1]:main():compute-mfcc-feats.cc:173) Processed features for key ESC50_004U0037
VLOG[2] (compute-mfcc-feats[5.2.137-9a6e1]:main():compute-mfcc-feats.cc:173) Processed features for key ESC50_004U0038
LOG (compute-mfcc-feats[5.2.137-9a6e1]:main():compute-mfcc-feats.cc:172) Processed 200 utterances
VLOG[2] (compute-mfcc-feats[5.2.137-9a6e1]:main():compute-mfcc-feats.cc:173) Processed features for key ESC50_004U0039
VLOG[2] (compute-mfcc-feats[5.2.137-9a6e1]:main():compute-mfcc-feats.cc:173) Processed features for key ESC50_005U0000
VLOG[2] (compute-mfcc-feats[5.2.137-9a6e1]:main():compute-mfcc-feats.cc:173) Processed features for key ESC50_005U0001
VLOG[2] (compute-mfcc-feats[5.2.137-9a6e1]:main():compute-mfcc-feats.cc:173) Processed features for key ESC50_005U0002
VLOG[2] (compute-mfcc-feats[5.2.137-9a6e1]:main():compute-mfcc-feats.cc:173) Processed features for key ESC50_005U0003
VLOG[2] (compute-mfcc-feats[5.2.137-9a6e1]:main():compute-mfcc-feats.cc:173) Processed features for key ESC50_005U0004
VLOG[2] (compute-mfcc-feats[5.2.137-9a6e1]:main():compute-mfcc-feats.cc:173) Processed features for key ESC50_005U0005
VLOG[2] (compute-mfcc-feats[5.2.137-9a6e1]:main():compute-mfcc-feats.cc:173) Processed features for key ESC50_005U0006
VLOG[2] (compute-mfcc-feats[5.2.137-9a6e1]:main():compute-mfcc-feats.cc:173) Processed features for key ESC50_005U0007
VLOG[2] (compute-mfcc-feats[5.2.137-9a6e1]:main():compute-mfcc-feats.cc:173) Processed features for key ESC50_005U0008
LOG (compute-mfcc-feats[5.2.137-9a6e1]:main():compute-mfcc-feats.cc:172) Processed 210 utterances
VLOG[2] (compute-mfcc-feats[5.2.137-9a6e1]:main():compute-mfcc-feats.cc:173) Processed features for key ESC50_005U0009
VLOG[2] (compute-mfcc-feats[5.2.137-9a6e1]:main():compute-mfcc-feats.cc:173) Processed features for key ESC50_005U0010
VLOG[2] (compute-mfcc-feats[5.2.137-9a6e1]:main():compute-mfcc-feats.cc:173) Processed features for key ESC50_005U0011
VLOG[2] (compute-mfcc-feats[5.2.137-9a6e1]:main():compute-mfcc-feats.cc:173) Processed features for key ESC50_005U0012
VLOG[2] (compute-mfcc-feats[5.2.137-9a6e1]:main():compute-mfcc-feats.cc:173) Processed features for key ESC50_005U0013
VLOG[2] (compute-mfcc-feats[5.2.137-9a6e1]:main():compute-mfcc-feats.cc:173) Processed features for key ESC50_005U0014
VLOG[2] (compute-mfcc-feats[5.2.137-9a6e1]:main():compute-mfcc-feats.cc:173) Processed features for key ESC50_005U0015
VLOG[2] (compute-mfcc-feats[5.2.137-9a6e1]:main():compute-mfcc-feats.cc:173) Processed features for key ESC50_005U0016
VLOG[2] (compute-mfcc-feats[5.2.137-9a6e1]:main():compute-mfcc-feats.cc:173) Processed features for key ESC50_005U0017
VLOG[2] (compute-mfcc-feats[5.2.137-9a6e1]:main():compute-mfcc-feats.cc:173) Processed features for key ESC50_005U0018
LOG (compute-mfcc-feats[5.2.137-9a6e1]:main():compute-mfcc-feats.cc:172) Processed 220 utterances
VLOG[2] (compute-mfcc-feats[5.2.137-9a6e1]:main():compute-mfcc-feats.cc:173) Processed features for key ESC50_005U0019
VLOG[2] (compute-mfcc-feats[5.2.137-9a6e1]:main():compute-mfcc-feats.cc:173) Processed features for key ESC50_005U0020
VLOG[2] (compute-mfcc-feats[5.2.137-9a6e1]:main():compute-mfcc-feats.cc:173) Processed features for key ESC50_005U0021
VLOG[2] (compute-mfcc-feats[5.2.137-9a6e1]:main():compute-mfcc-feats.cc:173) Processed features for key ESC50_005U0022
VLOG[2] (compute-mfcc-feats[5.2.137-9a6e1]:main():compute-mfcc-feats.cc:173) Processed features for key ESC50_005U0023
VLOG[2] (compute-mfcc-feats[5.2.137-9a6e1]:main():compute-mfcc-feats.cc:173) Processed features for key ESC50_005U0024
VLOG[2] (compute-mfcc-feats[5.2.137-9a6e1]:main():compute-mfcc-feats.cc:173) Processed features for key ESC50_005U0025
VLOG[2] (compute-mfcc-feats[5.2.137-9a6e1]:main():compute-mfcc-feats.cc:173) Processed features for key ESC50_005U0026
VLOG[2] (compute-mfcc-feats[5.2.137-9a6e1]:main():compute-mfcc-feats.cc:173) Processed features for key ESC50_005U0027
VLOG[2] (compute-mfcc-feats[5.2.137-9a6e1]:main():compute-mfcc-feats.cc:173) Processed features for key ESC50_005U0028
LOG (compute-mfcc-feats[5.2.137-9a6e1]:main():compute-mfcc-feats.cc:172) Processed 230 utterances
VLOG[2] (compute-mfcc-feats[5.2.137-9a6e1]:main():compute-mfcc-feats.cc:173) Processed features for key ESC50_005U0029
VLOG[2] (compute-mfcc-feats[5.2.137-9a6e1]:main():compute-mfcc-feats.cc:173) Processed features for key ESC50_005U0030
VLOG[2] (compute-mfcc-feats[5.2.137-9a6e1]:main():compute-mfcc-feats.cc:173) Processed features for key ESC50_005U0031
VLOG[2] (compute-mfcc-feats[5.2.137-9a6e1]:main():compute-mfcc-feats.cc:173) Processed features for key ESC50_005U0032
VLOG[2] (compute-mfcc-feats[5.2.137-9a6e1]:main():compute-mfcc-feats.cc:173) Processed features for key ESC50_005U0033
VLOG[2] (compute-mfcc-feats[5.2.137-9a6e1]:main():compute-mfcc-feats.cc:173) Processed features for key ESC50_005U0034
VLOG[2] (compute-mfcc-feats[5.2.137-9a6e1]:main():compute-mfcc-feats.cc:173) Processed features for key ESC50_005U0035
VLOG[2] (compute-mfcc-feats[5.2.137-9a6e1]:main():compute-mfcc-feats.cc:173) Processed features for key ESC50_005U0036
VLOG[2] (compute-mfcc-feats[5.2.137-9a6e1]:main():compute-mfcc-feats.cc:173) Processed features for key ESC50_005U0037
VLOG[2] (compute-mfcc-feats[5.2.137-9a6e1]:main():compute-mfcc-feats.cc:173) Processed features for key ESC50_005U0038
LOG (compute-mfcc-feats[5.2.137-9a6e1]:main():compute-mfcc-feats.cc:172) Processed 240 utterances
VLOG[2] (compute-mfcc-feats[5.2.137-9a6e1]:main():compute-mfcc-feats.cc:173) Processed features for key ESC50_005U0039
VLOG[2] (compute-mfcc-feats[5.2.137-9a6e1]:main():compute-mfcc-feats.cc:173) Processed features for key ESC50_006U0000
VLOG[2] (compute-mfcc-feats[5.2.137-9a6e1]:main():compute-mfcc-feats.cc:173) Processed features for key ESC50_006U0001
VLOG[2] (compute-mfcc-feats[5.2.137-9a6e1]:main():compute-mfcc-feats.cc:173) Processed features for key ESC50_006U0002
VLOG[2] (compute-mfcc-feats[5.2.137-9a6e1]:main():compute-mfcc-feats.cc:173) Processed features for key ESC50_006U0003
VLOG[2] (compute-mfcc-feats[5.2.137-9a6e1]:main():compute-mfcc-feats.cc:173) Processed features for key ESC50_006U0004
VLOG[2] (compute-mfcc-feats[5.2.137-9a6e1]:main():compute-mfcc-feats.cc:173) Processed features for key ESC50_006U0005
VLOG[2] (compute-mfcc-feats[5.2.137-9a6e1]:main():compute-mfcc-feats.cc:173) Processed features for key ESC50_006U0006
VLOG[2] (compute-mfcc-feats[5.2.137-9a6e1]:main():compute-mfcc-feats.cc:173) Processed features for key ESC50_006U0007
VLOG[2] (compute-mfcc-feats[5.2.137-9a6e1]:main():compute-mfcc-feats.cc:173) Processed features for key ESC50_006U0008
LOG (compute-mfcc-feats[5.2.137-9a6e1]:main():compute-mfcc-feats.cc:172) Processed 250 utterances
VLOG[2] (compute-mfcc-feats[5.2.137-9a6e1]:main():compute-mfcc-feats.cc:173) Processed features for key ESC50_006U0009
VLOG[2] (compute-mfcc-feats[5.2.137-9a6e1]:main():compute-mfcc-feats.cc:173) Processed features for key ESC50_006U0010
VLOG[2] (compute-mfcc-feats[5.2.137-9a6e1]:main():compute-mfcc-feats.cc:173) Processed features for key ESC50_006U0011
VLOG[2] (compute-mfcc-feats[5.2.137-9a6e1]:main():compute-mfcc-feats.cc:173) Processed features for key ESC50_006U0012
VLOG[2] (compute-mfcc-feats[5.2.137-9a6e1]:main():compute-mfcc-feats.cc:173) Processed features for key ESC50_006U0013
VLOG[2] (compute-mfcc-feats[5.2.137-9a6e1]:main():compute-mfcc-feats.cc:173) Processed features for key ESC50_006U0014
VLOG[2] (compute-mfcc-feats[5.2.137-9a6e1]:main():compute-mfcc-feats.cc:173) Processed features for key ESC50_006U0015
VLOG[2] (compute-mfcc-feats[5.2.137-9a6e1]:main():compute-mfcc-feats.cc:173) Processed features for key ESC50_006U0016
VLOG[2] (compute-mfcc-feats[5.2.137-9a6e1]:main():compute-mfcc-feats.cc:173) Processed features for key ESC50_006U0017
VLOG[2] (compute-mfcc-feats[5.2.137-9a6e1]:main():compute-mfcc-feats.cc:173) Processed features for key ESC50_006U0018
LOG (compute-mfcc-feats[5.2.137-9a6e1]:main():compute-mfcc-feats.cc:172) Processed 260 utterances
VLOG[2] (compute-mfcc-feats[5.2.137-9a6e1]:main():compute-mfcc-feats.cc:173) Processed features for key ESC50_006U0019
VLOG[2] (compute-mfcc-feats[5.2.137-9a6e1]:main():compute-mfcc-feats.cc:173) Processed features for key ESC50_006U0020
VLOG[2] (compute-mfcc-feats[5.2.137-9a6e1]:main():compute-mfcc-feats.cc:173) Processed features for key ESC50_006U0021
VLOG[2] (compute-mfcc-feats[5.2.137-9a6e1]:main():compute-mfcc-feats.cc:173) Processed features for key ESC50_006U0022
VLOG[2] (compute-mfcc-feats[5.2.137-9a6e1]:main():compute-mfcc-feats.cc:173) Processed features for key ESC50_006U0023
VLOG[2] (compute-mfcc-feats[5.2.137-9a6e1]:main():compute-mfcc-feats.cc:173) Processed features for key ESC50_006U0024
VLOG[2] (compute-mfcc-feats[5.2.137-9a6e1]:main():compute-mfcc-feats.cc:173) Processed features for key ESC50_006U0025
VLOG[2] (compute-mfcc-feats[5.2.137-9a6e1]:main():compute-mfcc-feats.cc:173) Processed features for key ESC50_006U0026
VLOG[2] (compute-mfcc-feats[5.2.137-9a6e1]:main():compute-mfcc-feats.cc:173) Processed features for key ESC50_006U0027
VLOG[2] (compute-mfcc-feats[5.2.137-9a6e1]:main():compute-mfcc-feats.cc:173) Processed features for key ESC50_006U0028
LOG (compute-mfcc-feats[5.2.137-9a6e1]:main():compute-mfcc-feats.cc:172) Processed 270 utterances
VLOG[2] (compute-mfcc-feats[5.2.137-9a6e1]:main():compute-mfcc-feats.cc:173) Processed features for key ESC50_006U0029
VLOG[2] (compute-mfcc-feats[5.2.137-9a6e1]:main():compute-mfcc-feats.cc:173) Processed features for key ESC50_006U0030
VLOG[2] (compute-mfcc-feats[5.2.137-9a6e1]:main():compute-mfcc-feats.cc:173) Processed features for key ESC50_006U0031
VLOG[2] (compute-mfcc-feats[5.2.137-9a6e1]:main():compute-mfcc-feats.cc:173) Processed features for key ESC50_006U0032
VLOG[2] (compute-mfcc-feats[5.2.137-9a6e1]:main():compute-mfcc-feats.cc:173) Processed features for key ESC50_006U0033
VLOG[2] (compute-mfcc-feats[5.2.137-9a6e1]:main():compute-mfcc-feats.cc:173) Processed features for key ESC50_006U0034
VLOG[2] (compute-mfcc-feats[5.2.137-9a6e1]:main():compute-mfcc-feats.cc:173) Processed features for key ESC50_006U0035
VLOG[2] (compute-mfcc-feats[5.2.137-9a6e1]:main():compute-mfcc-feats.cc:173) Processed features for key ESC50_006U0036
VLOG[2] (compute-mfcc-feats[5.2.137-9a6e1]:main():compute-mfcc-feats.cc:173) Processed features for key ESC50_006U0037
VLOG[2] (compute-mfcc-feats[5.2.137-9a6e1]:main():compute-mfcc-feats.cc:173) Processed features for key ESC50_006U0038
LOG (compute-mfcc-feats[5.2.137-9a6e1]:main():compute-mfcc-feats.cc:172) Processed 280 utterances
VLOG[2] (compute-mfcc-feats[5.2.137-9a6e1]:main():compute-mfcc-feats.cc:173) Processed features for key ESC50_006U0039
VLOG[2] (compute-mfcc-feats[5.2.137-9a6e1]:main():compute-mfcc-feats.cc:173) Processed features for key ESC50_007U0000
VLOG[2] (compute-mfcc-feats[5.2.137-9a6e1]:main():compute-mfcc-feats.cc:173) Processed features for key ESC50_007U0001
VLOG[2] (compute-mfcc-feats[5.2.137-9a6e1]:main():compute-mfcc-feats.cc:173) Processed features for key ESC50_007U0002
VLOG[2] (compute-mfcc-feats[5.2.137-9a6e1]:main():compute-mfcc-feats.cc:173) Processed features for key ESC50_007U0003
VLOG[2] (compute-mfcc-feats[5.2.137-9a6e1]:main():compute-mfcc-feats.cc:173) Processed features for key ESC50_007U0004
VLOG[2] (compute-mfcc-feats[5.2.137-9a6e1]:main():compute-mfcc-feats.cc:173) Processed features for key ESC50_007U0005
VLOG[2] (compute-mfcc-feats[5.2.137-9a6e1]:main():compute-mfcc-feats.cc:173) Processed features for key ESC50_007U0006
VLOG[2] (compute-mfcc-feats[5.2.137-9a6e1]:main():compute-mfcc-feats.cc:173) Processed features for key ESC50_007U0007
VLOG[2] (compute-mfcc-feats[5.2.137-9a6e1]:main():compute-mfcc-feats.cc:173) Processed features for key ESC50_007U0008
LOG (compute-mfcc-feats[5.2.137-9a6e1]:main():compute-mfcc-feats.cc:172) Processed 290 utterances
VLOG[2] (compute-mfcc-feats[5.2.137-9a6e1]:main():compute-mfcc-feats.cc:173) Processed features for key ESC50_007U0009
VLOG[2] (compute-mfcc-feats[5.2.137-9a6e1]:main():compute-mfcc-feats.cc:173) Processed features for key ESC50_007U0010
VLOG[2] (compute-mfcc-feats[5.2.137-9a6e1]:main():compute-mfcc-feats.cc:173) Processed features for key ESC50_007U0011
VLOG[2] (compute-mfcc-feats[5.2.137-9a6e1]:main():compute-mfcc-feats.cc:173) Processed features for key ESC50_007U0012
VLOG[2] (compute-mfcc-feats[5.2.137-9a6e1]:main():compute-mfcc-feats.cc:173) Processed features for key ESC50_007U0013
VLOG[2] (compute-mfcc-feats[5.2.137-9a6e1]:main():compute-mfcc-feats.cc:173) Processed features for key ESC50_007U0014
VLOG[2] (compute-mfcc-feats[5.2.137-9a6e1]:main():compute-mfcc-feats.cc:173) Processed features for key ESC50_007U0015
VLOG[2] (compute-mfcc-feats[5.2.137-9a6e1]:main():compute-mfcc-feats.cc:173) Processed features for key ESC50_007U0016
VLOG[2] (compute-mfcc-feats[5.2.137-9a6e1]:main():compute-mfcc-feats.cc:173) Processed features for key ESC50_007U0017
VLOG[2] (compute-mfcc-feats[5.2.137-9a6e1]:main():compute-mfcc-feats.cc:173) Processed features for key ESC50_007U0018
LOG (compute-mfcc-feats[5.2.137-9a6e1]:main():compute-mfcc-feats.cc:172) Processed 300 utterances
VLOG[2] (compute-mfcc-feats[5.2.137-9a6e1]:main():compute-mfcc-feats.cc:173) Processed features for key ESC50_007U0019
VLOG[2] (compute-mfcc-feats[5.2.137-9a6e1]:main():compute-mfcc-feats.cc:173) Processed features for key ESC50_007U0020
VLOG[2] (compute-mfcc-feats[5.2.137-9a6e1]:main():compute-mfcc-feats.cc:173) Processed features for key ESC50_007U0021
VLOG[2] (compute-mfcc-feats[5.2.137-9a6e1]:main():compute-mfcc-feats.cc:173) Processed features for key ESC50_007U0022
VLOG[2] (compute-mfcc-feats[5.2.137-9a6e1]:main():compute-mfcc-feats.cc:173) Processed features for key ESC50_007U0023
VLOG[2] (compute-mfcc-feats[5.2.137-9a6e1]:main():compute-mfcc-feats.cc:173) Processed features for key ESC50_007U0024
VLOG[2] (compute-mfcc-feats[5.2.137-9a6e1]:main():compute-mfcc-feats.cc:173) Processed features for key ESC50_007U0025
VLOG[2] (compute-mfcc-feats[5.2.137-9a6e1]:main():compute-mfcc-feats.cc:173) Processed features for key ESC50_007U0026
VLOG[2] (compute-mfcc-feats[5.2.137-9a6e1]:main():compute-mfcc-feats.cc:173) Processed features for key ESC50_007U0027
VLOG[2] (compute-mfcc-feats[5.2.137-9a6e1]:main():compute-mfcc-feats.cc:173) Processed features for key ESC50_007U0028
LOG (compute-mfcc-feats[5.2.137-9a6e1]:main():compute-mfcc-feats.cc:172) Processed 310 utterances
VLOG[2] (compute-mfcc-feats[5.2.137-9a6e1]:main():compute-mfcc-feats.cc:173) Processed features for key ESC50_007U0029
VLOG[2] (compute-mfcc-feats[5.2.137-9a6e1]:main():compute-mfcc-feats.cc:173) Processed features for key ESC50_007U0030
VLOG[2] (compute-mfcc-feats[5.2.137-9a6e1]:main():compute-mfcc-feats.cc:173) Processed features for key ESC50_007U0031
VLOG[2] (compute-mfcc-feats[5.2.137-9a6e1]:main():compute-mfcc-feats.cc:173) Processed features for key ESC50_007U0032
VLOG[2] (compute-mfcc-feats[5.2.137-9a6e1]:main():compute-mfcc-feats.cc:173) Processed features for key ESC50_007U0033
VLOG[2] (compute-mfcc-feats[5.2.137-9a6e1]:main():compute-mfcc-feats.cc:173) Processed features for key ESC50_007U0034
VLOG[2] (compute-mfcc-feats[5.2.137-9a6e1]:main():compute-mfcc-feats.cc:173) Processed features for key ESC50_007U0035
VLOG[2] (compute-mfcc-feats[5.2.137-9a6e1]:main():compute-mfcc-feats.cc:173) Processed features for key ESC50_007U0036
VLOG[2] (compute-mfcc-feats[5.2.137-9a6e1]:main():compute-mfcc-feats.cc:173) Processed features for key ESC50_007U0037
VLOG[2] (compute-mfcc-feats[5.2.137-9a6e1]:main():compute-mfcc-feats.cc:173) Processed features for key ESC50_007U0038
LOG (compute-mfcc-feats[5.2.137-9a6e1]:main():compute-mfcc-feats.cc:172) Processed 320 utterances
VLOG[2] (compute-mfcc-feats[5.2.137-9a6e1]:main():compute-mfcc-feats.cc:173) Processed features for key ESC50_007U0039
VLOG[2] (compute-mfcc-feats[5.2.137-9a6e1]:main():compute-mfcc-feats.cc:173) Processed features for key ESC50_008U0000
VLOG[2] (compute-mfcc-feats[5.2.137-9a6e1]:main():compute-mfcc-feats.cc:173) Processed features for key ESC50_008U0001
VLOG[2] (compute-mfcc-feats[5.2.137-9a6e1]:main():compute-mfcc-feats.cc:173) Processed features for key ESC50_008U0002
VLOG[2] (compute-mfcc-feats[5.2.137-9a6e1]:main():compute-mfcc-feats.cc:173) Processed features for key ESC50_008U0003
VLOG[2] (compute-mfcc-feats[5.2.137-9a6e1]:main():compute-mfcc-feats.cc:173) Processed features for key ESC50_008U0004
VLOG[2] (compute-mfcc-feats[5.2.137-9a6e1]:main():compute-mfcc-feats.cc:173) Processed features for key ESC50_008U0005
VLOG[2] (compute-mfcc-feats[5.2.137-9a6e1]:main():compute-mfcc-feats.cc:173) Processed features for key ESC50_008U0006
VLOG[2] (compute-mfcc-feats[5.2.137-9a6e1]:main():compute-mfcc-feats.cc:173) Processed features for key ESC50_008U0007
VLOG[2] (compute-mfcc-feats[5.2.137-9a6e1]:main():compute-mfcc-feats.cc:173) Processed features for key ESC50_008U0008
LOG (compute-mfcc-feats[5.2.137-9a6e1]:main():compute-mfcc-feats.cc:172) Processed 330 utterances
VLOG[2] (compute-mfcc-feats[5.2.137-9a6e1]:main():compute-mfcc-feats.cc:173) Processed features for key ESC50_008U0009
VLOG[2] (compute-mfcc-feats[5.2.137-9a6e1]:main():compute-mfcc-feats.cc:173) Processed features for key ESC50_008U0010
VLOG[2] (compute-mfcc-feats[5.2.137-9a6e1]:main():compute-mfcc-feats.cc:173) Processed features for key ESC50_008U0011
VLOG[2] (compute-mfcc-feats[5.2.137-9a6e1]:main():compute-mfcc-feats.cc:173) Processed features for key ESC50_008U0012
VLOG[2] (compute-mfcc-feats[5.2.137-9a6e1]:main():compute-mfcc-feats.cc:173) Processed features for key ESC50_008U0013
VLOG[2] (compute-mfcc-feats[5.2.137-9a6e1]:main():compute-mfcc-feats.cc:173) Processed features for key ESC50_008U0014
VLOG[2] (compute-mfcc-feats[5.2.137-9a6e1]:main():compute-mfcc-feats.cc:173) Processed features for key ESC50_008U0015
VLOG[2] (compute-mfcc-feats[5.2.137-9a6e1]:main():compute-mfcc-feats.cc:173) Processed features for key ESC50_008U0016
VLOG[2] (compute-mfcc-feats[5.2.137-9a6e1]:main():compute-mfcc-feats.cc:173) Processed features for key ESC50_008U0017
VLOG[2] (compute-mfcc-feats[5.2.137-9a6e1]:main():compute-mfcc-feats.cc:173) Processed features for key ESC50_008U0018
LOG (compute-mfcc-feats[5.2.137-9a6e1]:main():compute-mfcc-feats.cc:172) Processed 340 utterances
VLOG[2] (compute-mfcc-feats[5.2.137-9a6e1]:main():compute-mfcc-feats.cc:173) Processed features for key ESC50_008U0019
VLOG[2] (compute-mfcc-feats[5.2.137-9a6e1]:main():compute-mfcc-feats.cc:173) Processed features for key ESC50_008U0020
VLOG[2] (compute-mfcc-feats[5.2.137-9a6e1]:main():compute-mfcc-feats.cc:173) Processed features for key ESC50_008U0021
VLOG[2] (compute-mfcc-feats[5.2.137-9a6e1]:main():compute-mfcc-feats.cc:173) Processed features for key ESC50_008U0022
VLOG[2] (compute-mfcc-feats[5.2.137-9a6e1]:main():compute-mfcc-feats.cc:173) Processed features for key ESC50_008U0023
VLOG[2] (compute-mfcc-feats[5.2.137-9a6e1]:main():compute-mfcc-feats.cc:173) Processed features for key ESC50_008U0024
VLOG[2] (compute-mfcc-feats[5.2.137-9a6e1]:main():compute-mfcc-feats.cc:173) Processed features for key ESC50_008U0025
VLOG[2] (compute-mfcc-feats[5.2.137-9a6e1]:main():compute-mfcc-feats.cc:173) Processed features for key ESC50_008U0026
VLOG[2] (compute-mfcc-feats[5.2.137-9a6e1]:main():compute-mfcc-feats.cc:173) Processed features for key ESC50_008U0027
VLOG[2] (compute-mfcc-feats[5.2.137-9a6e1]:main():compute-mfcc-feats.cc:173) Processed features for key ESC50_008U0028
LOG (compute-mfcc-feats[5.2.137-9a6e1]:main():compute-mfcc-feats.cc:172) Processed 350 utterances
VLOG[2] (compute-mfcc-feats[5.2.137-9a6e1]:main():compute-mfcc-feats.cc:173) Processed features for key ESC50_008U0029
VLOG[2] (compute-mfcc-feats[5.2.137-9a6e1]:main():compute-mfcc-feats.cc:173) Processed features for key ESC50_008U0030
VLOG[2] (compute-mfcc-feats[5.2.137-9a6e1]:main():compute-mfcc-feats.cc:173) Processed features for key ESC50_008U0031
VLOG[2] (compute-mfcc-feats[5.2.137-9a6e1]:main():compute-mfcc-feats.cc:173) Processed features for key ESC50_008U0032
VLOG[2] (compute-mfcc-feats[5.2.137-9a6e1]:main():compute-mfcc-feats.cc:173) Processed features for key ESC50_008U0033
VLOG[2] (compute-mfcc-feats[5.2.137-9a6e1]:main():compute-mfcc-feats.cc:173) Processed features for key ESC50_008U0034
VLOG[2] (compute-mfcc-feats[5.2.137-9a6e1]:main():compute-mfcc-feats.cc:173) Processed features for key ESC50_008U0035
VLOG[2] (compute-mfcc-feats[5.2.137-9a6e1]:main():compute-mfcc-feats.cc:173) Processed features for key ESC50_008U0036
VLOG[2] (compute-mfcc-feats[5.2.137-9a6e1]:main():compute-mfcc-feats.cc:173) Processed features for key ESC50_008U0037
VLOG[2] (compute-mfcc-feats[5.2.137-9a6e1]:main():compute-mfcc-feats.cc:173) Processed features for key ESC50_008U0038
LOG (compute-mfcc-feats[5.2.137-9a6e1]:main():compute-mfcc-feats.cc:172) Processed 360 utterances
VLOG[2] (compute-mfcc-feats[5.2.137-9a6e1]:main():compute-mfcc-feats.cc:173) Processed features for key ESC50_008U0039
VLOG[2] (compute-mfcc-feats[5.2.137-9a6e1]:main():compute-mfcc-feats.cc:173) Processed features for key ESC50_009U0000
VLOG[2] (compute-mfcc-feats[5.2.137-9a6e1]:main():compute-mfcc-feats.cc:173) Processed features for key ESC50_009U0001
VLOG[2] (compute-mfcc-feats[5.2.137-9a6e1]:main():compute-mfcc-feats.cc:173) Processed features for key ESC50_009U0002
VLOG[2] (compute-mfcc-feats[5.2.137-9a6e1]:main():compute-mfcc-feats.cc:173) Processed features for key ESC50_009U0003
VLOG[2] (compute-mfcc-feats[5.2.137-9a6e1]:main():compute-mfcc-feats.cc:173) Processed features for key ESC50_009U0004
VLOG[2] (compute-mfcc-feats[5.2.137-9a6e1]:main():compute-mfcc-feats.cc:173) Processed features for key ESC50_009U0005
VLOG[2] (compute-mfcc-feats[5.2.137-9a6e1]:main():compute-mfcc-feats.cc:173) Processed features for key ESC50_009U0006
VLOG[2] (compute-mfcc-feats[5.2.137-9a6e1]:main():compute-mfcc-feats.cc:173) Processed features for key ESC50_009U0007
VLOG[2] (compute-mfcc-feats[5.2.137-9a6e1]:main():compute-mfcc-feats.cc:173) Processed features for key ESC50_009U0008
LOG (compute-mfcc-feats[5.2.137-9a6e1]:main():compute-mfcc-feats.cc:172) Processed 370 utterances
VLOG[2] (compute-mfcc-feats[5.2.137-9a6e1]:main():compute-mfcc-feats.cc:173) Processed features for key ESC50_009U0009
VLOG[2] (compute-mfcc-feats[5.2.137-9a6e1]:main():compute-mfcc-feats.cc:173) Processed features for key ESC50_009U0010
VLOG[2] (compute-mfcc-feats[5.2.137-9a6e1]:main():compute-mfcc-feats.cc:173) Processed features for key ESC50_009U0011
VLOG[2] (compute-mfcc-feats[5.2.137-9a6e1]:main():compute-mfcc-feats.cc:173) Processed features for key ESC50_009U0012
VLOG[2] (compute-mfcc-feats[5.2.137-9a6e1]:main():compute-mfcc-feats.cc:173) Processed features for key ESC50_009U0013
VLOG[2] (compute-mfcc-feats[5.2.137-9a6e1]:main():compute-mfcc-feats.cc:173) Processed features for key ESC50_009U0014
VLOG[2] (compute-mfcc-feats[5.2.137-9a6e1]:main():compute-mfcc-feats.cc:173) Processed features for key ESC50_009U0015
VLOG[2] (compute-mfcc-feats[5.2.137-9a6e1]:main():compute-mfcc-feats.cc:173) Processed features for key ESC50_009U0016
VLOG[2] (compute-mfcc-feats[5.2.137-9a6e1]:main():compute-mfcc-feats.cc:173) Processed features for key ESC50_009U0017
VLOG[2] (compute-mfcc-feats[5.2.137-9a6e1]:main():compute-mfcc-feats.cc:173) Processed features for key ESC50_009U0018
LOG (compute-mfcc-feats[5.2.137-9a6e1]:main():compute-mfcc-feats.cc:172) Processed 380 utterances
VLOG[2] (compute-mfcc-feats[5.2.137-9a6e1]:main():compute-mfcc-feats.cc:173) Processed features for key ESC50_009U0019
VLOG[2] (compute-mfcc-feats[5.2.137-9a6e1]:main():compute-mfcc-feats.cc:173) Processed features for key ESC50_009U0020
VLOG[2] (compute-mfcc-feats[5.2.137-9a6e1]:main():compute-mfcc-feats.cc:173) Processed features for key ESC50_009U0021
VLOG[2] (compute-mfcc-feats[5.2.137-9a6e1]:main():compute-mfcc-feats.cc:173) Processed features for key ESC50_009U0022
VLOG[2] (compute-mfcc-feats[5.2.137-9a6e1]:main():compute-mfcc-feats.cc:173) Processed features for key ESC50_009U0023
VLOG[2] (compute-mfcc-feats[5.2.137-9a6e1]:main():compute-mfcc-feats.cc:173) Processed features for key ESC50_009U0024
VLOG[2] (compute-mfcc-feats[5.2.137-9a6e1]:main():compute-mfcc-feats.cc:173) Processed features for key ESC50_009U0025
VLOG[2] (compute-mfcc-feats[5.2.137-9a6e1]:main():compute-mfcc-feats.cc:173) Processed features for key ESC50_009U0026
VLOG[2] (compute-mfcc-feats[5.2.137-9a6e1]:main():compute-mfcc-feats.cc:173) Processed features for key ESC50_009U0027
VLOG[2] (compute-mfcc-feats[5.2.137-9a6e1]:main():compute-mfcc-feats.cc:173) Processed features for key ESC50_009U0028
LOG (compute-mfcc-feats[5.2.137-9a6e1]:main():compute-mfcc-feats.cc:172) Processed 390 utterances
VLOG[2] (compute-mfcc-feats[5.2.137-9a6e1]:main():compute-mfcc-feats.cc:173) Processed features for key ESC50_009U0029
VLOG[2] (compute-mfcc-feats[5.2.137-9a6e1]:main():compute-mfcc-feats.cc:173) Processed features for key ESC50_009U0030
VLOG[2] (compute-mfcc-feats[5.2.137-9a6e1]:main():compute-mfcc-feats.cc:173) Processed features for key ESC50_009U0031
VLOG[2] (compute-mfcc-feats[5.2.137-9a6e1]:main():compute-mfcc-feats.cc:173) Processed features for key ESC50_009U0032
VLOG[2] (compute-mfcc-feats[5.2.137-9a6e1]:main():compute-mfcc-feats.cc:173) Processed features for key ESC50_009U0033
VLOG[2] (compute-mfcc-feats[5.2.137-9a6e1]:main():compute-mfcc-feats.cc:173) Processed features for key ESC50_009U0034
VLOG[2] (compute-mfcc-feats[5.2.137-9a6e1]:main():compute-mfcc-feats.cc:173) Processed features for key ESC50_009U0035
VLOG[2] (compute-mfcc-feats[5.2.137-9a6e1]:main():compute-mfcc-feats.cc:173) Processed features for key ESC50_009U0036
VLOG[2] (compute-mfcc-feats[5.2.137-9a6e1]:main():compute-mfcc-feats.cc:173) Processed features for key ESC50_009U0037
VLOG[2] (compute-mfcc-feats[5.2.137-9a6e1]:main():compute-mfcc-feats.cc:173) Processed features for key ESC50_009U0038
LOG (compute-mfcc-feats[5.2.137-9a6e1]:main():compute-mfcc-feats.cc:172) Processed 400 utterances
VLOG[2] (compute-mfcc-feats[5.2.137-9a6e1]:main():compute-mfcc-feats.cc:173) Processed features for key ESC50_009U0039
VLOG[2] (compute-mfcc-feats[5.2.137-9a6e1]:main():compute-mfcc-feats.cc:173) Processed features for key ESC50_010U0000
VLOG[2] (compute-mfcc-feats[5.2.137-9a6e1]:main():compute-mfcc-feats.cc:173) Processed features for key ESC50_010U0001
VLOG[2] (compute-mfcc-feats[5.2.137-9a6e1]:main():compute-mfcc-feats.cc:173) Processed features for key ESC50_010U0002
VLOG[2] (compute-mfcc-feats[5.2.137-9a6e1]:main():compute-mfcc-feats.cc:173) Processed features for key ESC50_010U0003
VLOG[2] (compute-mfcc-feats[5.2.137-9a6e1]:main():compute-mfcc-feats.cc:173) Processed features for key ESC50_010U0004
VLOG[2] (compute-mfcc-feats[5.2.137-9a6e1]:main():compute-mfcc-feats.cc:173) Processed features for key ESC50_010U0005
VLOG[2] (compute-mfcc-feats[5.2.137-9a6e1]:main():compute-mfcc-feats.cc:173) Processed features for key ESC50_010U0006
VLOG[2] (compute-mfcc-feats[5.2.137-9a6e1]:main():compute-mfcc-feats.cc:173) Processed features for key ESC50_010U0007
VLOG[2] (compute-mfcc-feats[5.2.137-9a6e1]:main():compute-mfcc-feats.cc:173) Processed features for key ESC50_010U0008
LOG (compute-mfcc-feats[5.2.137-9a6e1]:main():compute-mfcc-feats.cc:172) Processed 410 utterances
VLOG[2] (compute-mfcc-feats[5.2.137-9a6e1]:main():compute-mfcc-feats.cc:173) Processed features for key ESC50_010U0009
VLOG[2] (compute-mfcc-feats[5.2.137-9a6e1]:main():compute-mfcc-feats.cc:173) Processed features for key ESC50_010U0010
VLOG[2] (compute-mfcc-feats[5.2.137-9a6e1]:main():compute-mfcc-feats.cc:173) Processed features for key ESC50_010U0011
VLOG[2] (compute-mfcc-feats[5.2.137-9a6e1]:main():compute-mfcc-feats.cc:173) Processed features for key ESC50_010U0012
VLOG[2] (compute-mfcc-feats[5.2.137-9a6e1]:main():compute-mfcc-feats.cc:173) Processed features for key ESC50_010U0013
VLOG[2] (compute-mfcc-feats[5.2.137-9a6e1]:main():compute-mfcc-feats.cc:173) Processed features for key ESC50_010U0014
VLOG[2] (compute-mfcc-feats[5.2.137-9a6e1]:main():compute-mfcc-feats.cc:173) Processed features for key ESC50_010U0015
VLOG[2] (compute-mfcc-feats[5.2.137-9a6e1]:main():compute-mfcc-feats.cc:173) Processed features for key ESC50_010U0016
VLOG[2] (compute-mfcc-feats[5.2.137-9a6e1]:main():compute-mfcc-feats.cc:173) Processed features for key ESC50_010U0017
VLOG[2] (compute-mfcc-feats[5.2.137-9a6e1]:main():compute-mfcc-feats.cc:173) Processed features for key ESC50_010U0018
LOG (compute-mfcc-feats[5.2.137-9a6e1]:main():compute-mfcc-feats.cc:172) Processed 420 utterances
VLOG[2] (compute-mfcc-feats[5.2.137-9a6e1]:main():compute-mfcc-feats.cc:173) Processed features for key ESC50_010U0019
VLOG[2] (compute-mfcc-feats[5.2.137-9a6e1]:main():compute-mfcc-feats.cc:173) Processed features for key ESC50_010U0020
VLOG[2] (compute-mfcc-feats[5.2.137-9a6e1]:main():compute-mfcc-feats.cc:173) Processed features for key ESC50_010U0021
VLOG[2] (compute-mfcc-feats[5.2.137-9a6e1]:main():compute-mfcc-feats.cc:173) Processed features for key ESC50_010U0022
VLOG[2] (compute-mfcc-feats[5.2.137-9a6e1]:main():compute-mfcc-feats.cc:173) Processed features for key ESC50_010U0023
VLOG[2] (compute-mfcc-feats[5.2.137-9a6e1]:main():compute-mfcc-feats.cc:173) Processed features for key ESC50_010U0024
VLOG[2] (compute-mfcc-feats[5.2.137-9a6e1]:main():compute-mfcc-feats.cc:173) Processed features for key ESC50_010U0025
VLOG[2] (compute-mfcc-feats[5.2.137-9a6e1]:main():compute-mfcc-feats.cc:173) Processed features for key ESC50_010U0026
VLOG[2] (compute-mfcc-feats[5.2.137-9a6e1]:main():compute-mfcc-feats.cc:173) Processed features for key ESC50_010U0027
VLOG[2] (compute-mfcc-feats[5.2.137-9a6e1]:main():compute-mfcc-feats.cc:173) Processed features for key ESC50_010U0028
LOG (compute-mfcc-feats[5.2.137-9a6e1]:main():compute-mfcc-feats.cc:172) Processed 430 utterances
VLOG[2] (compute-mfcc-feats[5.2.137-9a6e1]:main():compute-mfcc-feats.cc:173) Processed features for key ESC50_010U0029
VLOG[2] (compute-mfcc-feats[5.2.137-9a6e1]:main():compute-mfcc-feats.cc:173) Processed features for key ESC50_010U0030
VLOG[2] (compute-mfcc-feats[5.2.137-9a6e1]:main():compute-mfcc-feats.cc:173) Processed features for key ESC50_010U0031
VLOG[2] (compute-mfcc-feats[5.2.137-9a6e1]:main():compute-mfcc-feats.cc:173) Processed features for key ESC50_010U0032
VLOG[2] (compute-mfcc-feats[5.2.137-9a6e1]:main():compute-mfcc-feats.cc:173) Processed features for key ESC50_010U0033
VLOG[2] (compute-mfcc-feats[5.2.137-9a6e1]:main():compute-mfcc-feats.cc:173) Processed features for key ESC50_010U0034
VLOG[2] (compute-mfcc-feats[5.2.137-9a6e1]:main():compute-mfcc-feats.cc:173) Processed features for key ESC50_010U0035
VLOG[2] (compute-mfcc-feats[5.2.137-9a6e1]:main():compute-mfcc-feats.cc:173) Processed features for key ESC50_010U0036
VLOG[2] (compute-mfcc-feats[5.2.137-9a6e1]:main():compute-mfcc-feats.cc:173) Processed features for key ESC50_010U0037
VLOG[2] (compute-mfcc-feats[5.2.137-9a6e1]:main():compute-mfcc-feats.cc:173) Processed features for key ESC50_010U0038
LOG (compute-mfcc-feats[5.2.137-9a6e1]:main():compute-mfcc-feats.cc:172) Processed 440 utterances
VLOG[2] (compute-mfcc-feats[5.2.137-9a6e1]:main():compute-mfcc-feats.cc:173) Processed features for key ESC50_010U0039
VLOG[2] (compute-mfcc-feats[5.2.137-9a6e1]:main():compute-mfcc-feats.cc:173) Processed features for key ESC50_011U0000
VLOG[2] (compute-mfcc-feats[5.2.137-9a6e1]:main():compute-mfcc-feats.cc:173) Processed features for key ESC50_011U0001
VLOG[2] (compute-mfcc-feats[5.2.137-9a6e1]:main():compute-mfcc-feats.cc:173) Processed features for key ESC50_011U0002
VLOG[2] (compute-mfcc-feats[5.2.137-9a6e1]:main():compute-mfcc-feats.cc:173) Processed features for key ESC50_011U0003
VLOG[2] (compute-mfcc-feats[5.2.137-9a6e1]:main():compute-mfcc-feats.cc:173) Processed features for key ESC50_011U0004
VLOG[2] (compute-mfcc-feats[5.2.137-9a6e1]:main():compute-mfcc-feats.cc:173) Processed features for key ESC50_011U0005
VLOG[2] (compute-mfcc-feats[5.2.137-9a6e1]:main():compute-mfcc-feats.cc:173) Processed features for key ESC50_011U0006
VLOG[2] (compute-mfcc-feats[5.2.137-9a6e1]:main():compute-mfcc-feats.cc:173) Processed features for key ESC50_011U0007
VLOG[2] (compute-mfcc-feats[5.2.137-9a6e1]:main():compute-mfcc-feats.cc:173) Processed features for key ESC50_011U0008
LOG (compute-mfcc-feats[5.2.137-9a6e1]:main():compute-mfcc-feats.cc:172) Processed 450 utterances
VLOG[2] (compute-mfcc-feats[5.2.137-9a6e1]:main():compute-mfcc-feats.cc:173) Processed features for key ESC50_011U0009
VLOG[2] (compute-mfcc-feats[5.2.137-9a6e1]:main():compute-mfcc-feats.cc:173) Processed features for key ESC50_011U0010
VLOG[2] (compute-mfcc-feats[5.2.137-9a6e1]:main():compute-mfcc-feats.cc:173) Processed features for key ESC50_011U0011
VLOG[2] (compute-mfcc-feats[5.2.137-9a6e1]:main():compute-mfcc-feats.cc:173) Processed features for key ESC50_011U0012
VLOG[2] (compute-mfcc-feats[5.2.137-9a6e1]:main():compute-mfcc-feats.cc:173) Processed features for key ESC50_011U0013
VLOG[2] (compute-mfcc-feats[5.2.137-9a6e1]:main():compute-mfcc-feats.cc:173) Processed features for key ESC50_011U0014
VLOG[2] (compute-mfcc-feats[5.2.137-9a6e1]:main():compute-mfcc-feats.cc:173) Processed features for key ESC50_011U0015
VLOG[2] (compute-mfcc-feats[5.2.137-9a6e1]:main():compute-mfcc-feats.cc:173) Processed features for key ESC50_011U0016
VLOG[2] (compute-mfcc-feats[5.2.137-9a6e1]:main():compute-mfcc-feats.cc:173) Processed features for key ESC50_011U0017
VLOG[2] (compute-mfcc-feats[5.2.137-9a6e1]:main():compute-mfcc-feats.cc:173) Processed features for key ESC50_011U0018
LOG (compute-mfcc-feats[5.2.137-9a6e1]:main():compute-mfcc-feats.cc:172) Processed 460 utterances
VLOG[2] (compute-mfcc-feats[5.2.137-9a6e1]:main():compute-mfcc-feats.cc:173) Processed features for key ESC50_011U0019
VLOG[2] (compute-mfcc-feats[5.2.137-9a6e1]:main():compute-mfcc-feats.cc:173) Processed features for key ESC50_011U0020
VLOG[2] (compute-mfcc-feats[5.2.137-9a6e1]:main():compute-mfcc-feats.cc:173) Processed features for key ESC50_011U0021
VLOG[2] (compute-mfcc-feats[5.2.137-9a6e1]:main():compute-mfcc-feats.cc:173) Processed features for key ESC50_011U0022
VLOG[2] (compute-mfcc-feats[5.2.137-9a6e1]:main():compute-mfcc-feats.cc:173) Processed features for key ESC50_011U0023
VLOG[2] (compute-mfcc-feats[5.2.137-9a6e1]:main():compute-mfcc-feats.cc:173) Processed features for key ESC50_011U0024
VLOG[2] (compute-mfcc-feats[5.2.137-9a6e1]:main():compute-mfcc-feats.cc:173) Processed features for key ESC50_011U0025
VLOG[2] (compute-mfcc-feats[5.2.137-9a6e1]:main():compute-mfcc-feats.cc:173) Processed features for key ESC50_011U0026
VLOG[2] (compute-mfcc-feats[5.2.137-9a6e1]:main():compute-mfcc-feats.cc:173) Processed features for key ESC50_011U0027
VLOG[2] (compute-mfcc-feats[5.2.137-9a6e1]:main():compute-mfcc-feats.cc:173) Processed features for key ESC50_011U0028
LOG (compute-mfcc-feats[5.2.137-9a6e1]:main():compute-mfcc-feats.cc:172) Processed 470 utterances
VLOG[2] (compute-mfcc-feats[5.2.137-9a6e1]:main():compute-mfcc-feats.cc:173) Processed features for key ESC50_011U0029
VLOG[2] (compute-mfcc-feats[5.2.137-9a6e1]:main():compute-mfcc-feats.cc:173) Processed features for key ESC50_011U0030
VLOG[2] (compute-mfcc-feats[5.2.137-9a6e1]:main():compute-mfcc-feats.cc:173) Processed features for key ESC50_011U0031
VLOG[2] (compute-mfcc-feats[5.2.137-9a6e1]:main():compute-mfcc-feats.cc:173) Processed features for key ESC50_011U0032
VLOG[2] (compute-mfcc-feats[5.2.137-9a6e1]:main():compute-mfcc-feats.cc:173) Processed features for key ESC50_011U0033
VLOG[2] (compute-mfcc-feats[5.2.137-9a6e1]:main():compute-mfcc-feats.cc:173) Processed features for key ESC50_011U0034
VLOG[2] (compute-mfcc-feats[5.2.137-9a6e1]:main():compute-mfcc-feats.cc:173) Processed features for key ESC50_011U0035
VLOG[2] (compute-mfcc-feats[5.2.137-9a6e1]:main():compute-mfcc-feats.cc:173) Processed features for key ESC50_011U0036
VLOG[2] (compute-mfcc-feats[5.2.137-9a6e1]:main():compute-mfcc-feats.cc:173) Processed features for key ESC50_011U0037
VLOG[2] (compute-mfcc-feats[5.2.137-9a6e1]:main():compute-mfcc-feats.cc:173) Processed features for key ESC50_011U0038
LOG (compute-mfcc-feats[5.2.137-9a6e1]:main():compute-mfcc-feats.cc:172) Processed 480 utterances
VLOG[2] (compute-mfcc-feats[5.2.137-9a6e1]:main():compute-mfcc-feats.cc:173) Processed features for key ESC50_011U0039
VLOG[2] (compute-mfcc-feats[5.2.137-9a6e1]:main():compute-mfcc-feats.cc:173) Processed features for key ESC50_012U0000
VLOG[2] (compute-mfcc-feats[5.2.137-9a6e1]:main():compute-mfcc-feats.cc:173) Processed features for key ESC50_012U0001
VLOG[2] (compute-mfcc-feats[5.2.137-9a6e1]:main():compute-mfcc-feats.cc:173) Processed features for key ESC50_012U0002
VLOG[2] (compute-mfcc-feats[5.2.137-9a6e1]:main():compute-mfcc-feats.cc:173) Processed features for key ESC50_012U0003
VLOG[2] (compute-mfcc-feats[5.2.137-9a6e1]:main():compute-mfcc-feats.cc:173) Processed features for key ESC50_012U0004
VLOG[2] (compute-mfcc-feats[5.2.137-9a6e1]:main():compute-mfcc-feats.cc:173) Processed features for key ESC50_012U0005
VLOG[2] (compute-mfcc-feats[5.2.137-9a6e1]:main():compute-mfcc-feats.cc:173) Processed features for key ESC50_012U0006
VLOG[2] (compute-mfcc-feats[5.2.137-9a6e1]:main():compute-mfcc-feats.cc:173) Processed features for key ESC50_012U0007
VLOG[2] (compute-mfcc-feats[5.2.137-9a6e1]:main():compute-mfcc-feats.cc:173) Processed features for key ESC50_012U0008
LOG (compute-mfcc-feats[5.2.137-9a6e1]:main():compute-mfcc-feats.cc:172) Processed 490 utterances
VLOG[2] (compute-mfcc-feats[5.2.137-9a6e1]:main():compute-mfcc-feats.cc:173) Processed features for key ESC50_012U0009
VLOG[2] (compute-mfcc-feats[5.2.137-9a6e1]:main():compute-mfcc-feats.cc:173) Processed features for key ESC50_012U0010
VLOG[2] (compute-mfcc-feats[5.2.137-9a6e1]:main():compute-mfcc-feats.cc:173) Processed features for key ESC50_012U0011
VLOG[2] (compute-mfcc-feats[5.2.137-9a6e1]:main():compute-mfcc-feats.cc:173) Processed features for key ESC50_012U0012
VLOG[2] (compute-mfcc-feats[5.2.137-9a6e1]:main():compute-mfcc-feats.cc:173) Processed features for key ESC50_012U0013
VLOG[2] (compute-mfcc-feats[5.2.137-9a6e1]:main():compute-mfcc-feats.cc:173) Processed features for key ESC50_012U0014
VLOG[2] (compute-mfcc-feats[5.2.137-9a6e1]:main():compute-mfcc-feats.cc:173) Processed features for key ESC50_012U0015
VLOG[2] (compute-mfcc-feats[5.2.137-9a6e1]:main():compute-mfcc-feats.cc:173) Processed features for key ESC50_012U0016
VLOG[2] (compute-mfcc-feats[5.2.137-9a6e1]:main():compute-mfcc-feats.cc:173) Processed features for key ESC50_012U0017
VLOG[2] (compute-mfcc-feats[5.2.137-9a6e1]:main():compute-mfcc-feats.cc:173) Processed features for key ESC50_012U0018
LOG (compute-mfcc-feats[5.2.137-9a6e1]:main():compute-mfcc-feats.cc:172) Processed 500 utterances
VLOG[2] (compute-mfcc-feats[5.2.137-9a6e1]:main():compute-mfcc-feats.cc:173) Processed features for key ESC50_012U0019
LOG (compute-mfcc-feats[5.2.137-9a6e1]:main():compute-mfcc-feats.cc:176)  Done 500 out of 500 utterances.
LOG (copy-feats[5.2.137-9a6e1]:main():copy-feats.cc:143) Copied 500 feature matrices.
# Accounting: time=56 threads=1
# Ended (code 0) at Mon Jan  1 17:00:43 CST 2018, elapsed time 56 seconds
