# compute-mfcc-feats --verbose=2 --config=conf/mfcc.conf scp,p:exp/make_mfcc/wav_files_ESC10.1.scp ark:- | copy-feats --compress=true ark:- ark,scp:/home/lj/work/project/2017-11-24/Module/tools/../mfcc_ESC10/raw_mfcc_files_ESC10.1.ark,/home/lj/work/project/2017-11-24/Module/tools/../mfcc_ESC10/raw_mfcc_files_ESC10.1.scp 
# Started at Mon Jan  1 16:49:11 CST 2018
#
copy-feats --compress=true ark:- ark,scp:/home/lj/work/project/2017-11-24/Module/tools/../mfcc_ESC10/raw_mfcc_files_ESC10.1.ark,/home/lj/work/project/2017-11-24/Module/tools/../mfcc_ESC10/raw_mfcc_files_ESC10.1.scp 
compute-mfcc-feats --verbose=2 --config=conf/mfcc.conf scp,p:exp/make_mfcc/wav_files_ESC10.1.scp ark:- 
VLOG[2] (compute-mfcc-feats[5.2.137-9a6e1]:main():compute-mfcc-feats.cc:173) Processed features for key ESC10_000U0000
VLOG[2] (compute-mfcc-feats[5.2.137-9a6e1]:main():compute-mfcc-feats.cc:173) Processed features for key ESC10_000U0001
VLOG[2] (compute-mfcc-feats[5.2.137-9a6e1]:main():compute-mfcc-feats.cc:173) Processed features for key ESC10_000U0002
VLOG[2] (compute-mfcc-feats[5.2.137-9a6e1]:main():compute-mfcc-feats.cc:173) Processed features for key ESC10_000U0003
VLOG[2] (compute-mfcc-feats[5.2.137-9a6e1]:main():compute-mfcc-feats.cc:173) Processed features for key ESC10_000U0004
VLOG[2] (compute-mfcc-feats[5.2.137-9a6e1]:main():compute-mfcc-feats.cc:173) Processed features for key ESC10_000U0005
VLOG[2] (compute-mfcc-feats[5.2.137-9a6e1]:main():compute-mfcc-feats.cc:173) Processed features for key ESC10_000U0006
VLOG[2] (compute-mfcc-feats[5.2.137-9a6e1]:main():compute-mfcc-feats.cc:173) Processed features for key ESC10_000U0007
VLOG[2] (compute-mfcc-feats[5.2.137-9a6e1]:main():compute-mfcc-feats.cc:173) Processed features for key ESC10_000U0008
LOG (compute-mfcc-feats[5.2.137-9a6e1]:main():compute-mfcc-feats.cc:172) Processed 10 utterances
VLOG[2] (compute-mfcc-feats[5.2.137-9a6e1]:main():compute-mfcc-feats.cc:173) Processed features for key ESC10_000U0009
VLOG[2] (compute-mfcc-feats[5.2.137-9a6e1]:main():compute-mfcc-feats.cc:173) Processed features for key ESC10_000U0010
VLOG[2] (compute-mfcc-feats[5.2.137-9a6e1]:main():compute-mfcc-feats.cc:173) Processed features for key ESC10_000U0011
VLOG[2] (compute-mfcc-feats[5.2.137-9a6e1]:main():compute-mfcc-feats.cc:173) Processed features for key ESC10_000U0012
VLOG[2] (compute-mfcc-feats[5.2.137-9a6e1]:main():compute-mfcc-feats.cc:173) Processed features for key ESC10_000U0013
VLOG[2] (compute-mfcc-feats[5.2.137-9a6e1]:main():compute-mfcc-feats.cc:173) Processed features for key ESC10_000U0014
VLOG[2] (compute-mfcc-feats[5.2.137-9a6e1]:main():compute-mfcc-feats.cc:173) Processed features for key ESC10_000U0015
VLOG[2] (compute-mfcc-feats[5.2.137-9a6e1]:main():compute-mfcc-feats.cc:173) Processed features for key ESC10_000U0016
VLOG[2] (compute-mfcc-feats[5.2.137-9a6e1]:main():compute-mfcc-feats.cc:173) Processed features for key ESC10_000U0017
VLOG[2] (compute-mfcc-feats[5.2.137-9a6e1]:main():compute-mfcc-feats.cc:173) Processed features for key ESC10_000U0018
LOG (compute-mfcc-feats[5.2.137-9a6e1]:main():compute-mfcc-feats.cc:172) Processed 20 utterances
VLOG[2] (compute-mfcc-feats[5.2.137-9a6e1]:main():compute-mfcc-feats.cc:173) Processed features for key ESC10_000U0019
VLOG[2] (compute-mfcc-feats[5.2.137-9a6e1]:main():compute-mfcc-feats.cc:173) Processed features for key ESC10_000U0020
VLOG[2] (compute-mfcc-feats[5.2.137-9a6e1]:main():compute-mfcc-feats.cc:173) Processed features for key ESC10_000U0021
VLOG[2] (compute-mfcc-feats[5.2.137-9a6e1]:main():compute-mfcc-feats.cc:173) Processed features for key ESC10_000U0022
VLOG[2] (compute-mfcc-feats[5.2.137-9a6e1]:main():compute-mfcc-feats.cc:173) Processed features for key ESC10_000U0023
VLOG[2] (compute-mfcc-feats[5.2.137-9a6e1]:main():compute-mfcc-feats.cc:173) Processed features for key ESC10_000U0024
VLOG[2] (compute-mfcc-feats[5.2.137-9a6e1]:main():compute-mfcc-feats.cc:173) Processed features for key ESC10_000U0025
VLOG[2] (compute-mfcc-feats[5.2.137-9a6e1]:main():compute-mfcc-feats.cc:173) Processed features for key ESC10_000U0026
VLOG[2] (compute-mfcc-feats[5.2.137-9a6e1]:main():compute-mfcc-feats.cc:173) Processed features for key ESC10_000U0027
VLOG[2] (compute-mfcc-feats[5.2.137-9a6e1]:main():compute-mfcc-feats.cc:173) Processed features for key ESC10_000U0028
LOG (compute-mfcc-feats[5.2.137-9a6e1]:main():compute-mfcc-feats.cc:172) Processed 30 utterances
VLOG[2] (compute-mfcc-feats[5.2.137-9a6e1]:main():compute-mfcc-feats.cc:173) Processed features for key ESC10_000U0029
VLOG[2] (compute-mfcc-feats[5.2.137-9a6e1]:main():compute-mfcc-feats.cc:173) Processed features for key ESC10_000U0030
VLOG[2] (compute-mfcc-feats[5.2.137-9a6e1]:main():compute-mfcc-feats.cc:173) Processed features for key ESC10_000U0031
VLOG[2] (compute-mfcc-feats[5.2.137-9a6e1]:main():compute-mfcc-feats.cc:173) Processed features for key ESC10_000U0032
VLOG[2] (compute-mfcc-feats[5.2.137-9a6e1]:main():compute-mfcc-feats.cc:173) Processed features for key ESC10_000U0033
VLOG[2] (compute-mfcc-feats[5.2.137-9a6e1]:main():compute-mfcc-feats.cc:173) Processed features for key ESC10_000U0034
VLOG[2] (compute-mfcc-feats[5.2.137-9a6e1]:main():compute-mfcc-feats.cc:173) Processed features for key ESC10_000U0035
VLOG[2] (compute-mfcc-feats[5.2.137-9a6e1]:main():compute-mfcc-feats.cc:173) Processed features for key ESC10_000U0036
VLOG[2] (compute-mfcc-feats[5.2.137-9a6e1]:main():compute-mfcc-feats.cc:173) Processed features for key ESC10_000U0037
VLOG[2] (compute-mfcc-feats[5.2.137-9a6e1]:main():compute-mfcc-feats.cc:173) Processed features for key ESC10_000U0038
LOG (compute-mfcc-feats[5.2.137-9a6e1]:main():compute-mfcc-feats.cc:172) Processed 40 utterances
VLOG[2] (compute-mfcc-feats[5.2.137-9a6e1]:main():compute-mfcc-feats.cc:173) Processed features for key ESC10_000U0039
VLOG[2] (compute-mfcc-feats[5.2.137-9a6e1]:main():compute-mfcc-feats.cc:173) Processed features for key ESC10_001U0000
VLOG[2] (compute-mfcc-feats[5.2.137-9a6e1]:main():compute-mfcc-feats.cc:173) Processed features for key ESC10_001U0001
VLOG[2] (compute-mfcc-feats[5.2.137-9a6e1]:main():compute-mfcc-feats.cc:173) Processed features for key ESC10_001U0002
VLOG[2] (compute-mfcc-feats[5.2.137-9a6e1]:main():compute-mfcc-feats.cc:173) Processed features for key ESC10_001U0003
VLOG[2] (compute-mfcc-feats[5.2.137-9a6e1]:main():compute-mfcc-feats.cc:173) Processed features for key ESC10_001U0004
VLOG[2] (compute-mfcc-feats[5.2.137-9a6e1]:main():compute-mfcc-feats.cc:173) Processed features for key ESC10_001U0005
VLOG[2] (compute-mfcc-feats[5.2.137-9a6e1]:main():compute-mfcc-feats.cc:173) Processed features for key ESC10_001U0006
VLOG[2] (compute-mfcc-feats[5.2.137-9a6e1]:main():compute-mfcc-feats.cc:173) Processed features for key ESC10_001U0007
VLOG[2] (compute-mfcc-feats[5.2.137-9a6e1]:main():compute-mfcc-feats.cc:173) Processed features for key ESC10_001U0008
LOG (compute-mfcc-feats[5.2.137-9a6e1]:main():compute-mfcc-feats.cc:172) Processed 50 utterances
VLOG[2] (compute-mfcc-feats[5.2.137-9a6e1]:main():compute-mfcc-feats.cc:173) Processed features for key ESC10_001U0009
VLOG[2] (compute-mfcc-feats[5.2.137-9a6e1]:main():compute-mfcc-feats.cc:173) Processed features for key ESC10_001U0010
VLOG[2] (compute-mfcc-feats[5.2.137-9a6e1]:main():compute-mfcc-feats.cc:173) Processed features for key ESC10_001U0011
VLOG[2] (compute-mfcc-feats[5.2.137-9a6e1]:main():compute-mfcc-feats.cc:173) Processed features for key ESC10_001U0012
VLOG[2] (compute-mfcc-feats[5.2.137-9a6e1]:main():compute-mfcc-feats.cc:173) Processed features for key ESC10_001U0013
VLOG[2] (compute-mfcc-feats[5.2.137-9a6e1]:main():compute-mfcc-feats.cc:173) Processed features for key ESC10_001U0014
VLOG[2] (compute-mfcc-feats[5.2.137-9a6e1]:main():compute-mfcc-feats.cc:173) Processed features for key ESC10_001U0015
VLOG[2] (compute-mfcc-feats[5.2.137-9a6e1]:main():compute-mfcc-feats.cc:173) Processed features for key ESC10_001U0016
VLOG[2] (compute-mfcc-feats[5.2.137-9a6e1]:main():compute-mfcc-feats.cc:173) Processed features for key ESC10_001U0017
VLOG[2] (compute-mfcc-feats[5.2.137-9a6e1]:main():compute-mfcc-feats.cc:173) Processed features for key ESC10_001U0018
LOG (compute-mfcc-feats[5.2.137-9a6e1]:main():compute-mfcc-feats.cc:172) Processed 60 utterances
VLOG[2] (compute-mfcc-feats[5.2.137-9a6e1]:main():compute-mfcc-feats.cc:173) Processed features for key ESC10_001U0019
VLOG[2] (compute-mfcc-feats[5.2.137-9a6e1]:main():compute-mfcc-feats.cc:173) Processed features for key ESC10_001U0020
VLOG[2] (compute-mfcc-feats[5.2.137-9a6e1]:main():compute-mfcc-feats.cc:173) Processed features for key ESC10_001U0021
VLOG[2] (compute-mfcc-feats[5.2.137-9a6e1]:main():compute-mfcc-feats.cc:173) Processed features for key ESC10_001U0022
VLOG[2] (compute-mfcc-feats[5.2.137-9a6e1]:main():compute-mfcc-feats.cc:173) Processed features for key ESC10_001U0023
VLOG[2] (compute-mfcc-feats[5.2.137-9a6e1]:main():compute-mfcc-feats.cc:173) Processed features for key ESC10_001U0024
VLOG[2] (compute-mfcc-feats[5.2.137-9a6e1]:main():compute-mfcc-feats.cc:173) Processed features for key ESC10_001U0025
VLOG[2] (compute-mfcc-feats[5.2.137-9a6e1]:main():compute-mfcc-feats.cc:173) Processed features for key ESC10_001U0026
VLOG[2] (compute-mfcc-feats[5.2.137-9a6e1]:main():compute-mfcc-feats.cc:173) Processed features for key ESC10_001U0027
VLOG[2] (compute-mfcc-feats[5.2.137-9a6e1]:main():compute-mfcc-feats.cc:173) Processed features for key ESC10_001U0028
LOG (compute-mfcc-feats[5.2.137-9a6e1]:main():compute-mfcc-feats.cc:172) Processed 70 utterances
VLOG[2] (compute-mfcc-feats[5.2.137-9a6e1]:main():compute-mfcc-feats.cc:173) Processed features for key ESC10_001U0029
VLOG[2] (compute-mfcc-feats[5.2.137-9a6e1]:main():compute-mfcc-feats.cc:173) Processed features for key ESC10_001U0030
VLOG[2] (compute-mfcc-feats[5.2.137-9a6e1]:main():compute-mfcc-feats.cc:173) Processed features for key ESC10_001U0031
VLOG[2] (compute-mfcc-feats[5.2.137-9a6e1]:main():compute-mfcc-feats.cc:173) Processed features for key ESC10_001U0032
VLOG[2] (compute-mfcc-feats[5.2.137-9a6e1]:main():compute-mfcc-feats.cc:173) Processed features for key ESC10_001U0033
VLOG[2] (compute-mfcc-feats[5.2.137-9a6e1]:main():compute-mfcc-feats.cc:173) Processed features for key ESC10_001U0034
VLOG[2] (compute-mfcc-feats[5.2.137-9a6e1]:main():compute-mfcc-feats.cc:173) Processed features for key ESC10_001U0035
VLOG[2] (compute-mfcc-feats[5.2.137-9a6e1]:main():compute-mfcc-feats.cc:173) Processed features for key ESC10_001U0036
VLOG[2] (compute-mfcc-feats[5.2.137-9a6e1]:main():compute-mfcc-feats.cc:173) Processed features for key ESC10_001U0037
VLOG[2] (compute-mfcc-feats[5.2.137-9a6e1]:main():compute-mfcc-feats.cc:173) Processed features for key ESC10_001U0038
LOG (compute-mfcc-feats[5.2.137-9a6e1]:main():compute-mfcc-feats.cc:172) Processed 80 utterances
VLOG[2] (compute-mfcc-feats[5.2.137-9a6e1]:main():compute-mfcc-feats.cc:173) Processed features for key ESC10_001U0039
VLOG[2] (compute-mfcc-feats[5.2.137-9a6e1]:main():compute-mfcc-feats.cc:173) Processed features for key ESC10_002U0000
VLOG[2] (compute-mfcc-feats[5.2.137-9a6e1]:main():compute-mfcc-feats.cc:173) Processed features for key ESC10_002U0001
VLOG[2] (compute-mfcc-feats[5.2.137-9a6e1]:main():compute-mfcc-feats.cc:173) Processed features for key ESC10_002U0002
VLOG[2] (compute-mfcc-feats[5.2.137-9a6e1]:main():compute-mfcc-feats.cc:173) Processed features for key ESC10_002U0003
VLOG[2] (compute-mfcc-feats[5.2.137-9a6e1]:main():compute-mfcc-feats.cc:173) Processed features for key ESC10_002U0004
VLOG[2] (compute-mfcc-feats[5.2.137-9a6e1]:main():compute-mfcc-feats.cc:173) Processed features for key ESC10_002U0005
VLOG[2] (compute-mfcc-feats[5.2.137-9a6e1]:main():compute-mfcc-feats.cc:173) Processed features for key ESC10_002U0006
VLOG[2] (compute-mfcc-feats[5.2.137-9a6e1]:main():compute-mfcc-feats.cc:173) Processed features for key ESC10_002U0007
VLOG[2] (compute-mfcc-feats[5.2.137-9a6e1]:main():compute-mfcc-feats.cc:173) Processed features for key ESC10_002U0008
LOG (compute-mfcc-feats[5.2.137-9a6e1]:main():compute-mfcc-feats.cc:172) Processed 90 utterances
VLOG[2] (compute-mfcc-feats[5.2.137-9a6e1]:main():compute-mfcc-feats.cc:173) Processed features for key ESC10_002U0009
VLOG[2] (compute-mfcc-feats[5.2.137-9a6e1]:main():compute-mfcc-feats.cc:173) Processed features for key ESC10_002U0010
VLOG[2] (compute-mfcc-feats[5.2.137-9a6e1]:main():compute-mfcc-feats.cc:173) Processed features for key ESC10_002U0011
VLOG[2] (compute-mfcc-feats[5.2.137-9a6e1]:main():compute-mfcc-feats.cc:173) Processed features for key ESC10_002U0012
VLOG[2] (compute-mfcc-feats[5.2.137-9a6e1]:main():compute-mfcc-feats.cc:173) Processed features for key ESC10_002U0013
VLOG[2] (compute-mfcc-feats[5.2.137-9a6e1]:main():compute-mfcc-feats.cc:173) Processed features for key ESC10_002U0014
VLOG[2] (compute-mfcc-feats[5.2.137-9a6e1]:main():compute-mfcc-feats.cc:173) Processed features for key ESC10_002U0015
VLOG[2] (compute-mfcc-feats[5.2.137-9a6e1]:main():compute-mfcc-feats.cc:173) Processed features for key ESC10_002U0016
VLOG[2] (compute-mfcc-feats[5.2.137-9a6e1]:main():compute-mfcc-feats.cc:173) Processed features for key ESC10_002U0017
VLOG[2] (compute-mfcc-feats[5.2.137-9a6e1]:main():compute-mfcc-feats.cc:173) Processed features for key ESC10_002U0018
LOG (compute-mfcc-feats[5.2.137-9a6e1]:main():compute-mfcc-feats.cc:172) Processed 100 utterances
VLOG[2] (compute-mfcc-feats[5.2.137-9a6e1]:main():compute-mfcc-feats.cc:173) Processed features for key ESC10_002U0019
LOG (compute-mfcc-feats[5.2.137-9a6e1]:main():compute-mfcc-feats.cc:176)  Done 100 out of 100 utterances.
LOG (copy-feats[5.2.137-9a6e1]:main():copy-feats.cc:143) Copied 100 feature matrices.
# Accounting: time=12 threads=1
# Ended (code 0) at Mon Jan  1 16:49:23 CST 2018, elapsed time 12 seconds
