# compute-mfcc-feats --verbose=2 --config=conf/mfcc.conf scp,p:exp/make_mfcc/wav_files_ESC10.3.scp ark:- | copy-feats --compress=true ark:- ark,scp:/home/lj/work/project/2017-11-24/Module/tools/../mfcc_ESC10/raw_mfcc_files_ESC10.3.ark,/home/lj/work/project/2017-11-24/Module/tools/../mfcc_ESC10/raw_mfcc_files_ESC10.3.scp 
# Started at Mon Jan  1 16:49:11 CST 2018
#
copy-feats --compress=true ark:- ark,scp:/home/lj/work/project/2017-11-24/Module/tools/../mfcc_ESC10/raw_mfcc_files_ESC10.3.ark,/home/lj/work/project/2017-11-24/Module/tools/../mfcc_ESC10/raw_mfcc_files_ESC10.3.scp 
compute-mfcc-feats --verbose=2 --config=conf/mfcc.conf scp,p:exp/make_mfcc/wav_files_ESC10.3.scp ark:- 
VLOG[2] (compute-mfcc-feats[5.2.137-9a6e1]:main():compute-mfcc-feats.cc:173) Processed features for key ESC10_005U0000
VLOG[2] (compute-mfcc-feats[5.2.137-9a6e1]:main():compute-mfcc-feats.cc:173) Processed features for key ESC10_005U0001
VLOG[2] (compute-mfcc-feats[5.2.137-9a6e1]:main():compute-mfcc-feats.cc:173) Processed features for key ESC10_005U0002
VLOG[2] (compute-mfcc-feats[5.2.137-9a6e1]:main():compute-mfcc-feats.cc:173) Processed features for key ESC10_005U0003
VLOG[2] (compute-mfcc-feats[5.2.137-9a6e1]:main():compute-mfcc-feats.cc:173) Processed features for key ESC10_005U0004
VLOG[2] (compute-mfcc-feats[5.2.137-9a6e1]:main():compute-mfcc-feats.cc:173) Processed features for key ESC10_005U0005
VLOG[2] (compute-mfcc-feats[5.2.137-9a6e1]:main():compute-mfcc-feats.cc:173) Processed features for key ESC10_005U0006
VLOG[2] (compute-mfcc-feats[5.2.137-9a6e1]:main():compute-mfcc-feats.cc:173) Processed features for key ESC10_005U0007
VLOG[2] (compute-mfcc-feats[5.2.137-9a6e1]:main():compute-mfcc-feats.cc:173) Processed features for key ESC10_005U0008
LOG (compute-mfcc-feats[5.2.137-9a6e1]:main():compute-mfcc-feats.cc:172) Processed 10 utterances
VLOG[2] (compute-mfcc-feats[5.2.137-9a6e1]:main():compute-mfcc-feats.cc:173) Processed features for key ESC10_005U0009
VLOG[2] (compute-mfcc-feats[5.2.137-9a6e1]:main():compute-mfcc-feats.cc:173) Processed features for key ESC10_005U0010
VLOG[2] (compute-mfcc-feats[5.2.137-9a6e1]:main():compute-mfcc-feats.cc:173) Processed features for key ESC10_005U0011
VLOG[2] (compute-mfcc-feats[5.2.137-9a6e1]:main():compute-mfcc-feats.cc:173) Processed features for key ESC10_005U0012
VLOG[2] (compute-mfcc-feats[5.2.137-9a6e1]:main():compute-mfcc-feats.cc:173) Processed features for key ESC10_005U0013
VLOG[2] (compute-mfcc-feats[5.2.137-9a6e1]:main():compute-mfcc-feats.cc:173) Processed features for key ESC10_005U0014
VLOG[2] (compute-mfcc-feats[5.2.137-9a6e1]:main():compute-mfcc-feats.cc:173) Processed features for key ESC10_005U0015
VLOG[2] (compute-mfcc-feats[5.2.137-9a6e1]:main():compute-mfcc-feats.cc:173) Processed features for key ESC10_005U0016
VLOG[2] (compute-mfcc-feats[5.2.137-9a6e1]:main():compute-mfcc-feats.cc:173) Processed features for key ESC10_005U0017
VLOG[2] (compute-mfcc-feats[5.2.137-9a6e1]:main():compute-mfcc-feats.cc:173) Processed features for key ESC10_005U0018
LOG (compute-mfcc-feats[5.2.137-9a6e1]:main():compute-mfcc-feats.cc:172) Processed 20 utterances
VLOG[2] (compute-mfcc-feats[5.2.137-9a6e1]:main():compute-mfcc-feats.cc:173) Processed features for key ESC10_005U0019
VLOG[2] (compute-mfcc-feats[5.2.137-9a6e1]:main():compute-mfcc-feats.cc:173) Processed features for key ESC10_005U0020
VLOG[2] (compute-mfcc-feats[5.2.137-9a6e1]:main():compute-mfcc-feats.cc:173) Processed features for key ESC10_005U0021
VLOG[2] (compute-mfcc-feats[5.2.137-9a6e1]:main():compute-mfcc-feats.cc:173) Processed features for key ESC10_005U0022
VLOG[2] (compute-mfcc-feats[5.2.137-9a6e1]:main():compute-mfcc-feats.cc:173) Processed features for key ESC10_005U0023
VLOG[2] (compute-mfcc-feats[5.2.137-9a6e1]:main():compute-mfcc-feats.cc:173) Processed features for key ESC10_005U0024
VLOG[2] (compute-mfcc-feats[5.2.137-9a6e1]:main():compute-mfcc-feats.cc:173) Processed features for key ESC10_005U0025
VLOG[2] (compute-mfcc-feats[5.2.137-9a6e1]:main():compute-mfcc-feats.cc:173) Processed features for key ESC10_005U0026
VLOG[2] (compute-mfcc-feats[5.2.137-9a6e1]:main():compute-mfcc-feats.cc:173) Processed features for key ESC10_005U0027
VLOG[2] (compute-mfcc-feats[5.2.137-9a6e1]:main():compute-mfcc-feats.cc:173) Processed features for key ESC10_005U0028
LOG (compute-mfcc-feats[5.2.137-9a6e1]:main():compute-mfcc-feats.cc:172) Processed 30 utterances
VLOG[2] (compute-mfcc-feats[5.2.137-9a6e1]:main():compute-mfcc-feats.cc:173) Processed features for key ESC10_005U0029
VLOG[2] (compute-mfcc-feats[5.2.137-9a6e1]:main():compute-mfcc-feats.cc:173) Processed features for key ESC10_005U0030
VLOG[2] (compute-mfcc-feats[5.2.137-9a6e1]:main():compute-mfcc-feats.cc:173) Processed features for key ESC10_005U0031
VLOG[2] (compute-mfcc-feats[5.2.137-9a6e1]:main():compute-mfcc-feats.cc:173) Processed features for key ESC10_005U0032
VLOG[2] (compute-mfcc-feats[5.2.137-9a6e1]:main():compute-mfcc-feats.cc:173) Processed features for key ESC10_005U0033
VLOG[2] (compute-mfcc-feats[5.2.137-9a6e1]:main():compute-mfcc-feats.cc:173) Processed features for key ESC10_005U0034
VLOG[2] (compute-mfcc-feats[5.2.137-9a6e1]:main():compute-mfcc-feats.cc:173) Processed features for key ESC10_005U0035
VLOG[2] (compute-mfcc-feats[5.2.137-9a6e1]:main():compute-mfcc-feats.cc:173) Processed features for key ESC10_005U0036
VLOG[2] (compute-mfcc-feats[5.2.137-9a6e1]:main():compute-mfcc-feats.cc:173) Processed features for key ESC10_005U0037
VLOG[2] (compute-mfcc-feats[5.2.137-9a6e1]:main():compute-mfcc-feats.cc:173) Processed features for key ESC10_005U0038
LOG (compute-mfcc-feats[5.2.137-9a6e1]:main():compute-mfcc-feats.cc:172) Processed 40 utterances
VLOG[2] (compute-mfcc-feats[5.2.137-9a6e1]:main():compute-mfcc-feats.cc:173) Processed features for key ESC10_005U0039
VLOG[2] (compute-mfcc-feats[5.2.137-9a6e1]:main():compute-mfcc-feats.cc:173) Processed features for key ESC10_006U0000
VLOG[2] (compute-mfcc-feats[5.2.137-9a6e1]:main():compute-mfcc-feats.cc:173) Processed features for key ESC10_006U0001
VLOG[2] (compute-mfcc-feats[5.2.137-9a6e1]:main():compute-mfcc-feats.cc:173) Processed features for key ESC10_006U0002
VLOG[2] (compute-mfcc-feats[5.2.137-9a6e1]:main():compute-mfcc-feats.cc:173) Processed features for key ESC10_006U0003
VLOG[2] (compute-mfcc-feats[5.2.137-9a6e1]:main():compute-mfcc-feats.cc:173) Processed features for key ESC10_006U0004
VLOG[2] (compute-mfcc-feats[5.2.137-9a6e1]:main():compute-mfcc-feats.cc:173) Processed features for key ESC10_006U0005
VLOG[2] (compute-mfcc-feats[5.2.137-9a6e1]:main():compute-mfcc-feats.cc:173) Processed features for key ESC10_006U0006
VLOG[2] (compute-mfcc-feats[5.2.137-9a6e1]:main():compute-mfcc-feats.cc:173) Processed features for key ESC10_006U0007
VLOG[2] (compute-mfcc-feats[5.2.137-9a6e1]:main():compute-mfcc-feats.cc:173) Processed features for key ESC10_006U0008
LOG (compute-mfcc-feats[5.2.137-9a6e1]:main():compute-mfcc-feats.cc:172) Processed 50 utterances
VLOG[2] (compute-mfcc-feats[5.2.137-9a6e1]:main():compute-mfcc-feats.cc:173) Processed features for key ESC10_006U0009
VLOG[2] (compute-mfcc-feats[5.2.137-9a6e1]:main():compute-mfcc-feats.cc:173) Processed features for key ESC10_006U0010
VLOG[2] (compute-mfcc-feats[5.2.137-9a6e1]:main():compute-mfcc-feats.cc:173) Processed features for key ESC10_006U0011
VLOG[2] (compute-mfcc-feats[5.2.137-9a6e1]:main():compute-mfcc-feats.cc:173) Processed features for key ESC10_006U0012
VLOG[2] (compute-mfcc-feats[5.2.137-9a6e1]:main():compute-mfcc-feats.cc:173) Processed features for key ESC10_006U0013
VLOG[2] (compute-mfcc-feats[5.2.137-9a6e1]:main():compute-mfcc-feats.cc:173) Processed features for key ESC10_006U0014
VLOG[2] (compute-mfcc-feats[5.2.137-9a6e1]:main():compute-mfcc-feats.cc:173) Processed features for key ESC10_006U0015
VLOG[2] (compute-mfcc-feats[5.2.137-9a6e1]:main():compute-mfcc-feats.cc:173) Processed features for key ESC10_006U0016
VLOG[2] (compute-mfcc-feats[5.2.137-9a6e1]:main():compute-mfcc-feats.cc:173) Processed features for key ESC10_006U0017
VLOG[2] (compute-mfcc-feats[5.2.137-9a6e1]:main():compute-mfcc-feats.cc:173) Processed features for key ESC10_006U0018
LOG (compute-mfcc-feats[5.2.137-9a6e1]:main():compute-mfcc-feats.cc:172) Processed 60 utterances
VLOG[2] (compute-mfcc-feats[5.2.137-9a6e1]:main():compute-mfcc-feats.cc:173) Processed features for key ESC10_006U0019
VLOG[2] (compute-mfcc-feats[5.2.137-9a6e1]:main():compute-mfcc-feats.cc:173) Processed features for key ESC10_006U0020
VLOG[2] (compute-mfcc-feats[5.2.137-9a6e1]:main():compute-mfcc-feats.cc:173) Processed features for key ESC10_006U0021
VLOG[2] (compute-mfcc-feats[5.2.137-9a6e1]:main():compute-mfcc-feats.cc:173) Processed features for key ESC10_006U0022
VLOG[2] (compute-mfcc-feats[5.2.137-9a6e1]:main():compute-mfcc-feats.cc:173) Processed features for key ESC10_006U0023
VLOG[2] (compute-mfcc-feats[5.2.137-9a6e1]:main():compute-mfcc-feats.cc:173) Processed features for key ESC10_006U0024
VLOG[2] (compute-mfcc-feats[5.2.137-9a6e1]:main():compute-mfcc-feats.cc:173) Processed features for key ESC10_006U0025
VLOG[2] (compute-mfcc-feats[5.2.137-9a6e1]:main():compute-mfcc-feats.cc:173) Processed features for key ESC10_006U0026
VLOG[2] (compute-mfcc-feats[5.2.137-9a6e1]:main():compute-mfcc-feats.cc:173) Processed features for key ESC10_006U0027
VLOG[2] (compute-mfcc-feats[5.2.137-9a6e1]:main():compute-mfcc-feats.cc:173) Processed features for key ESC10_006U0028
LOG (compute-mfcc-feats[5.2.137-9a6e1]:main():compute-mfcc-feats.cc:172) Processed 70 utterances
VLOG[2] (compute-mfcc-feats[5.2.137-9a6e1]:main():compute-mfcc-feats.cc:173) Processed features for key ESC10_006U0029
VLOG[2] (compute-mfcc-feats[5.2.137-9a6e1]:main():compute-mfcc-feats.cc:173) Processed features for key ESC10_006U0030
VLOG[2] (compute-mfcc-feats[5.2.137-9a6e1]:main():compute-mfcc-feats.cc:173) Processed features for key ESC10_006U0031
VLOG[2] (compute-mfcc-feats[5.2.137-9a6e1]:main():compute-mfcc-feats.cc:173) Processed features for key ESC10_006U0032
VLOG[2] (compute-mfcc-feats[5.2.137-9a6e1]:main():compute-mfcc-feats.cc:173) Processed features for key ESC10_006U0033
VLOG[2] (compute-mfcc-feats[5.2.137-9a6e1]:main():compute-mfcc-feats.cc:173) Processed features for key ESC10_006U0034
VLOG[2] (compute-mfcc-feats[5.2.137-9a6e1]:main():compute-mfcc-feats.cc:173) Processed features for key ESC10_006U0035
VLOG[2] (compute-mfcc-feats[5.2.137-9a6e1]:main():compute-mfcc-feats.cc:173) Processed features for key ESC10_006U0036
VLOG[2] (compute-mfcc-feats[5.2.137-9a6e1]:main():compute-mfcc-feats.cc:173) Processed features for key ESC10_006U0037
VLOG[2] (compute-mfcc-feats[5.2.137-9a6e1]:main():compute-mfcc-feats.cc:173) Processed features for key ESC10_006U0038
LOG (compute-mfcc-feats[5.2.137-9a6e1]:main():compute-mfcc-feats.cc:172) Processed 80 utterances
VLOG[2] (compute-mfcc-feats[5.2.137-9a6e1]:main():compute-mfcc-feats.cc:173) Processed features for key ESC10_006U0039
VLOG[2] (compute-mfcc-feats[5.2.137-9a6e1]:main():compute-mfcc-feats.cc:173) Processed features for key ESC10_007U0000
VLOG[2] (compute-mfcc-feats[5.2.137-9a6e1]:main():compute-mfcc-feats.cc:173) Processed features for key ESC10_007U0001
VLOG[2] (compute-mfcc-feats[5.2.137-9a6e1]:main():compute-mfcc-feats.cc:173) Processed features for key ESC10_007U0002
VLOG[2] (compute-mfcc-feats[5.2.137-9a6e1]:main():compute-mfcc-feats.cc:173) Processed features for key ESC10_007U0003
VLOG[2] (compute-mfcc-feats[5.2.137-9a6e1]:main():compute-mfcc-feats.cc:173) Processed features for key ESC10_007U0004
VLOG[2] (compute-mfcc-feats[5.2.137-9a6e1]:main():compute-mfcc-feats.cc:173) Processed features for key ESC10_007U0005
VLOG[2] (compute-mfcc-feats[5.2.137-9a6e1]:main():compute-mfcc-feats.cc:173) Processed features for key ESC10_007U0006
VLOG[2] (compute-mfcc-feats[5.2.137-9a6e1]:main():compute-mfcc-feats.cc:173) Processed features for key ESC10_007U0007
VLOG[2] (compute-mfcc-feats[5.2.137-9a6e1]:main():compute-mfcc-feats.cc:173) Processed features for key ESC10_007U0008
LOG (compute-mfcc-feats[5.2.137-9a6e1]:main():compute-mfcc-feats.cc:172) Processed 90 utterances
VLOG[2] (compute-mfcc-feats[5.2.137-9a6e1]:main():compute-mfcc-feats.cc:173) Processed features for key ESC10_007U0009
VLOG[2] (compute-mfcc-feats[5.2.137-9a6e1]:main():compute-mfcc-feats.cc:173) Processed features for key ESC10_007U0010
VLOG[2] (compute-mfcc-feats[5.2.137-9a6e1]:main():compute-mfcc-feats.cc:173) Processed features for key ESC10_007U0011
VLOG[2] (compute-mfcc-feats[5.2.137-9a6e1]:main():compute-mfcc-feats.cc:173) Processed features for key ESC10_007U0012
VLOG[2] (compute-mfcc-feats[5.2.137-9a6e1]:main():compute-mfcc-feats.cc:173) Processed features for key ESC10_007U0013
VLOG[2] (compute-mfcc-feats[5.2.137-9a6e1]:main():compute-mfcc-feats.cc:173) Processed features for key ESC10_007U0014
VLOG[2] (compute-mfcc-feats[5.2.137-9a6e1]:main():compute-mfcc-feats.cc:173) Processed features for key ESC10_007U0015
VLOG[2] (compute-mfcc-feats[5.2.137-9a6e1]:main():compute-mfcc-feats.cc:173) Processed features for key ESC10_007U0016
VLOG[2] (compute-mfcc-feats[5.2.137-9a6e1]:main():compute-mfcc-feats.cc:173) Processed features for key ESC10_007U0017
VLOG[2] (compute-mfcc-feats[5.2.137-9a6e1]:main():compute-mfcc-feats.cc:173) Processed features for key ESC10_007U0018
LOG (compute-mfcc-feats[5.2.137-9a6e1]:main():compute-mfcc-feats.cc:172) Processed 100 utterances
VLOG[2] (compute-mfcc-feats[5.2.137-9a6e1]:main():compute-mfcc-feats.cc:173) Processed features for key ESC10_007U0019
LOG (compute-mfcc-feats[5.2.137-9a6e1]:main():compute-mfcc-feats.cc:176)  Done 100 out of 100 utterances.
LOG (copy-feats[5.2.137-9a6e1]:main():copy-feats.cc:143) Copied 100 feature matrices.
# Accounting: time=12 threads=1
# Ended (code 0) at Mon Jan  1 16:49:23 CST 2018, elapsed time 12 seconds
