# compute-mfcc-feats --verbose=2 --config=conf/mfcc.conf scp,p:exp/make_mfcc/wav_files_ESC50.2.scp ark:- | copy-feats --compress=true ark:- ark,scp:/home/lj/work/project/2017-11-24/Module/tools/../mfcc_ESC50/raw_mfcc_files_ESC50.2.ark,/home/lj/work/project/2017-11-24/Module/tools/../mfcc_ESC50/raw_mfcc_files_ESC50.2.scp 
# Started at Mon Jan  1 16:59:47 CST 2018
#
copy-feats --compress=true ark:- ark,scp:/home/lj/work/project/2017-11-24/Module/tools/../mfcc_ESC50/raw_mfcc_files_ESC50.2.ark,/home/lj/work/project/2017-11-24/Module/tools/../mfcc_ESC50/raw_mfcc_files_ESC50.2.scp 
compute-mfcc-feats --verbose=2 --config=conf/mfcc.conf scp,p:exp/make_mfcc/wav_files_ESC50.2.scp ark:- 
VLOG[2] (compute-mfcc-feats[5.2.137-9a6e1]:main():compute-mfcc-feats.cc:173) Processed features for key ESC50_012U0020
VLOG[2] (compute-mfcc-feats[5.2.137-9a6e1]:main():compute-mfcc-feats.cc:173) Processed features for key ESC50_012U0021
VLOG[2] (compute-mfcc-feats[5.2.137-9a6e1]:main():compute-mfcc-feats.cc:173) Processed features for key ESC50_012U0022
VLOG[2] (compute-mfcc-feats[5.2.137-9a6e1]:main():compute-mfcc-feats.cc:173) Processed features for key ESC50_012U0023
VLOG[2] (compute-mfcc-feats[5.2.137-9a6e1]:main():compute-mfcc-feats.cc:173) Processed features for key ESC50_012U0024
VLOG[2] (compute-mfcc-feats[5.2.137-9a6e1]:main():compute-mfcc-feats.cc:173) Processed features for key ESC50_012U0025
VLOG[2] (compute-mfcc-feats[5.2.137-9a6e1]:main():compute-mfcc-feats.cc:173) Processed features for key ESC50_012U0026
VLOG[2] (compute-mfcc-feats[5.2.137-9a6e1]:main():compute-mfcc-feats.cc:173) Processed features for key ESC50_012U0027
VLOG[2] (compute-mfcc-feats[5.2.137-9a6e1]:main():compute-mfcc-feats.cc:173) Processed features for key ESC50_012U0028
LOG (compute-mfcc-feats[5.2.137-9a6e1]:main():compute-mfcc-feats.cc:172) Processed 10 utterances
VLOG[2] (compute-mfcc-feats[5.2.137-9a6e1]:main():compute-mfcc-feats.cc:173) Processed features for key ESC50_012U0029
VLOG[2] (compute-mfcc-feats[5.2.137-9a6e1]:main():compute-mfcc-feats.cc:173) Processed features for key ESC50_012U0030
VLOG[2] (compute-mfcc-feats[5.2.137-9a6e1]:main():compute-mfcc-feats.cc:173) Processed features for key ESC50_012U0031
VLOG[2] (compute-mfcc-feats[5.2.137-9a6e1]:main():compute-mfcc-feats.cc:173) Processed features for key ESC50_012U0032
VLOG[2] (compute-mfcc-feats[5.2.137-9a6e1]:main():compute-mfcc-feats.cc:173) Processed features for key ESC50_012U0033
VLOG[2] (compute-mfcc-feats[5.2.137-9a6e1]:main():compute-mfcc-feats.cc:173) Processed features for key ESC50_012U0034
VLOG[2] (compute-mfcc-feats[5.2.137-9a6e1]:main():compute-mfcc-feats.cc:173) Processed features for key ESC50_012U0035
VLOG[2] (compute-mfcc-feats[5.2.137-9a6e1]:main():compute-mfcc-feats.cc:173) Processed features for key ESC50_012U0036
VLOG[2] (compute-mfcc-feats[5.2.137-9a6e1]:main():compute-mfcc-feats.cc:173) Processed features for key ESC50_012U0037
VLOG[2] (compute-mfcc-feats[5.2.137-9a6e1]:main():compute-mfcc-feats.cc:173) Processed features for key ESC50_012U0038
LOG (compute-mfcc-feats[5.2.137-9a6e1]:main():compute-mfcc-feats.cc:172) Processed 20 utterances
VLOG[2] (compute-mfcc-feats[5.2.137-9a6e1]:main():compute-mfcc-feats.cc:173) Processed features for key ESC50_012U0039
VLOG[2] (compute-mfcc-feats[5.2.137-9a6e1]:main():compute-mfcc-feats.cc:173) Processed features for key ESC50_013U0000
VLOG[2] (compute-mfcc-feats[5.2.137-9a6e1]:main():compute-mfcc-feats.cc:173) Processed features for key ESC50_013U0001
VLOG[2] (compute-mfcc-feats[5.2.137-9a6e1]:main():compute-mfcc-feats.cc:173) Processed features for key ESC50_013U0002
VLOG[2] (compute-mfcc-feats[5.2.137-9a6e1]:main():compute-mfcc-feats.cc:173) Processed features for key ESC50_013U0003
VLOG[2] (compute-mfcc-feats[5.2.137-9a6e1]:main():compute-mfcc-feats.cc:173) Processed features for key ESC50_013U0004
VLOG[2] (compute-mfcc-feats[5.2.137-9a6e1]:main():compute-mfcc-feats.cc:173) Processed features for key ESC50_013U0005
VLOG[2] (compute-mfcc-feats[5.2.137-9a6e1]:main():compute-mfcc-feats.cc:173) Processed features for key ESC50_013U0006
VLOG[2] (compute-mfcc-feats[5.2.137-9a6e1]:main():compute-mfcc-feats.cc:173) Processed features for key ESC50_013U0007
VLOG[2] (compute-mfcc-feats[5.2.137-9a6e1]:main():compute-mfcc-feats.cc:173) Processed features for key ESC50_013U0008
LOG (compute-mfcc-feats[5.2.137-9a6e1]:main():compute-mfcc-feats.cc:172) Processed 30 utterances
VLOG[2] (compute-mfcc-feats[5.2.137-9a6e1]:main():compute-mfcc-feats.cc:173) Processed features for key ESC50_013U0009
VLOG[2] (compute-mfcc-feats[5.2.137-9a6e1]:main():compute-mfcc-feats.cc:173) Processed features for key ESC50_013U0010
VLOG[2] (compute-mfcc-feats[5.2.137-9a6e1]:main():compute-mfcc-feats.cc:173) Processed features for key ESC50_013U0011
VLOG[2] (compute-mfcc-feats[5.2.137-9a6e1]:main():compute-mfcc-feats.cc:173) Processed features for key ESC50_013U0012
VLOG[2] (compute-mfcc-feats[5.2.137-9a6e1]:main():compute-mfcc-feats.cc:173) Processed features for key ESC50_013U0013
VLOG[2] (compute-mfcc-feats[5.2.137-9a6e1]:main():compute-mfcc-feats.cc:173) Processed features for key ESC50_013U0014
VLOG[2] (compute-mfcc-feats[5.2.137-9a6e1]:main():compute-mfcc-feats.cc:173) Processed features for key ESC50_013U0015
VLOG[2] (compute-mfcc-feats[5.2.137-9a6e1]:main():compute-mfcc-feats.cc:173) Processed features for key ESC50_013U0016
VLOG[2] (compute-mfcc-feats[5.2.137-9a6e1]:main():compute-mfcc-feats.cc:173) Processed features for key ESC50_013U0017
VLOG[2] (compute-mfcc-feats[5.2.137-9a6e1]:main():compute-mfcc-feats.cc:173) Processed features for key ESC50_013U0018
LOG (compute-mfcc-feats[5.2.137-9a6e1]:main():compute-mfcc-feats.cc:172) Processed 40 utterances
VLOG[2] (compute-mfcc-feats[5.2.137-9a6e1]:main():compute-mfcc-feats.cc:173) Processed features for key ESC50_013U0019
VLOG[2] (compute-mfcc-feats[5.2.137-9a6e1]:main():compute-mfcc-feats.cc:173) Processed features for key ESC50_013U0020
VLOG[2] (compute-mfcc-feats[5.2.137-9a6e1]:main():compute-mfcc-feats.cc:173) Processed features for key ESC50_013U0021
VLOG[2] (compute-mfcc-feats[5.2.137-9a6e1]:main():compute-mfcc-feats.cc:173) Processed features for key ESC50_013U0022
VLOG[2] (compute-mfcc-feats[5.2.137-9a6e1]:main():compute-mfcc-feats.cc:173) Processed features for key ESC50_013U0023
VLOG[2] (compute-mfcc-feats[5.2.137-9a6e1]:main():compute-mfcc-feats.cc:173) Processed features for key ESC50_013U0024
VLOG[2] (compute-mfcc-feats[5.2.137-9a6e1]:main():compute-mfcc-feats.cc:173) Processed features for key ESC50_013U0025
VLOG[2] (compute-mfcc-feats[5.2.137-9a6e1]:main():compute-mfcc-feats.cc:173) Processed features for key ESC50_013U0026
VLOG[2] (compute-mfcc-feats[5.2.137-9a6e1]:main():compute-mfcc-feats.cc:173) Processed features for key ESC50_013U0027
VLOG[2] (compute-mfcc-feats[5.2.137-9a6e1]:main():compute-mfcc-feats.cc:173) Processed features for key ESC50_013U0028
LOG (compute-mfcc-feats[5.2.137-9a6e1]:main():compute-mfcc-feats.cc:172) Processed 50 utterances
VLOG[2] (compute-mfcc-feats[5.2.137-9a6e1]:main():compute-mfcc-feats.cc:173) Processed features for key ESC50_013U0029
VLOG[2] (compute-mfcc-feats[5.2.137-9a6e1]:main():compute-mfcc-feats.cc:173) Processed features for key ESC50_013U0030
VLOG[2] (compute-mfcc-feats[5.2.137-9a6e1]:main():compute-mfcc-feats.cc:173) Processed features for key ESC50_013U0031
VLOG[2] (compute-mfcc-feats[5.2.137-9a6e1]:main():compute-mfcc-feats.cc:173) Processed features for key ESC50_013U0032
VLOG[2] (compute-mfcc-feats[5.2.137-9a6e1]:main():compute-mfcc-feats.cc:173) Processed features for key ESC50_013U0033
VLOG[2] (compute-mfcc-feats[5.2.137-9a6e1]:main():compute-mfcc-feats.cc:173) Processed features for key ESC50_013U0034
VLOG[2] (compute-mfcc-feats[5.2.137-9a6e1]:main():compute-mfcc-feats.cc:173) Processed features for key ESC50_013U0035
VLOG[2] (compute-mfcc-feats[5.2.137-9a6e1]:main():compute-mfcc-feats.cc:173) Processed features for key ESC50_013U0036
VLOG[2] (compute-mfcc-feats[5.2.137-9a6e1]:main():compute-mfcc-feats.cc:173) Processed features for key ESC50_013U0037
VLOG[2] (compute-mfcc-feats[5.2.137-9a6e1]:main():compute-mfcc-feats.cc:173) Processed features for key ESC50_013U0038
LOG (compute-mfcc-feats[5.2.137-9a6e1]:main():compute-mfcc-feats.cc:172) Processed 60 utterances
VLOG[2] (compute-mfcc-feats[5.2.137-9a6e1]:main():compute-mfcc-feats.cc:173) Processed features for key ESC50_013U0039
VLOG[2] (compute-mfcc-feats[5.2.137-9a6e1]:main():compute-mfcc-feats.cc:173) Processed features for key ESC50_014U0000
VLOG[2] (compute-mfcc-feats[5.2.137-9a6e1]:main():compute-mfcc-feats.cc:173) Processed features for key ESC50_014U0001
VLOG[2] (compute-mfcc-feats[5.2.137-9a6e1]:main():compute-mfcc-feats.cc:173) Processed features for key ESC50_014U0002
VLOG[2] (compute-mfcc-feats[5.2.137-9a6e1]:main():compute-mfcc-feats.cc:173) Processed features for key ESC50_014U0003
VLOG[2] (compute-mfcc-feats[5.2.137-9a6e1]:main():compute-mfcc-feats.cc:173) Processed features for key ESC50_014U0004
VLOG[2] (compute-mfcc-feats[5.2.137-9a6e1]:main():compute-mfcc-feats.cc:173) Processed features for key ESC50_014U0005
VLOG[2] (compute-mfcc-feats[5.2.137-9a6e1]:main():compute-mfcc-feats.cc:173) Processed features for key ESC50_014U0006
VLOG[2] (compute-mfcc-feats[5.2.137-9a6e1]:main():compute-mfcc-feats.cc:173) Processed features for key ESC50_014U0007
VLOG[2] (compute-mfcc-feats[5.2.137-9a6e1]:main():compute-mfcc-feats.cc:173) Processed features for key ESC50_014U0008
LOG (compute-mfcc-feats[5.2.137-9a6e1]:main():compute-mfcc-feats.cc:172) Processed 70 utterances
VLOG[2] (compute-mfcc-feats[5.2.137-9a6e1]:main():compute-mfcc-feats.cc:173) Processed features for key ESC50_014U0009
VLOG[2] (compute-mfcc-feats[5.2.137-9a6e1]:main():compute-mfcc-feats.cc:173) Processed features for key ESC50_014U0010
VLOG[2] (compute-mfcc-feats[5.2.137-9a6e1]:main():compute-mfcc-feats.cc:173) Processed features for key ESC50_014U0011
VLOG[2] (compute-mfcc-feats[5.2.137-9a6e1]:main():compute-mfcc-feats.cc:173) Processed features for key ESC50_014U0012
VLOG[2] (compute-mfcc-feats[5.2.137-9a6e1]:main():compute-mfcc-feats.cc:173) Processed features for key ESC50_014U0013
VLOG[2] (compute-mfcc-feats[5.2.137-9a6e1]:main():compute-mfcc-feats.cc:173) Processed features for key ESC50_014U0014
VLOG[2] (compute-mfcc-feats[5.2.137-9a6e1]:main():compute-mfcc-feats.cc:173) Processed features for key ESC50_014U0015
VLOG[2] (compute-mfcc-feats[5.2.137-9a6e1]:main():compute-mfcc-feats.cc:173) Processed features for key ESC50_014U0016
VLOG[2] (compute-mfcc-feats[5.2.137-9a6e1]:main():compute-mfcc-feats.cc:173) Processed features for key ESC50_014U0017
VLOG[2] (compute-mfcc-feats[5.2.137-9a6e1]:main():compute-mfcc-feats.cc:173) Processed features for key ESC50_014U0018
LOG (compute-mfcc-feats[5.2.137-9a6e1]:main():compute-mfcc-feats.cc:172) Processed 80 utterances
VLOG[2] (compute-mfcc-feats[5.2.137-9a6e1]:main():compute-mfcc-feats.cc:173) Processed features for key ESC50_014U0019
VLOG[2] (compute-mfcc-feats[5.2.137-9a6e1]:main():compute-mfcc-feats.cc:173) Processed features for key ESC50_014U0020
VLOG[2] (compute-mfcc-feats[5.2.137-9a6e1]:main():compute-mfcc-feats.cc:173) Processed features for key ESC50_014U0021
VLOG[2] (compute-mfcc-feats[5.2.137-9a6e1]:main():compute-mfcc-feats.cc:173) Processed features for key ESC50_014U0022
VLOG[2] (compute-mfcc-feats[5.2.137-9a6e1]:main():compute-mfcc-feats.cc:173) Processed features for key ESC50_014U0023
VLOG[2] (compute-mfcc-feats[5.2.137-9a6e1]:main():compute-mfcc-feats.cc:173) Processed features for key ESC50_014U0024
VLOG[2] (compute-mfcc-feats[5.2.137-9a6e1]:main():compute-mfcc-feats.cc:173) Processed features for key ESC50_014U0025
VLOG[2] (compute-mfcc-feats[5.2.137-9a6e1]:main():compute-mfcc-feats.cc:173) Processed features for key ESC50_014U0026
VLOG[2] (compute-mfcc-feats[5.2.137-9a6e1]:main():compute-mfcc-feats.cc:173) Processed features for key ESC50_014U0027
VLOG[2] (compute-mfcc-feats[5.2.137-9a6e1]:main():compute-mfcc-feats.cc:173) Processed features for key ESC50_014U0028
LOG (compute-mfcc-feats[5.2.137-9a6e1]:main():compute-mfcc-feats.cc:172) Processed 90 utterances
VLOG[2] (compute-mfcc-feats[5.2.137-9a6e1]:main():compute-mfcc-feats.cc:173) Processed features for key ESC50_014U0029
VLOG[2] (compute-mfcc-feats[5.2.137-9a6e1]:main():compute-mfcc-feats.cc:173) Processed features for key ESC50_014U0030
VLOG[2] (compute-mfcc-feats[5.2.137-9a6e1]:main():compute-mfcc-feats.cc:173) Processed features for key ESC50_014U0031
VLOG[2] (compute-mfcc-feats[5.2.137-9a6e1]:main():compute-mfcc-feats.cc:173) Processed features for key ESC50_014U0032
VLOG[2] (compute-mfcc-feats[5.2.137-9a6e1]:main():compute-mfcc-feats.cc:173) Processed features for key ESC50_014U0033
VLOG[2] (compute-mfcc-feats[5.2.137-9a6e1]:main():compute-mfcc-feats.cc:173) Processed features for key ESC50_014U0034
VLOG[2] (compute-mfcc-feats[5.2.137-9a6e1]:main():compute-mfcc-feats.cc:173) Processed features for key ESC50_014U0035
VLOG[2] (compute-mfcc-feats[5.2.137-9a6e1]:main():compute-mfcc-feats.cc:173) Processed features for key ESC50_014U0036
VLOG[2] (compute-mfcc-feats[5.2.137-9a6e1]:main():compute-mfcc-feats.cc:173) Processed features for key ESC50_014U0037
VLOG[2] (compute-mfcc-feats[5.2.137-9a6e1]:main():compute-mfcc-feats.cc:173) Processed features for key ESC50_014U0038
LOG (compute-mfcc-feats[5.2.137-9a6e1]:main():compute-mfcc-feats.cc:172) Processed 100 utterances
VLOG[2] (compute-mfcc-feats[5.2.137-9a6e1]:main():compute-mfcc-feats.cc:173) Processed features for key ESC50_014U0039
VLOG[2] (compute-mfcc-feats[5.2.137-9a6e1]:main():compute-mfcc-feats.cc:173) Processed features for key ESC50_015U0000
VLOG[2] (compute-mfcc-feats[5.2.137-9a6e1]:main():compute-mfcc-feats.cc:173) Processed features for key ESC50_015U0001
VLOG[2] (compute-mfcc-feats[5.2.137-9a6e1]:main():compute-mfcc-feats.cc:173) Processed features for key ESC50_015U0002
VLOG[2] (compute-mfcc-feats[5.2.137-9a6e1]:main():compute-mfcc-feats.cc:173) Processed features for key ESC50_015U0003
VLOG[2] (compute-mfcc-feats[5.2.137-9a6e1]:main():compute-mfcc-feats.cc:173) Processed features for key ESC50_015U0004
VLOG[2] (compute-mfcc-feats[5.2.137-9a6e1]:main():compute-mfcc-feats.cc:173) Processed features for key ESC50_015U0005
VLOG[2] (compute-mfcc-feats[5.2.137-9a6e1]:main():compute-mfcc-feats.cc:173) Processed features for key ESC50_015U0006
VLOG[2] (compute-mfcc-feats[5.2.137-9a6e1]:main():compute-mfcc-feats.cc:173) Processed features for key ESC50_015U0007
VLOG[2] (compute-mfcc-feats[5.2.137-9a6e1]:main():compute-mfcc-feats.cc:173) Processed features for key ESC50_015U0008
LOG (compute-mfcc-feats[5.2.137-9a6e1]:main():compute-mfcc-feats.cc:172) Processed 110 utterances
VLOG[2] (compute-mfcc-feats[5.2.137-9a6e1]:main():compute-mfcc-feats.cc:173) Processed features for key ESC50_015U0009
VLOG[2] (compute-mfcc-feats[5.2.137-9a6e1]:main():compute-mfcc-feats.cc:173) Processed features for key ESC50_015U0010
VLOG[2] (compute-mfcc-feats[5.2.137-9a6e1]:main():compute-mfcc-feats.cc:173) Processed features for key ESC50_015U0011
VLOG[2] (compute-mfcc-feats[5.2.137-9a6e1]:main():compute-mfcc-feats.cc:173) Processed features for key ESC50_015U0012
VLOG[2] (compute-mfcc-feats[5.2.137-9a6e1]:main():compute-mfcc-feats.cc:173) Processed features for key ESC50_015U0013
VLOG[2] (compute-mfcc-feats[5.2.137-9a6e1]:main():compute-mfcc-feats.cc:173) Processed features for key ESC50_015U0014
VLOG[2] (compute-mfcc-feats[5.2.137-9a6e1]:main():compute-mfcc-feats.cc:173) Processed features for key ESC50_015U0015
VLOG[2] (compute-mfcc-feats[5.2.137-9a6e1]:main():compute-mfcc-feats.cc:173) Processed features for key ESC50_015U0016
VLOG[2] (compute-mfcc-feats[5.2.137-9a6e1]:main():compute-mfcc-feats.cc:173) Processed features for key ESC50_015U0017
VLOG[2] (compute-mfcc-feats[5.2.137-9a6e1]:main():compute-mfcc-feats.cc:173) Processed features for key ESC50_015U0018
LOG (compute-mfcc-feats[5.2.137-9a6e1]:main():compute-mfcc-feats.cc:172) Processed 120 utterances
VLOG[2] (compute-mfcc-feats[5.2.137-9a6e1]:main():compute-mfcc-feats.cc:173) Processed features for key ESC50_015U0019
VLOG[2] (compute-mfcc-feats[5.2.137-9a6e1]:main():compute-mfcc-feats.cc:173) Processed features for key ESC50_015U0020
VLOG[2] (compute-mfcc-feats[5.2.137-9a6e1]:main():compute-mfcc-feats.cc:173) Processed features for key ESC50_015U0021
VLOG[2] (compute-mfcc-feats[5.2.137-9a6e1]:main():compute-mfcc-feats.cc:173) Processed features for key ESC50_015U0022
VLOG[2] (compute-mfcc-feats[5.2.137-9a6e1]:main():compute-mfcc-feats.cc:173) Processed features for key ESC50_015U0023
VLOG[2] (compute-mfcc-feats[5.2.137-9a6e1]:main():compute-mfcc-feats.cc:173) Processed features for key ESC50_015U0024
VLOG[2] (compute-mfcc-feats[5.2.137-9a6e1]:main():compute-mfcc-feats.cc:173) Processed features for key ESC50_015U0025
VLOG[2] (compute-mfcc-feats[5.2.137-9a6e1]:main():compute-mfcc-feats.cc:173) Processed features for key ESC50_015U0026
VLOG[2] (compute-mfcc-feats[5.2.137-9a6e1]:main():compute-mfcc-feats.cc:173) Processed features for key ESC50_015U0027
VLOG[2] (compute-mfcc-feats[5.2.137-9a6e1]:main():compute-mfcc-feats.cc:173) Processed features for key ESC50_015U0028
LOG (compute-mfcc-feats[5.2.137-9a6e1]:main():compute-mfcc-feats.cc:172) Processed 130 utterances
VLOG[2] (compute-mfcc-feats[5.2.137-9a6e1]:main():compute-mfcc-feats.cc:173) Processed features for key ESC50_015U0029
VLOG[2] (compute-mfcc-feats[5.2.137-9a6e1]:main():compute-mfcc-feats.cc:173) Processed features for key ESC50_015U0030
VLOG[2] (compute-mfcc-feats[5.2.137-9a6e1]:main():compute-mfcc-feats.cc:173) Processed features for key ESC50_015U0031
VLOG[2] (compute-mfcc-feats[5.2.137-9a6e1]:main():compute-mfcc-feats.cc:173) Processed features for key ESC50_015U0032
VLOG[2] (compute-mfcc-feats[5.2.137-9a6e1]:main():compute-mfcc-feats.cc:173) Processed features for key ESC50_015U0033
VLOG[2] (compute-mfcc-feats[5.2.137-9a6e1]:main():compute-mfcc-feats.cc:173) Processed features for key ESC50_015U0034
VLOG[2] (compute-mfcc-feats[5.2.137-9a6e1]:main():compute-mfcc-feats.cc:173) Processed features for key ESC50_015U0035
VLOG[2] (compute-mfcc-feats[5.2.137-9a6e1]:main():compute-mfcc-feats.cc:173) Processed features for key ESC50_015U0036
VLOG[2] (compute-mfcc-feats[5.2.137-9a6e1]:main():compute-mfcc-feats.cc:173) Processed features for key ESC50_015U0037
VLOG[2] (compute-mfcc-feats[5.2.137-9a6e1]:main():compute-mfcc-feats.cc:173) Processed features for key ESC50_015U0038
LOG (compute-mfcc-feats[5.2.137-9a6e1]:main():compute-mfcc-feats.cc:172) Processed 140 utterances
VLOG[2] (compute-mfcc-feats[5.2.137-9a6e1]:main():compute-mfcc-feats.cc:173) Processed features for key ESC50_015U0039
VLOG[2] (compute-mfcc-feats[5.2.137-9a6e1]:main():compute-mfcc-feats.cc:173) Processed features for key ESC50_016U0000
VLOG[2] (compute-mfcc-feats[5.2.137-9a6e1]:main():compute-mfcc-feats.cc:173) Processed features for key ESC50_016U0001
VLOG[2] (compute-mfcc-feats[5.2.137-9a6e1]:main():compute-mfcc-feats.cc:173) Processed features for key ESC50_016U0002
VLOG[2] (compute-mfcc-feats[5.2.137-9a6e1]:main():compute-mfcc-feats.cc:173) Processed features for key ESC50_016U0003
VLOG[2] (compute-mfcc-feats[5.2.137-9a6e1]:main():compute-mfcc-feats.cc:173) Processed features for key ESC50_016U0004
VLOG[2] (compute-mfcc-feats[5.2.137-9a6e1]:main():compute-mfcc-feats.cc:173) Processed features for key ESC50_016U0005
VLOG[2] (compute-mfcc-feats[5.2.137-9a6e1]:main():compute-mfcc-feats.cc:173) Processed features for key ESC50_016U0006
VLOG[2] (compute-mfcc-feats[5.2.137-9a6e1]:main():compute-mfcc-feats.cc:173) Processed features for key ESC50_016U0007
VLOG[2] (compute-mfcc-feats[5.2.137-9a6e1]:main():compute-mfcc-feats.cc:173) Processed features for key ESC50_016U0008
LOG (compute-mfcc-feats[5.2.137-9a6e1]:main():compute-mfcc-feats.cc:172) Processed 150 utterances
VLOG[2] (compute-mfcc-feats[5.2.137-9a6e1]:main():compute-mfcc-feats.cc:173) Processed features for key ESC50_016U0009
VLOG[2] (compute-mfcc-feats[5.2.137-9a6e1]:main():compute-mfcc-feats.cc:173) Processed features for key ESC50_016U0010
VLOG[2] (compute-mfcc-feats[5.2.137-9a6e1]:main():compute-mfcc-feats.cc:173) Processed features for key ESC50_016U0011
VLOG[2] (compute-mfcc-feats[5.2.137-9a6e1]:main():compute-mfcc-feats.cc:173) Processed features for key ESC50_016U0012
VLOG[2] (compute-mfcc-feats[5.2.137-9a6e1]:main():compute-mfcc-feats.cc:173) Processed features for key ESC50_016U0013
VLOG[2] (compute-mfcc-feats[5.2.137-9a6e1]:main():compute-mfcc-feats.cc:173) Processed features for key ESC50_016U0014
VLOG[2] (compute-mfcc-feats[5.2.137-9a6e1]:main():compute-mfcc-feats.cc:173) Processed features for key ESC50_016U0015
VLOG[2] (compute-mfcc-feats[5.2.137-9a6e1]:main():compute-mfcc-feats.cc:173) Processed features for key ESC50_016U0016
VLOG[2] (compute-mfcc-feats[5.2.137-9a6e1]:main():compute-mfcc-feats.cc:173) Processed features for key ESC50_016U0017
VLOG[2] (compute-mfcc-feats[5.2.137-9a6e1]:main():compute-mfcc-feats.cc:173) Processed features for key ESC50_016U0018
LOG (compute-mfcc-feats[5.2.137-9a6e1]:main():compute-mfcc-feats.cc:172) Processed 160 utterances
VLOG[2] (compute-mfcc-feats[5.2.137-9a6e1]:main():compute-mfcc-feats.cc:173) Processed features for key ESC50_016U0019
VLOG[2] (compute-mfcc-feats[5.2.137-9a6e1]:main():compute-mfcc-feats.cc:173) Processed features for key ESC50_016U0020
VLOG[2] (compute-mfcc-feats[5.2.137-9a6e1]:main():compute-mfcc-feats.cc:173) Processed features for key ESC50_016U0021
VLOG[2] (compute-mfcc-feats[5.2.137-9a6e1]:main():compute-mfcc-feats.cc:173) Processed features for key ESC50_016U0022
VLOG[2] (compute-mfcc-feats[5.2.137-9a6e1]:main():compute-mfcc-feats.cc:173) Processed features for key ESC50_016U0023
VLOG[2] (compute-mfcc-feats[5.2.137-9a6e1]:main():compute-mfcc-feats.cc:173) Processed features for key ESC50_016U0024
VLOG[2] (compute-mfcc-feats[5.2.137-9a6e1]:main():compute-mfcc-feats.cc:173) Processed features for key ESC50_016U0025
VLOG[2] (compute-mfcc-feats[5.2.137-9a6e1]:main():compute-mfcc-feats.cc:173) Processed features for key ESC50_016U0026
VLOG[2] (compute-mfcc-feats[5.2.137-9a6e1]:main():compute-mfcc-feats.cc:173) Processed features for key ESC50_016U0027
VLOG[2] (compute-mfcc-feats[5.2.137-9a6e1]:main():compute-mfcc-feats.cc:173) Processed features for key ESC50_016U0028
LOG (compute-mfcc-feats[5.2.137-9a6e1]:main():compute-mfcc-feats.cc:172) Processed 170 utterances
VLOG[2] (compute-mfcc-feats[5.2.137-9a6e1]:main():compute-mfcc-feats.cc:173) Processed features for key ESC50_016U0029
VLOG[2] (compute-mfcc-feats[5.2.137-9a6e1]:main():compute-mfcc-feats.cc:173) Processed features for key ESC50_016U0030
VLOG[2] (compute-mfcc-feats[5.2.137-9a6e1]:main():compute-mfcc-feats.cc:173) Processed features for key ESC50_016U0031
VLOG[2] (compute-mfcc-feats[5.2.137-9a6e1]:main():compute-mfcc-feats.cc:173) Processed features for key ESC50_016U0032
VLOG[2] (compute-mfcc-feats[5.2.137-9a6e1]:main():compute-mfcc-feats.cc:173) Processed features for key ESC50_016U0033
VLOG[2] (compute-mfcc-feats[5.2.137-9a6e1]:main():compute-mfcc-feats.cc:173) Processed features for key ESC50_016U0034
VLOG[2] (compute-mfcc-feats[5.2.137-9a6e1]:main():compute-mfcc-feats.cc:173) Processed features for key ESC50_016U0035
VLOG[2] (compute-mfcc-feats[5.2.137-9a6e1]:main():compute-mfcc-feats.cc:173) Processed features for key ESC50_016U0036
VLOG[2] (compute-mfcc-feats[5.2.137-9a6e1]:main():compute-mfcc-feats.cc:173) Processed features for key ESC50_016U0037
VLOG[2] (compute-mfcc-feats[5.2.137-9a6e1]:main():compute-mfcc-feats.cc:173) Processed features for key ESC50_016U0038
LOG (compute-mfcc-feats[5.2.137-9a6e1]:main():compute-mfcc-feats.cc:172) Processed 180 utterances
VLOG[2] (compute-mfcc-feats[5.2.137-9a6e1]:main():compute-mfcc-feats.cc:173) Processed features for key ESC50_016U0039
VLOG[2] (compute-mfcc-feats[5.2.137-9a6e1]:main():compute-mfcc-feats.cc:173) Processed features for key ESC50_017U0000
VLOG[2] (compute-mfcc-feats[5.2.137-9a6e1]:main():compute-mfcc-feats.cc:173) Processed features for key ESC50_017U0001
VLOG[2] (compute-mfcc-feats[5.2.137-9a6e1]:main():compute-mfcc-feats.cc:173) Processed features for key ESC50_017U0002
VLOG[2] (compute-mfcc-feats[5.2.137-9a6e1]:main():compute-mfcc-feats.cc:173) Processed features for key ESC50_017U0003
VLOG[2] (compute-mfcc-feats[5.2.137-9a6e1]:main():compute-mfcc-feats.cc:173) Processed features for key ESC50_017U0004
VLOG[2] (compute-mfcc-feats[5.2.137-9a6e1]:main():compute-mfcc-feats.cc:173) Processed features for key ESC50_017U0005
VLOG[2] (compute-mfcc-feats[5.2.137-9a6e1]:main():compute-mfcc-feats.cc:173) Processed features for key ESC50_017U0006
VLOG[2] (compute-mfcc-feats[5.2.137-9a6e1]:main():compute-mfcc-feats.cc:173) Processed features for key ESC50_017U0007
VLOG[2] (compute-mfcc-feats[5.2.137-9a6e1]:main():compute-mfcc-feats.cc:173) Processed features for key ESC50_017U0008
LOG (compute-mfcc-feats[5.2.137-9a6e1]:main():compute-mfcc-feats.cc:172) Processed 190 utterances
VLOG[2] (compute-mfcc-feats[5.2.137-9a6e1]:main():compute-mfcc-feats.cc:173) Processed features for key ESC50_017U0009
VLOG[2] (compute-mfcc-feats[5.2.137-9a6e1]:main():compute-mfcc-feats.cc:173) Processed features for key ESC50_017U0010
VLOG[2] (compute-mfcc-feats[5.2.137-9a6e1]:main():compute-mfcc-feats.cc:173) Processed features for key ESC50_017U0011
VLOG[2] (compute-mfcc-feats[5.2.137-9a6e1]:main():compute-mfcc-feats.cc:173) Processed features for key ESC50_017U0012
VLOG[2] (compute-mfcc-feats[5.2.137-9a6e1]:main():compute-mfcc-feats.cc:173) Processed features for key ESC50_017U0013
VLOG[2] (compute-mfcc-feats[5.2.137-9a6e1]:main():compute-mfcc-feats.cc:173) Processed features for key ESC50_017U0014
VLOG[2] (compute-mfcc-feats[5.2.137-9a6e1]:main():compute-mfcc-feats.cc:173) Processed features for key ESC50_017U0015
VLOG[2] (compute-mfcc-feats[5.2.137-9a6e1]:main():compute-mfcc-feats.cc:173) Processed features for key ESC50_017U0016
VLOG[2] (compute-mfcc-feats[5.2.137-9a6e1]:main():compute-mfcc-feats.cc:173) Processed features for key ESC50_017U0017
VLOG[2] (compute-mfcc-feats[5.2.137-9a6e1]:main():compute-mfcc-feats.cc:173) Processed features for key ESC50_017U0018
LOG (compute-mfcc-feats[5.2.137-9a6e1]:main():compute-mfcc-feats.cc:172) Processed 200 utterances
VLOG[2] (compute-mfcc-feats[5.2.137-9a6e1]:main():compute-mfcc-feats.cc:173) Processed features for key ESC50_017U0019
VLOG[2] (compute-mfcc-feats[5.2.137-9a6e1]:main():compute-mfcc-feats.cc:173) Processed features for key ESC50_017U0020
VLOG[2] (compute-mfcc-feats[5.2.137-9a6e1]:main():compute-mfcc-feats.cc:173) Processed features for key ESC50_017U0021
VLOG[2] (compute-mfcc-feats[5.2.137-9a6e1]:main():compute-mfcc-feats.cc:173) Processed features for key ESC50_017U0022
VLOG[2] (compute-mfcc-feats[5.2.137-9a6e1]:main():compute-mfcc-feats.cc:173) Processed features for key ESC50_017U0023
VLOG[2] (compute-mfcc-feats[5.2.137-9a6e1]:main():compute-mfcc-feats.cc:173) Processed features for key ESC50_017U0024
VLOG[2] (compute-mfcc-feats[5.2.137-9a6e1]:main():compute-mfcc-feats.cc:173) Processed features for key ESC50_017U0025
VLOG[2] (compute-mfcc-feats[5.2.137-9a6e1]:main():compute-mfcc-feats.cc:173) Processed features for key ESC50_017U0026
VLOG[2] (compute-mfcc-feats[5.2.137-9a6e1]:main():compute-mfcc-feats.cc:173) Processed features for key ESC50_017U0027
VLOG[2] (compute-mfcc-feats[5.2.137-9a6e1]:main():compute-mfcc-feats.cc:173) Processed features for key ESC50_017U0028
LOG (compute-mfcc-feats[5.2.137-9a6e1]:main():compute-mfcc-feats.cc:172) Processed 210 utterances
VLOG[2] (compute-mfcc-feats[5.2.137-9a6e1]:main():compute-mfcc-feats.cc:173) Processed features for key ESC50_017U0029
VLOG[2] (compute-mfcc-feats[5.2.137-9a6e1]:main():compute-mfcc-feats.cc:173) Processed features for key ESC50_017U0030
VLOG[2] (compute-mfcc-feats[5.2.137-9a6e1]:main():compute-mfcc-feats.cc:173) Processed features for key ESC50_017U0031
VLOG[2] (compute-mfcc-feats[5.2.137-9a6e1]:main():compute-mfcc-feats.cc:173) Processed features for key ESC50_017U0032
VLOG[2] (compute-mfcc-feats[5.2.137-9a6e1]:main():compute-mfcc-feats.cc:173) Processed features for key ESC50_017U0033
VLOG[2] (compute-mfcc-feats[5.2.137-9a6e1]:main():compute-mfcc-feats.cc:173) Processed features for key ESC50_017U0034
VLOG[2] (compute-mfcc-feats[5.2.137-9a6e1]:main():compute-mfcc-feats.cc:173) Processed features for key ESC50_017U0035
VLOG[2] (compute-mfcc-feats[5.2.137-9a6e1]:main():compute-mfcc-feats.cc:173) Processed features for key ESC50_017U0036
VLOG[2] (compute-mfcc-feats[5.2.137-9a6e1]:main():compute-mfcc-feats.cc:173) Processed features for key ESC50_017U0037
VLOG[2] (compute-mfcc-feats[5.2.137-9a6e1]:main():compute-mfcc-feats.cc:173) Processed features for key ESC50_017U0038
LOG (compute-mfcc-feats[5.2.137-9a6e1]:main():compute-mfcc-feats.cc:172) Processed 220 utterances
VLOG[2] (compute-mfcc-feats[5.2.137-9a6e1]:main():compute-mfcc-feats.cc:173) Processed features for key ESC50_017U0039
VLOG[2] (compute-mfcc-feats[5.2.137-9a6e1]:main():compute-mfcc-feats.cc:173) Processed features for key ESC50_018U0000
VLOG[2] (compute-mfcc-feats[5.2.137-9a6e1]:main():compute-mfcc-feats.cc:173) Processed features for key ESC50_018U0001
VLOG[2] (compute-mfcc-feats[5.2.137-9a6e1]:main():compute-mfcc-feats.cc:173) Processed features for key ESC50_018U0002
VLOG[2] (compute-mfcc-feats[5.2.137-9a6e1]:main():compute-mfcc-feats.cc:173) Processed features for key ESC50_018U0003
VLOG[2] (compute-mfcc-feats[5.2.137-9a6e1]:main():compute-mfcc-feats.cc:173) Processed features for key ESC50_018U0004
VLOG[2] (compute-mfcc-feats[5.2.137-9a6e1]:main():compute-mfcc-feats.cc:173) Processed features for key ESC50_018U0005
VLOG[2] (compute-mfcc-feats[5.2.137-9a6e1]:main():compute-mfcc-feats.cc:173) Processed features for key ESC50_018U0006
VLOG[2] (compute-mfcc-feats[5.2.137-9a6e1]:main():compute-mfcc-feats.cc:173) Processed features for key ESC50_018U0007
VLOG[2] (compute-mfcc-feats[5.2.137-9a6e1]:main():compute-mfcc-feats.cc:173) Processed features for key ESC50_018U0008
LOG (compute-mfcc-feats[5.2.137-9a6e1]:main():compute-mfcc-feats.cc:172) Processed 230 utterances
VLOG[2] (compute-mfcc-feats[5.2.137-9a6e1]:main():compute-mfcc-feats.cc:173) Processed features for key ESC50_018U0009
VLOG[2] (compute-mfcc-feats[5.2.137-9a6e1]:main():compute-mfcc-feats.cc:173) Processed features for key ESC50_018U0010
VLOG[2] (compute-mfcc-feats[5.2.137-9a6e1]:main():compute-mfcc-feats.cc:173) Processed features for key ESC50_018U0011
VLOG[2] (compute-mfcc-feats[5.2.137-9a6e1]:main():compute-mfcc-feats.cc:173) Processed features for key ESC50_018U0012
VLOG[2] (compute-mfcc-feats[5.2.137-9a6e1]:main():compute-mfcc-feats.cc:173) Processed features for key ESC50_018U0013
VLOG[2] (compute-mfcc-feats[5.2.137-9a6e1]:main():compute-mfcc-feats.cc:173) Processed features for key ESC50_018U0014
VLOG[2] (compute-mfcc-feats[5.2.137-9a6e1]:main():compute-mfcc-feats.cc:173) Processed features for key ESC50_018U0015
VLOG[2] (compute-mfcc-feats[5.2.137-9a6e1]:main():compute-mfcc-feats.cc:173) Processed features for key ESC50_018U0016
VLOG[2] (compute-mfcc-feats[5.2.137-9a6e1]:main():compute-mfcc-feats.cc:173) Processed features for key ESC50_018U0017
VLOG[2] (compute-mfcc-feats[5.2.137-9a6e1]:main():compute-mfcc-feats.cc:173) Processed features for key ESC50_018U0018
LOG (compute-mfcc-feats[5.2.137-9a6e1]:main():compute-mfcc-feats.cc:172) Processed 240 utterances
VLOG[2] (compute-mfcc-feats[5.2.137-9a6e1]:main():compute-mfcc-feats.cc:173) Processed features for key ESC50_018U0019
VLOG[2] (compute-mfcc-feats[5.2.137-9a6e1]:main():compute-mfcc-feats.cc:173) Processed features for key ESC50_018U0020
VLOG[2] (compute-mfcc-feats[5.2.137-9a6e1]:main():compute-mfcc-feats.cc:173) Processed features for key ESC50_018U0021
VLOG[2] (compute-mfcc-feats[5.2.137-9a6e1]:main():compute-mfcc-feats.cc:173) Processed features for key ESC50_018U0022
VLOG[2] (compute-mfcc-feats[5.2.137-9a6e1]:main():compute-mfcc-feats.cc:173) Processed features for key ESC50_018U0023
VLOG[2] (compute-mfcc-feats[5.2.137-9a6e1]:main():compute-mfcc-feats.cc:173) Processed features for key ESC50_018U0024
VLOG[2] (compute-mfcc-feats[5.2.137-9a6e1]:main():compute-mfcc-feats.cc:173) Processed features for key ESC50_018U0025
VLOG[2] (compute-mfcc-feats[5.2.137-9a6e1]:main():compute-mfcc-feats.cc:173) Processed features for key ESC50_018U0026
VLOG[2] (compute-mfcc-feats[5.2.137-9a6e1]:main():compute-mfcc-feats.cc:173) Processed features for key ESC50_018U0027
VLOG[2] (compute-mfcc-feats[5.2.137-9a6e1]:main():compute-mfcc-feats.cc:173) Processed features for key ESC50_018U0028
LOG (compute-mfcc-feats[5.2.137-9a6e1]:main():compute-mfcc-feats.cc:172) Processed 250 utterances
VLOG[2] (compute-mfcc-feats[5.2.137-9a6e1]:main():compute-mfcc-feats.cc:173) Processed features for key ESC50_018U0029
VLOG[2] (compute-mfcc-feats[5.2.137-9a6e1]:main():compute-mfcc-feats.cc:173) Processed features for key ESC50_018U0030
VLOG[2] (compute-mfcc-feats[5.2.137-9a6e1]:main():compute-mfcc-feats.cc:173) Processed features for key ESC50_018U0031
VLOG[2] (compute-mfcc-feats[5.2.137-9a6e1]:main():compute-mfcc-feats.cc:173) Processed features for key ESC50_018U0032
VLOG[2] (compute-mfcc-feats[5.2.137-9a6e1]:main():compute-mfcc-feats.cc:173) Processed features for key ESC50_018U0033
VLOG[2] (compute-mfcc-feats[5.2.137-9a6e1]:main():compute-mfcc-feats.cc:173) Processed features for key ESC50_018U0034
VLOG[2] (compute-mfcc-feats[5.2.137-9a6e1]:main():compute-mfcc-feats.cc:173) Processed features for key ESC50_018U0035
VLOG[2] (compute-mfcc-feats[5.2.137-9a6e1]:main():compute-mfcc-feats.cc:173) Processed features for key ESC50_018U0036
VLOG[2] (compute-mfcc-feats[5.2.137-9a6e1]:main():compute-mfcc-feats.cc:173) Processed features for key ESC50_018U0037
VLOG[2] (compute-mfcc-feats[5.2.137-9a6e1]:main():compute-mfcc-feats.cc:173) Processed features for key ESC50_018U0038
LOG (compute-mfcc-feats[5.2.137-9a6e1]:main():compute-mfcc-feats.cc:172) Processed 260 utterances
VLOG[2] (compute-mfcc-feats[5.2.137-9a6e1]:main():compute-mfcc-feats.cc:173) Processed features for key ESC50_018U0039
VLOG[2] (compute-mfcc-feats[5.2.137-9a6e1]:main():compute-mfcc-feats.cc:173) Processed features for key ESC50_019U0000
VLOG[2] (compute-mfcc-feats[5.2.137-9a6e1]:main():compute-mfcc-feats.cc:173) Processed features for key ESC50_019U0001
VLOG[2] (compute-mfcc-feats[5.2.137-9a6e1]:main():compute-mfcc-feats.cc:173) Processed features for key ESC50_019U0002
VLOG[2] (compute-mfcc-feats[5.2.137-9a6e1]:main():compute-mfcc-feats.cc:173) Processed features for key ESC50_019U0003
VLOG[2] (compute-mfcc-feats[5.2.137-9a6e1]:main():compute-mfcc-feats.cc:173) Processed features for key ESC50_019U0004
VLOG[2] (compute-mfcc-feats[5.2.137-9a6e1]:main():compute-mfcc-feats.cc:173) Processed features for key ESC50_019U0005
VLOG[2] (compute-mfcc-feats[5.2.137-9a6e1]:main():compute-mfcc-feats.cc:173) Processed features for key ESC50_019U0006
VLOG[2] (compute-mfcc-feats[5.2.137-9a6e1]:main():compute-mfcc-feats.cc:173) Processed features for key ESC50_019U0007
VLOG[2] (compute-mfcc-feats[5.2.137-9a6e1]:main():compute-mfcc-feats.cc:173) Processed features for key ESC50_019U0008
LOG (compute-mfcc-feats[5.2.137-9a6e1]:main():compute-mfcc-feats.cc:172) Processed 270 utterances
VLOG[2] (compute-mfcc-feats[5.2.137-9a6e1]:main():compute-mfcc-feats.cc:173) Processed features for key ESC50_019U0009
VLOG[2] (compute-mfcc-feats[5.2.137-9a6e1]:main():compute-mfcc-feats.cc:173) Processed features for key ESC50_019U0010
VLOG[2] (compute-mfcc-feats[5.2.137-9a6e1]:main():compute-mfcc-feats.cc:173) Processed features for key ESC50_019U0011
VLOG[2] (compute-mfcc-feats[5.2.137-9a6e1]:main():compute-mfcc-feats.cc:173) Processed features for key ESC50_019U0012
VLOG[2] (compute-mfcc-feats[5.2.137-9a6e1]:main():compute-mfcc-feats.cc:173) Processed features for key ESC50_019U0013
VLOG[2] (compute-mfcc-feats[5.2.137-9a6e1]:main():compute-mfcc-feats.cc:173) Processed features for key ESC50_019U0014
VLOG[2] (compute-mfcc-feats[5.2.137-9a6e1]:main():compute-mfcc-feats.cc:173) Processed features for key ESC50_019U0015
VLOG[2] (compute-mfcc-feats[5.2.137-9a6e1]:main():compute-mfcc-feats.cc:173) Processed features for key ESC50_019U0016
VLOG[2] (compute-mfcc-feats[5.2.137-9a6e1]:main():compute-mfcc-feats.cc:173) Processed features for key ESC50_019U0017
VLOG[2] (compute-mfcc-feats[5.2.137-9a6e1]:main():compute-mfcc-feats.cc:173) Processed features for key ESC50_019U0018
LOG (compute-mfcc-feats[5.2.137-9a6e1]:main():compute-mfcc-feats.cc:172) Processed 280 utterances
VLOG[2] (compute-mfcc-feats[5.2.137-9a6e1]:main():compute-mfcc-feats.cc:173) Processed features for key ESC50_019U0019
VLOG[2] (compute-mfcc-feats[5.2.137-9a6e1]:main():compute-mfcc-feats.cc:173) Processed features for key ESC50_019U0020
VLOG[2] (compute-mfcc-feats[5.2.137-9a6e1]:main():compute-mfcc-feats.cc:173) Processed features for key ESC50_019U0021
VLOG[2] (compute-mfcc-feats[5.2.137-9a6e1]:main():compute-mfcc-feats.cc:173) Processed features for key ESC50_019U0022
VLOG[2] (compute-mfcc-feats[5.2.137-9a6e1]:main():compute-mfcc-feats.cc:173) Processed features for key ESC50_019U0023
VLOG[2] (compute-mfcc-feats[5.2.137-9a6e1]:main():compute-mfcc-feats.cc:173) Processed features for key ESC50_019U0024
VLOG[2] (compute-mfcc-feats[5.2.137-9a6e1]:main():compute-mfcc-feats.cc:173) Processed features for key ESC50_019U0025
VLOG[2] (compute-mfcc-feats[5.2.137-9a6e1]:main():compute-mfcc-feats.cc:173) Processed features for key ESC50_019U0026
VLOG[2] (compute-mfcc-feats[5.2.137-9a6e1]:main():compute-mfcc-feats.cc:173) Processed features for key ESC50_019U0027
VLOG[2] (compute-mfcc-feats[5.2.137-9a6e1]:main():compute-mfcc-feats.cc:173) Processed features for key ESC50_019U0028
LOG (compute-mfcc-feats[5.2.137-9a6e1]:main():compute-mfcc-feats.cc:172) Processed 290 utterances
VLOG[2] (compute-mfcc-feats[5.2.137-9a6e1]:main():compute-mfcc-feats.cc:173) Processed features for key ESC50_019U0029
VLOG[2] (compute-mfcc-feats[5.2.137-9a6e1]:main():compute-mfcc-feats.cc:173) Processed features for key ESC50_019U0030
VLOG[2] (compute-mfcc-feats[5.2.137-9a6e1]:main():compute-mfcc-feats.cc:173) Processed features for key ESC50_019U0031
VLOG[2] (compute-mfcc-feats[5.2.137-9a6e1]:main():compute-mfcc-feats.cc:173) Processed features for key ESC50_019U0032
VLOG[2] (compute-mfcc-feats[5.2.137-9a6e1]:main():compute-mfcc-feats.cc:173) Processed features for key ESC50_019U0033
VLOG[2] (compute-mfcc-feats[5.2.137-9a6e1]:main():compute-mfcc-feats.cc:173) Processed features for key ESC50_019U0034
VLOG[2] (compute-mfcc-feats[5.2.137-9a6e1]:main():compute-mfcc-feats.cc:173) Processed features for key ESC50_019U0035
VLOG[2] (compute-mfcc-feats[5.2.137-9a6e1]:main():compute-mfcc-feats.cc:173) Processed features for key ESC50_019U0036
VLOG[2] (compute-mfcc-feats[5.2.137-9a6e1]:main():compute-mfcc-feats.cc:173) Processed features for key ESC50_019U0037
VLOG[2] (compute-mfcc-feats[5.2.137-9a6e1]:main():compute-mfcc-feats.cc:173) Processed features for key ESC50_019U0038
LOG (compute-mfcc-feats[5.2.137-9a6e1]:main():compute-mfcc-feats.cc:172) Processed 300 utterances
VLOG[2] (compute-mfcc-feats[5.2.137-9a6e1]:main():compute-mfcc-feats.cc:173) Processed features for key ESC50_019U0039
VLOG[2] (compute-mfcc-feats[5.2.137-9a6e1]:main():compute-mfcc-feats.cc:173) Processed features for key ESC50_020U0000
VLOG[2] (compute-mfcc-feats[5.2.137-9a6e1]:main():compute-mfcc-feats.cc:173) Processed features for key ESC50_020U0001
VLOG[2] (compute-mfcc-feats[5.2.137-9a6e1]:main():compute-mfcc-feats.cc:173) Processed features for key ESC50_020U0002
VLOG[2] (compute-mfcc-feats[5.2.137-9a6e1]:main():compute-mfcc-feats.cc:173) Processed features for key ESC50_020U0003
VLOG[2] (compute-mfcc-feats[5.2.137-9a6e1]:main():compute-mfcc-feats.cc:173) Processed features for key ESC50_020U0004
VLOG[2] (compute-mfcc-feats[5.2.137-9a6e1]:main():compute-mfcc-feats.cc:173) Processed features for key ESC50_020U0005
VLOG[2] (compute-mfcc-feats[5.2.137-9a6e1]:main():compute-mfcc-feats.cc:173) Processed features for key ESC50_020U0006
VLOG[2] (compute-mfcc-feats[5.2.137-9a6e1]:main():compute-mfcc-feats.cc:173) Processed features for key ESC50_020U0007
VLOG[2] (compute-mfcc-feats[5.2.137-9a6e1]:main():compute-mfcc-feats.cc:173) Processed features for key ESC50_020U0008
LOG (compute-mfcc-feats[5.2.137-9a6e1]:main():compute-mfcc-feats.cc:172) Processed 310 utterances
VLOG[2] (compute-mfcc-feats[5.2.137-9a6e1]:main():compute-mfcc-feats.cc:173) Processed features for key ESC50_020U0009
VLOG[2] (compute-mfcc-feats[5.2.137-9a6e1]:main():compute-mfcc-feats.cc:173) Processed features for key ESC50_020U0010
VLOG[2] (compute-mfcc-feats[5.2.137-9a6e1]:main():compute-mfcc-feats.cc:173) Processed features for key ESC50_020U0011
VLOG[2] (compute-mfcc-feats[5.2.137-9a6e1]:main():compute-mfcc-feats.cc:173) Processed features for key ESC50_020U0012
VLOG[2] (compute-mfcc-feats[5.2.137-9a6e1]:main():compute-mfcc-feats.cc:173) Processed features for key ESC50_020U0013
VLOG[2] (compute-mfcc-feats[5.2.137-9a6e1]:main():compute-mfcc-feats.cc:173) Processed features for key ESC50_020U0014
VLOG[2] (compute-mfcc-feats[5.2.137-9a6e1]:main():compute-mfcc-feats.cc:173) Processed features for key ESC50_020U0015
VLOG[2] (compute-mfcc-feats[5.2.137-9a6e1]:main():compute-mfcc-feats.cc:173) Processed features for key ESC50_020U0016
VLOG[2] (compute-mfcc-feats[5.2.137-9a6e1]:main():compute-mfcc-feats.cc:173) Processed features for key ESC50_020U0017
VLOG[2] (compute-mfcc-feats[5.2.137-9a6e1]:main():compute-mfcc-feats.cc:173) Processed features for key ESC50_020U0018
LOG (compute-mfcc-feats[5.2.137-9a6e1]:main():compute-mfcc-feats.cc:172) Processed 320 utterances
VLOG[2] (compute-mfcc-feats[5.2.137-9a6e1]:main():compute-mfcc-feats.cc:173) Processed features for key ESC50_020U0019
VLOG[2] (compute-mfcc-feats[5.2.137-9a6e1]:main():compute-mfcc-feats.cc:173) Processed features for key ESC50_020U0020
VLOG[2] (compute-mfcc-feats[5.2.137-9a6e1]:main():compute-mfcc-feats.cc:173) Processed features for key ESC50_020U0021
VLOG[2] (compute-mfcc-feats[5.2.137-9a6e1]:main():compute-mfcc-feats.cc:173) Processed features for key ESC50_020U0022
VLOG[2] (compute-mfcc-feats[5.2.137-9a6e1]:main():compute-mfcc-feats.cc:173) Processed features for key ESC50_020U0023
VLOG[2] (compute-mfcc-feats[5.2.137-9a6e1]:main():compute-mfcc-feats.cc:173) Processed features for key ESC50_020U0024
VLOG[2] (compute-mfcc-feats[5.2.137-9a6e1]:main():compute-mfcc-feats.cc:173) Processed features for key ESC50_020U0025
VLOG[2] (compute-mfcc-feats[5.2.137-9a6e1]:main():compute-mfcc-feats.cc:173) Processed features for key ESC50_020U0026
VLOG[2] (compute-mfcc-feats[5.2.137-9a6e1]:main():compute-mfcc-feats.cc:173) Processed features for key ESC50_020U0027
VLOG[2] (compute-mfcc-feats[5.2.137-9a6e1]:main():compute-mfcc-feats.cc:173) Processed features for key ESC50_020U0028
LOG (compute-mfcc-feats[5.2.137-9a6e1]:main():compute-mfcc-feats.cc:172) Processed 330 utterances
VLOG[2] (compute-mfcc-feats[5.2.137-9a6e1]:main():compute-mfcc-feats.cc:173) Processed features for key ESC50_020U0029
VLOG[2] (compute-mfcc-feats[5.2.137-9a6e1]:main():compute-mfcc-feats.cc:173) Processed features for key ESC50_020U0030
VLOG[2] (compute-mfcc-feats[5.2.137-9a6e1]:main():compute-mfcc-feats.cc:173) Processed features for key ESC50_020U0031
VLOG[2] (compute-mfcc-feats[5.2.137-9a6e1]:main():compute-mfcc-feats.cc:173) Processed features for key ESC50_020U0032
VLOG[2] (compute-mfcc-feats[5.2.137-9a6e1]:main():compute-mfcc-feats.cc:173) Processed features for key ESC50_020U0033
VLOG[2] (compute-mfcc-feats[5.2.137-9a6e1]:main():compute-mfcc-feats.cc:173) Processed features for key ESC50_020U0034
VLOG[2] (compute-mfcc-feats[5.2.137-9a6e1]:main():compute-mfcc-feats.cc:173) Processed features for key ESC50_020U0035
VLOG[2] (compute-mfcc-feats[5.2.137-9a6e1]:main():compute-mfcc-feats.cc:173) Processed features for key ESC50_020U0036
VLOG[2] (compute-mfcc-feats[5.2.137-9a6e1]:main():compute-mfcc-feats.cc:173) Processed features for key ESC50_020U0037
VLOG[2] (compute-mfcc-feats[5.2.137-9a6e1]:main():compute-mfcc-feats.cc:173) Processed features for key ESC50_020U0038
LOG (compute-mfcc-feats[5.2.137-9a6e1]:main():compute-mfcc-feats.cc:172) Processed 340 utterances
VLOG[2] (compute-mfcc-feats[5.2.137-9a6e1]:main():compute-mfcc-feats.cc:173) Processed features for key ESC50_020U0039
VLOG[2] (compute-mfcc-feats[5.2.137-9a6e1]:main():compute-mfcc-feats.cc:173) Processed features for key ESC50_021U0000
VLOG[2] (compute-mfcc-feats[5.2.137-9a6e1]:main():compute-mfcc-feats.cc:173) Processed features for key ESC50_021U0001
VLOG[2] (compute-mfcc-feats[5.2.137-9a6e1]:main():compute-mfcc-feats.cc:173) Processed features for key ESC50_021U0002
VLOG[2] (compute-mfcc-feats[5.2.137-9a6e1]:main():compute-mfcc-feats.cc:173) Processed features for key ESC50_021U0003
VLOG[2] (compute-mfcc-feats[5.2.137-9a6e1]:main():compute-mfcc-feats.cc:173) Processed features for key ESC50_021U0004
VLOG[2] (compute-mfcc-feats[5.2.137-9a6e1]:main():compute-mfcc-feats.cc:173) Processed features for key ESC50_021U0005
VLOG[2] (compute-mfcc-feats[5.2.137-9a6e1]:main():compute-mfcc-feats.cc:173) Processed features for key ESC50_021U0006
VLOG[2] (compute-mfcc-feats[5.2.137-9a6e1]:main():compute-mfcc-feats.cc:173) Processed features for key ESC50_021U0007
VLOG[2] (compute-mfcc-feats[5.2.137-9a6e1]:main():compute-mfcc-feats.cc:173) Processed features for key ESC50_021U0008
LOG (compute-mfcc-feats[5.2.137-9a6e1]:main():compute-mfcc-feats.cc:172) Processed 350 utterances
VLOG[2] (compute-mfcc-feats[5.2.137-9a6e1]:main():compute-mfcc-feats.cc:173) Processed features for key ESC50_021U0009
VLOG[2] (compute-mfcc-feats[5.2.137-9a6e1]:main():compute-mfcc-feats.cc:173) Processed features for key ESC50_021U0010
VLOG[2] (compute-mfcc-feats[5.2.137-9a6e1]:main():compute-mfcc-feats.cc:173) Processed features for key ESC50_021U0011
VLOG[2] (compute-mfcc-feats[5.2.137-9a6e1]:main():compute-mfcc-feats.cc:173) Processed features for key ESC50_021U0012
VLOG[2] (compute-mfcc-feats[5.2.137-9a6e1]:main():compute-mfcc-feats.cc:173) Processed features for key ESC50_021U0013
VLOG[2] (compute-mfcc-feats[5.2.137-9a6e1]:main():compute-mfcc-feats.cc:173) Processed features for key ESC50_021U0014
VLOG[2] (compute-mfcc-feats[5.2.137-9a6e1]:main():compute-mfcc-feats.cc:173) Processed features for key ESC50_021U0015
VLOG[2] (compute-mfcc-feats[5.2.137-9a6e1]:main():compute-mfcc-feats.cc:173) Processed features for key ESC50_021U0016
VLOG[2] (compute-mfcc-feats[5.2.137-9a6e1]:main():compute-mfcc-feats.cc:173) Processed features for key ESC50_021U0017
VLOG[2] (compute-mfcc-feats[5.2.137-9a6e1]:main():compute-mfcc-feats.cc:173) Processed features for key ESC50_021U0018
LOG (compute-mfcc-feats[5.2.137-9a6e1]:main():compute-mfcc-feats.cc:172) Processed 360 utterances
VLOG[2] (compute-mfcc-feats[5.2.137-9a6e1]:main():compute-mfcc-feats.cc:173) Processed features for key ESC50_021U0019
VLOG[2] (compute-mfcc-feats[5.2.137-9a6e1]:main():compute-mfcc-feats.cc:173) Processed features for key ESC50_021U0020
VLOG[2] (compute-mfcc-feats[5.2.137-9a6e1]:main():compute-mfcc-feats.cc:173) Processed features for key ESC50_021U0021
VLOG[2] (compute-mfcc-feats[5.2.137-9a6e1]:main():compute-mfcc-feats.cc:173) Processed features for key ESC50_021U0022
VLOG[2] (compute-mfcc-feats[5.2.137-9a6e1]:main():compute-mfcc-feats.cc:173) Processed features for key ESC50_021U0023
VLOG[2] (compute-mfcc-feats[5.2.137-9a6e1]:main():compute-mfcc-feats.cc:173) Processed features for key ESC50_021U0024
VLOG[2] (compute-mfcc-feats[5.2.137-9a6e1]:main():compute-mfcc-feats.cc:173) Processed features for key ESC50_021U0025
VLOG[2] (compute-mfcc-feats[5.2.137-9a6e1]:main():compute-mfcc-feats.cc:173) Processed features for key ESC50_021U0026
VLOG[2] (compute-mfcc-feats[5.2.137-9a6e1]:main():compute-mfcc-feats.cc:173) Processed features for key ESC50_021U0027
VLOG[2] (compute-mfcc-feats[5.2.137-9a6e1]:main():compute-mfcc-feats.cc:173) Processed features for key ESC50_021U0028
LOG (compute-mfcc-feats[5.2.137-9a6e1]:main():compute-mfcc-feats.cc:172) Processed 370 utterances
VLOG[2] (compute-mfcc-feats[5.2.137-9a6e1]:main():compute-mfcc-feats.cc:173) Processed features for key ESC50_021U0029
VLOG[2] (compute-mfcc-feats[5.2.137-9a6e1]:main():compute-mfcc-feats.cc:173) Processed features for key ESC50_021U0030
VLOG[2] (compute-mfcc-feats[5.2.137-9a6e1]:main():compute-mfcc-feats.cc:173) Processed features for key ESC50_021U0031
VLOG[2] (compute-mfcc-feats[5.2.137-9a6e1]:main():compute-mfcc-feats.cc:173) Processed features for key ESC50_021U0032
VLOG[2] (compute-mfcc-feats[5.2.137-9a6e1]:main():compute-mfcc-feats.cc:173) Processed features for key ESC50_021U0033
VLOG[2] (compute-mfcc-feats[5.2.137-9a6e1]:main():compute-mfcc-feats.cc:173) Processed features for key ESC50_021U0034
VLOG[2] (compute-mfcc-feats[5.2.137-9a6e1]:main():compute-mfcc-feats.cc:173) Processed features for key ESC50_021U0035
VLOG[2] (compute-mfcc-feats[5.2.137-9a6e1]:main():compute-mfcc-feats.cc:173) Processed features for key ESC50_021U0036
VLOG[2] (compute-mfcc-feats[5.2.137-9a6e1]:main():compute-mfcc-feats.cc:173) Processed features for key ESC50_021U0037
VLOG[2] (compute-mfcc-feats[5.2.137-9a6e1]:main():compute-mfcc-feats.cc:173) Processed features for key ESC50_021U0038
LOG (compute-mfcc-feats[5.2.137-9a6e1]:main():compute-mfcc-feats.cc:172) Processed 380 utterances
VLOG[2] (compute-mfcc-feats[5.2.137-9a6e1]:main():compute-mfcc-feats.cc:173) Processed features for key ESC50_021U0039
VLOG[2] (compute-mfcc-feats[5.2.137-9a6e1]:main():compute-mfcc-feats.cc:173) Processed features for key ESC50_022U0000
VLOG[2] (compute-mfcc-feats[5.2.137-9a6e1]:main():compute-mfcc-feats.cc:173) Processed features for key ESC50_022U0001
VLOG[2] (compute-mfcc-feats[5.2.137-9a6e1]:main():compute-mfcc-feats.cc:173) Processed features for key ESC50_022U0002
VLOG[2] (compute-mfcc-feats[5.2.137-9a6e1]:main():compute-mfcc-feats.cc:173) Processed features for key ESC50_022U0003
VLOG[2] (compute-mfcc-feats[5.2.137-9a6e1]:main():compute-mfcc-feats.cc:173) Processed features for key ESC50_022U0004
VLOG[2] (compute-mfcc-feats[5.2.137-9a6e1]:main():compute-mfcc-feats.cc:173) Processed features for key ESC50_022U0005
VLOG[2] (compute-mfcc-feats[5.2.137-9a6e1]:main():compute-mfcc-feats.cc:173) Processed features for key ESC50_022U0006
VLOG[2] (compute-mfcc-feats[5.2.137-9a6e1]:main():compute-mfcc-feats.cc:173) Processed features for key ESC50_022U0007
VLOG[2] (compute-mfcc-feats[5.2.137-9a6e1]:main():compute-mfcc-feats.cc:173) Processed features for key ESC50_022U0008
LOG (compute-mfcc-feats[5.2.137-9a6e1]:main():compute-mfcc-feats.cc:172) Processed 390 utterances
VLOG[2] (compute-mfcc-feats[5.2.137-9a6e1]:main():compute-mfcc-feats.cc:173) Processed features for key ESC50_022U0009
VLOG[2] (compute-mfcc-feats[5.2.137-9a6e1]:main():compute-mfcc-feats.cc:173) Processed features for key ESC50_022U0010
VLOG[2] (compute-mfcc-feats[5.2.137-9a6e1]:main():compute-mfcc-feats.cc:173) Processed features for key ESC50_022U0011
VLOG[2] (compute-mfcc-feats[5.2.137-9a6e1]:main():compute-mfcc-feats.cc:173) Processed features for key ESC50_022U0012
VLOG[2] (compute-mfcc-feats[5.2.137-9a6e1]:main():compute-mfcc-feats.cc:173) Processed features for key ESC50_022U0013
VLOG[2] (compute-mfcc-feats[5.2.137-9a6e1]:main():compute-mfcc-feats.cc:173) Processed features for key ESC50_022U0014
VLOG[2] (compute-mfcc-feats[5.2.137-9a6e1]:main():compute-mfcc-feats.cc:173) Processed features for key ESC50_022U0015
VLOG[2] (compute-mfcc-feats[5.2.137-9a6e1]:main():compute-mfcc-feats.cc:173) Processed features for key ESC50_022U0016
VLOG[2] (compute-mfcc-feats[5.2.137-9a6e1]:main():compute-mfcc-feats.cc:173) Processed features for key ESC50_022U0017
VLOG[2] (compute-mfcc-feats[5.2.137-9a6e1]:main():compute-mfcc-feats.cc:173) Processed features for key ESC50_022U0018
LOG (compute-mfcc-feats[5.2.137-9a6e1]:main():compute-mfcc-feats.cc:172) Processed 400 utterances
VLOG[2] (compute-mfcc-feats[5.2.137-9a6e1]:main():compute-mfcc-feats.cc:173) Processed features for key ESC50_022U0019
VLOG[2] (compute-mfcc-feats[5.2.137-9a6e1]:main():compute-mfcc-feats.cc:173) Processed features for key ESC50_022U0020
VLOG[2] (compute-mfcc-feats[5.2.137-9a6e1]:main():compute-mfcc-feats.cc:173) Processed features for key ESC50_022U0021
VLOG[2] (compute-mfcc-feats[5.2.137-9a6e1]:main():compute-mfcc-feats.cc:173) Processed features for key ESC50_022U0022
VLOG[2] (compute-mfcc-feats[5.2.137-9a6e1]:main():compute-mfcc-feats.cc:173) Processed features for key ESC50_022U0023
VLOG[2] (compute-mfcc-feats[5.2.137-9a6e1]:main():compute-mfcc-feats.cc:173) Processed features for key ESC50_022U0024
VLOG[2] (compute-mfcc-feats[5.2.137-9a6e1]:main():compute-mfcc-feats.cc:173) Processed features for key ESC50_022U0025
VLOG[2] (compute-mfcc-feats[5.2.137-9a6e1]:main():compute-mfcc-feats.cc:173) Processed features for key ESC50_022U0026
VLOG[2] (compute-mfcc-feats[5.2.137-9a6e1]:main():compute-mfcc-feats.cc:173) Processed features for key ESC50_022U0027
VLOG[2] (compute-mfcc-feats[5.2.137-9a6e1]:main():compute-mfcc-feats.cc:173) Processed features for key ESC50_022U0028
LOG (compute-mfcc-feats[5.2.137-9a6e1]:main():compute-mfcc-feats.cc:172) Processed 410 utterances
VLOG[2] (compute-mfcc-feats[5.2.137-9a6e1]:main():compute-mfcc-feats.cc:173) Processed features for key ESC50_022U0029
VLOG[2] (compute-mfcc-feats[5.2.137-9a6e1]:main():compute-mfcc-feats.cc:173) Processed features for key ESC50_022U0030
VLOG[2] (compute-mfcc-feats[5.2.137-9a6e1]:main():compute-mfcc-feats.cc:173) Processed features for key ESC50_022U0031
VLOG[2] (compute-mfcc-feats[5.2.137-9a6e1]:main():compute-mfcc-feats.cc:173) Processed features for key ESC50_022U0032
VLOG[2] (compute-mfcc-feats[5.2.137-9a6e1]:main():compute-mfcc-feats.cc:173) Processed features for key ESC50_022U0033
VLOG[2] (compute-mfcc-feats[5.2.137-9a6e1]:main():compute-mfcc-feats.cc:173) Processed features for key ESC50_022U0034
VLOG[2] (compute-mfcc-feats[5.2.137-9a6e1]:main():compute-mfcc-feats.cc:173) Processed features for key ESC50_022U0035
VLOG[2] (compute-mfcc-feats[5.2.137-9a6e1]:main():compute-mfcc-feats.cc:173) Processed features for key ESC50_022U0036
VLOG[2] (compute-mfcc-feats[5.2.137-9a6e1]:main():compute-mfcc-feats.cc:173) Processed features for key ESC50_022U0037
VLOG[2] (compute-mfcc-feats[5.2.137-9a6e1]:main():compute-mfcc-feats.cc:173) Processed features for key ESC50_022U0038
LOG (compute-mfcc-feats[5.2.137-9a6e1]:main():compute-mfcc-feats.cc:172) Processed 420 utterances
VLOG[2] (compute-mfcc-feats[5.2.137-9a6e1]:main():compute-mfcc-feats.cc:173) Processed features for key ESC50_022U0039
VLOG[2] (compute-mfcc-feats[5.2.137-9a6e1]:main():compute-mfcc-feats.cc:173) Processed features for key ESC50_023U0000
VLOG[2] (compute-mfcc-feats[5.2.137-9a6e1]:main():compute-mfcc-feats.cc:173) Processed features for key ESC50_023U0001
VLOG[2] (compute-mfcc-feats[5.2.137-9a6e1]:main():compute-mfcc-feats.cc:173) Processed features for key ESC50_023U0002
VLOG[2] (compute-mfcc-feats[5.2.137-9a6e1]:main():compute-mfcc-feats.cc:173) Processed features for key ESC50_023U0003
VLOG[2] (compute-mfcc-feats[5.2.137-9a6e1]:main():compute-mfcc-feats.cc:173) Processed features for key ESC50_023U0004
VLOG[2] (compute-mfcc-feats[5.2.137-9a6e1]:main():compute-mfcc-feats.cc:173) Processed features for key ESC50_023U0005
VLOG[2] (compute-mfcc-feats[5.2.137-9a6e1]:main():compute-mfcc-feats.cc:173) Processed features for key ESC50_023U0006
VLOG[2] (compute-mfcc-feats[5.2.137-9a6e1]:main():compute-mfcc-feats.cc:173) Processed features for key ESC50_023U0007
VLOG[2] (compute-mfcc-feats[5.2.137-9a6e1]:main():compute-mfcc-feats.cc:173) Processed features for key ESC50_023U0008
LOG (compute-mfcc-feats[5.2.137-9a6e1]:main():compute-mfcc-feats.cc:172) Processed 430 utterances
VLOG[2] (compute-mfcc-feats[5.2.137-9a6e1]:main():compute-mfcc-feats.cc:173) Processed features for key ESC50_023U0009
VLOG[2] (compute-mfcc-feats[5.2.137-9a6e1]:main():compute-mfcc-feats.cc:173) Processed features for key ESC50_023U0010
VLOG[2] (compute-mfcc-feats[5.2.137-9a6e1]:main():compute-mfcc-feats.cc:173) Processed features for key ESC50_023U0011
VLOG[2] (compute-mfcc-feats[5.2.137-9a6e1]:main():compute-mfcc-feats.cc:173) Processed features for key ESC50_023U0012
VLOG[2] (compute-mfcc-feats[5.2.137-9a6e1]:main():compute-mfcc-feats.cc:173) Processed features for key ESC50_023U0013
VLOG[2] (compute-mfcc-feats[5.2.137-9a6e1]:main():compute-mfcc-feats.cc:173) Processed features for key ESC50_023U0014
VLOG[2] (compute-mfcc-feats[5.2.137-9a6e1]:main():compute-mfcc-feats.cc:173) Processed features for key ESC50_023U0015
VLOG[2] (compute-mfcc-feats[5.2.137-9a6e1]:main():compute-mfcc-feats.cc:173) Processed features for key ESC50_023U0016
VLOG[2] (compute-mfcc-feats[5.2.137-9a6e1]:main():compute-mfcc-feats.cc:173) Processed features for key ESC50_023U0017
VLOG[2] (compute-mfcc-feats[5.2.137-9a6e1]:main():compute-mfcc-feats.cc:173) Processed features for key ESC50_023U0018
LOG (compute-mfcc-feats[5.2.137-9a6e1]:main():compute-mfcc-feats.cc:172) Processed 440 utterances
VLOG[2] (compute-mfcc-feats[5.2.137-9a6e1]:main():compute-mfcc-feats.cc:173) Processed features for key ESC50_023U0019
VLOG[2] (compute-mfcc-feats[5.2.137-9a6e1]:main():compute-mfcc-feats.cc:173) Processed features for key ESC50_023U0020
VLOG[2] (compute-mfcc-feats[5.2.137-9a6e1]:main():compute-mfcc-feats.cc:173) Processed features for key ESC50_023U0021
VLOG[2] (compute-mfcc-feats[5.2.137-9a6e1]:main():compute-mfcc-feats.cc:173) Processed features for key ESC50_023U0022
VLOG[2] (compute-mfcc-feats[5.2.137-9a6e1]:main():compute-mfcc-feats.cc:173) Processed features for key ESC50_023U0023
VLOG[2] (compute-mfcc-feats[5.2.137-9a6e1]:main():compute-mfcc-feats.cc:173) Processed features for key ESC50_023U0024
VLOG[2] (compute-mfcc-feats[5.2.137-9a6e1]:main():compute-mfcc-feats.cc:173) Processed features for key ESC50_023U0025
VLOG[2] (compute-mfcc-feats[5.2.137-9a6e1]:main():compute-mfcc-feats.cc:173) Processed features for key ESC50_023U0026
VLOG[2] (compute-mfcc-feats[5.2.137-9a6e1]:main():compute-mfcc-feats.cc:173) Processed features for key ESC50_023U0027
VLOG[2] (compute-mfcc-feats[5.2.137-9a6e1]:main():compute-mfcc-feats.cc:173) Processed features for key ESC50_023U0028
LOG (compute-mfcc-feats[5.2.137-9a6e1]:main():compute-mfcc-feats.cc:172) Processed 450 utterances
VLOG[2] (compute-mfcc-feats[5.2.137-9a6e1]:main():compute-mfcc-feats.cc:173) Processed features for key ESC50_023U0029
VLOG[2] (compute-mfcc-feats[5.2.137-9a6e1]:main():compute-mfcc-feats.cc:173) Processed features for key ESC50_023U0030
VLOG[2] (compute-mfcc-feats[5.2.137-9a6e1]:main():compute-mfcc-feats.cc:173) Processed features for key ESC50_023U0031
VLOG[2] (compute-mfcc-feats[5.2.137-9a6e1]:main():compute-mfcc-feats.cc:173) Processed features for key ESC50_023U0032
VLOG[2] (compute-mfcc-feats[5.2.137-9a6e1]:main():compute-mfcc-feats.cc:173) Processed features for key ESC50_023U0033
VLOG[2] (compute-mfcc-feats[5.2.137-9a6e1]:main():compute-mfcc-feats.cc:173) Processed features for key ESC50_023U0034
VLOG[2] (compute-mfcc-feats[5.2.137-9a6e1]:main():compute-mfcc-feats.cc:173) Processed features for key ESC50_023U0035
VLOG[2] (compute-mfcc-feats[5.2.137-9a6e1]:main():compute-mfcc-feats.cc:173) Processed features for key ESC50_023U0036
VLOG[2] (compute-mfcc-feats[5.2.137-9a6e1]:main():compute-mfcc-feats.cc:173) Processed features for key ESC50_023U0037
VLOG[2] (compute-mfcc-feats[5.2.137-9a6e1]:main():compute-mfcc-feats.cc:173) Processed features for key ESC50_023U0038
LOG (compute-mfcc-feats[5.2.137-9a6e1]:main():compute-mfcc-feats.cc:172) Processed 460 utterances
VLOG[2] (compute-mfcc-feats[5.2.137-9a6e1]:main():compute-mfcc-feats.cc:173) Processed features for key ESC50_023U0039
VLOG[2] (compute-mfcc-feats[5.2.137-9a6e1]:main():compute-mfcc-feats.cc:173) Processed features for key ESC50_024U0000
VLOG[2] (compute-mfcc-feats[5.2.137-9a6e1]:main():compute-mfcc-feats.cc:173) Processed features for key ESC50_024U0001
VLOG[2] (compute-mfcc-feats[5.2.137-9a6e1]:main():compute-mfcc-feats.cc:173) Processed features for key ESC50_024U0002
VLOG[2] (compute-mfcc-feats[5.2.137-9a6e1]:main():compute-mfcc-feats.cc:173) Processed features for key ESC50_024U0003
VLOG[2] (compute-mfcc-feats[5.2.137-9a6e1]:main():compute-mfcc-feats.cc:173) Processed features for key ESC50_024U0004
VLOG[2] (compute-mfcc-feats[5.2.137-9a6e1]:main():compute-mfcc-feats.cc:173) Processed features for key ESC50_024U0005
VLOG[2] (compute-mfcc-feats[5.2.137-9a6e1]:main():compute-mfcc-feats.cc:173) Processed features for key ESC50_024U0006
VLOG[2] (compute-mfcc-feats[5.2.137-9a6e1]:main():compute-mfcc-feats.cc:173) Processed features for key ESC50_024U0007
VLOG[2] (compute-mfcc-feats[5.2.137-9a6e1]:main():compute-mfcc-feats.cc:173) Processed features for key ESC50_024U0008
LOG (compute-mfcc-feats[5.2.137-9a6e1]:main():compute-mfcc-feats.cc:172) Processed 470 utterances
VLOG[2] (compute-mfcc-feats[5.2.137-9a6e1]:main():compute-mfcc-feats.cc:173) Processed features for key ESC50_024U0009
VLOG[2] (compute-mfcc-feats[5.2.137-9a6e1]:main():compute-mfcc-feats.cc:173) Processed features for key ESC50_024U0010
VLOG[2] (compute-mfcc-feats[5.2.137-9a6e1]:main():compute-mfcc-feats.cc:173) Processed features for key ESC50_024U0011
VLOG[2] (compute-mfcc-feats[5.2.137-9a6e1]:main():compute-mfcc-feats.cc:173) Processed features for key ESC50_024U0012
VLOG[2] (compute-mfcc-feats[5.2.137-9a6e1]:main():compute-mfcc-feats.cc:173) Processed features for key ESC50_024U0013
VLOG[2] (compute-mfcc-feats[5.2.137-9a6e1]:main():compute-mfcc-feats.cc:173) Processed features for key ESC50_024U0014
VLOG[2] (compute-mfcc-feats[5.2.137-9a6e1]:main():compute-mfcc-feats.cc:173) Processed features for key ESC50_024U0015
VLOG[2] (compute-mfcc-feats[5.2.137-9a6e1]:main():compute-mfcc-feats.cc:173) Processed features for key ESC50_024U0016
VLOG[2] (compute-mfcc-feats[5.2.137-9a6e1]:main():compute-mfcc-feats.cc:173) Processed features for key ESC50_024U0017
VLOG[2] (compute-mfcc-feats[5.2.137-9a6e1]:main():compute-mfcc-feats.cc:173) Processed features for key ESC50_024U0018
LOG (compute-mfcc-feats[5.2.137-9a6e1]:main():compute-mfcc-feats.cc:172) Processed 480 utterances
VLOG[2] (compute-mfcc-feats[5.2.137-9a6e1]:main():compute-mfcc-feats.cc:173) Processed features for key ESC50_024U0019
VLOG[2] (compute-mfcc-feats[5.2.137-9a6e1]:main():compute-mfcc-feats.cc:173) Processed features for key ESC50_024U0020
VLOG[2] (compute-mfcc-feats[5.2.137-9a6e1]:main():compute-mfcc-feats.cc:173) Processed features for key ESC50_024U0021
VLOG[2] (compute-mfcc-feats[5.2.137-9a6e1]:main():compute-mfcc-feats.cc:173) Processed features for key ESC50_024U0022
VLOG[2] (compute-mfcc-feats[5.2.137-9a6e1]:main():compute-mfcc-feats.cc:173) Processed features for key ESC50_024U0023
VLOG[2] (compute-mfcc-feats[5.2.137-9a6e1]:main():compute-mfcc-feats.cc:173) Processed features for key ESC50_024U0024
VLOG[2] (compute-mfcc-feats[5.2.137-9a6e1]:main():compute-mfcc-feats.cc:173) Processed features for key ESC50_024U0025
VLOG[2] (compute-mfcc-feats[5.2.137-9a6e1]:main():compute-mfcc-feats.cc:173) Processed features for key ESC50_024U0026
VLOG[2] (compute-mfcc-feats[5.2.137-9a6e1]:main():compute-mfcc-feats.cc:173) Processed features for key ESC50_024U0027
VLOG[2] (compute-mfcc-feats[5.2.137-9a6e1]:main():compute-mfcc-feats.cc:173) Processed features for key ESC50_024U0028
LOG (compute-mfcc-feats[5.2.137-9a6e1]:main():compute-mfcc-feats.cc:172) Processed 490 utterances
VLOG[2] (compute-mfcc-feats[5.2.137-9a6e1]:main():compute-mfcc-feats.cc:173) Processed features for key ESC50_024U0029
VLOG[2] (compute-mfcc-feats[5.2.137-9a6e1]:main():compute-mfcc-feats.cc:173) Processed features for key ESC50_024U0030
VLOG[2] (compute-mfcc-feats[5.2.137-9a6e1]:main():compute-mfcc-feats.cc:173) Processed features for key ESC50_024U0031
VLOG[2] (compute-mfcc-feats[5.2.137-9a6e1]:main():compute-mfcc-feats.cc:173) Processed features for key ESC50_024U0032
VLOG[2] (compute-mfcc-feats[5.2.137-9a6e1]:main():compute-mfcc-feats.cc:173) Processed features for key ESC50_024U0033
VLOG[2] (compute-mfcc-feats[5.2.137-9a6e1]:main():compute-mfcc-feats.cc:173) Processed features for key ESC50_024U0034
VLOG[2] (compute-mfcc-feats[5.2.137-9a6e1]:main():compute-mfcc-feats.cc:173) Processed features for key ESC50_024U0035
VLOG[2] (compute-mfcc-feats[5.2.137-9a6e1]:main():compute-mfcc-feats.cc:173) Processed features for key ESC50_024U0036
VLOG[2] (compute-mfcc-feats[5.2.137-9a6e1]:main():compute-mfcc-feats.cc:173) Processed features for key ESC50_024U0037
VLOG[2] (compute-mfcc-feats[5.2.137-9a6e1]:main():compute-mfcc-feats.cc:173) Processed features for key ESC50_024U0038
LOG (compute-mfcc-feats[5.2.137-9a6e1]:main():compute-mfcc-feats.cc:172) Processed 500 utterances
VLOG[2] (compute-mfcc-feats[5.2.137-9a6e1]:main():compute-mfcc-feats.cc:173) Processed features for key ESC50_024U0039
LOG (compute-mfcc-feats[5.2.137-9a6e1]:main():compute-mfcc-feats.cc:176)  Done 500 out of 500 utterances.
LOG (copy-feats[5.2.137-9a6e1]:main():copy-feats.cc:143) Copied 500 feature matrices.
# Accounting: time=59 threads=1
# Ended (code 0) at Mon Jan  1 17:00:46 CST 2018, elapsed time 59 seconds
