# compute-mfcc-feats --verbose=2 --config=conf/mfcc.conf scp,p:exp/make_mfcc/wav_files_ESC10.2.scp ark:- | copy-feats --compress=true ark:- ark,scp:/home/lj/work/project/2017-11-24/Module/tools/../mfcc_ESC10/raw_mfcc_files_ESC10.2.ark,/home/lj/work/project/2017-11-24/Module/tools/../mfcc_ESC10/raw_mfcc_files_ESC10.2.scp 
# Started at Mon Jan  1 16:49:11 CST 2018
#
copy-feats --compress=true ark:- ark,scp:/home/lj/work/project/2017-11-24/Module/tools/../mfcc_ESC10/raw_mfcc_files_ESC10.2.ark,/home/lj/work/project/2017-11-24/Module/tools/../mfcc_ESC10/raw_mfcc_files_ESC10.2.scp 
compute-mfcc-feats --verbose=2 --config=conf/mfcc.conf scp,p:exp/make_mfcc/wav_files_ESC10.2.scp ark:- 
VLOG[2] (compute-mfcc-feats[5.2.137-9a6e1]:main():compute-mfcc-feats.cc:173) Processed features for key ESC10_002U0020
VLOG[2] (compute-mfcc-feats[5.2.137-9a6e1]:main():compute-mfcc-feats.cc:173) Processed features for key ESC10_002U0021
VLOG[2] (compute-mfcc-feats[5.2.137-9a6e1]:main():compute-mfcc-feats.cc:173) Processed features for key ESC10_002U0022
VLOG[2] (compute-mfcc-feats[5.2.137-9a6e1]:main():compute-mfcc-feats.cc:173) Processed features for key ESC10_002U0023
VLOG[2] (compute-mfcc-feats[5.2.137-9a6e1]:main():compute-mfcc-feats.cc:173) Processed features for key ESC10_002U0024
VLOG[2] (compute-mfcc-feats[5.2.137-9a6e1]:main():compute-mfcc-feats.cc:173) Processed features for key ESC10_002U0025
VLOG[2] (compute-mfcc-feats[5.2.137-9a6e1]:main():compute-mfcc-feats.cc:173) Processed features for key ESC10_002U0026
VLOG[2] (compute-mfcc-feats[5.2.137-9a6e1]:main():compute-mfcc-feats.cc:173) Processed features for key ESC10_002U0027
VLOG[2] (compute-mfcc-feats[5.2.137-9a6e1]:main():compute-mfcc-feats.cc:173) Processed features for key ESC10_002U0028
LOG (compute-mfcc-feats[5.2.137-9a6e1]:main():compute-mfcc-feats.cc:172) Processed 10 utterances
VLOG[2] (compute-mfcc-feats[5.2.137-9a6e1]:main():compute-mfcc-feats.cc:173) Processed features for key ESC10_002U0029
VLOG[2] (compute-mfcc-feats[5.2.137-9a6e1]:main():compute-mfcc-feats.cc:173) Processed features for key ESC10_002U0030
VLOG[2] (compute-mfcc-feats[5.2.137-9a6e1]:main():compute-mfcc-feats.cc:173) Processed features for key ESC10_002U0031
VLOG[2] (compute-mfcc-feats[5.2.137-9a6e1]:main():compute-mfcc-feats.cc:173) Processed features for key ESC10_002U0032
VLOG[2] (compute-mfcc-feats[5.2.137-9a6e1]:main():compute-mfcc-feats.cc:173) Processed features for key ESC10_002U0033
VLOG[2] (compute-mfcc-feats[5.2.137-9a6e1]:main():compute-mfcc-feats.cc:173) Processed features for key ESC10_002U0034
VLOG[2] (compute-mfcc-feats[5.2.137-9a6e1]:main():compute-mfcc-feats.cc:173) Processed features for key ESC10_002U0035
VLOG[2] (compute-mfcc-feats[5.2.137-9a6e1]:main():compute-mfcc-feats.cc:173) Processed features for key ESC10_002U0036
VLOG[2] (compute-mfcc-feats[5.2.137-9a6e1]:main():compute-mfcc-feats.cc:173) Processed features for key ESC10_002U0037
VLOG[2] (compute-mfcc-feats[5.2.137-9a6e1]:main():compute-mfcc-feats.cc:173) Processed features for key ESC10_002U0038
LOG (compute-mfcc-feats[5.2.137-9a6e1]:main():compute-mfcc-feats.cc:172) Processed 20 utterances
VLOG[2] (compute-mfcc-feats[5.2.137-9a6e1]:main():compute-mfcc-feats.cc:173) Processed features for key ESC10_002U0039
VLOG[2] (compute-mfcc-feats[5.2.137-9a6e1]:main():compute-mfcc-feats.cc:173) Processed features for key ESC10_003U0000
VLOG[2] (compute-mfcc-feats[5.2.137-9a6e1]:main():compute-mfcc-feats.cc:173) Processed features for key ESC10_003U0001
VLOG[2] (compute-mfcc-feats[5.2.137-9a6e1]:main():compute-mfcc-feats.cc:173) Processed features for key ESC10_003U0002
VLOG[2] (compute-mfcc-feats[5.2.137-9a6e1]:main():compute-mfcc-feats.cc:173) Processed features for key ESC10_003U0003
VLOG[2] (compute-mfcc-feats[5.2.137-9a6e1]:main():compute-mfcc-feats.cc:173) Processed features for key ESC10_003U0004
VLOG[2] (compute-mfcc-feats[5.2.137-9a6e1]:main():compute-mfcc-feats.cc:173) Processed features for key ESC10_003U0005
VLOG[2] (compute-mfcc-feats[5.2.137-9a6e1]:main():compute-mfcc-feats.cc:173) Processed features for key ESC10_003U0006
VLOG[2] (compute-mfcc-feats[5.2.137-9a6e1]:main():compute-mfcc-feats.cc:173) Processed features for key ESC10_003U0007
VLOG[2] (compute-mfcc-feats[5.2.137-9a6e1]:main():compute-mfcc-feats.cc:173) Processed features for key ESC10_003U0008
LOG (compute-mfcc-feats[5.2.137-9a6e1]:main():compute-mfcc-feats.cc:172) Processed 30 utterances
VLOG[2] (compute-mfcc-feats[5.2.137-9a6e1]:main():compute-mfcc-feats.cc:173) Processed features for key ESC10_003U0009
VLOG[2] (compute-mfcc-feats[5.2.137-9a6e1]:main():compute-mfcc-feats.cc:173) Processed features for key ESC10_003U0010
VLOG[2] (compute-mfcc-feats[5.2.137-9a6e1]:main():compute-mfcc-feats.cc:173) Processed features for key ESC10_003U0011
VLOG[2] (compute-mfcc-feats[5.2.137-9a6e1]:main():compute-mfcc-feats.cc:173) Processed features for key ESC10_003U0012
VLOG[2] (compute-mfcc-feats[5.2.137-9a6e1]:main():compute-mfcc-feats.cc:173) Processed features for key ESC10_003U0013
VLOG[2] (compute-mfcc-feats[5.2.137-9a6e1]:main():compute-mfcc-feats.cc:173) Processed features for key ESC10_003U0014
VLOG[2] (compute-mfcc-feats[5.2.137-9a6e1]:main():compute-mfcc-feats.cc:173) Processed features for key ESC10_003U0015
VLOG[2] (compute-mfcc-feats[5.2.137-9a6e1]:main():compute-mfcc-feats.cc:173) Processed features for key ESC10_003U0016
VLOG[2] (compute-mfcc-feats[5.2.137-9a6e1]:main():compute-mfcc-feats.cc:173) Processed features for key ESC10_003U0017
VLOG[2] (compute-mfcc-feats[5.2.137-9a6e1]:main():compute-mfcc-feats.cc:173) Processed features for key ESC10_003U0018
LOG (compute-mfcc-feats[5.2.137-9a6e1]:main():compute-mfcc-feats.cc:172) Processed 40 utterances
VLOG[2] (compute-mfcc-feats[5.2.137-9a6e1]:main():compute-mfcc-feats.cc:173) Processed features for key ESC10_003U0019
VLOG[2] (compute-mfcc-feats[5.2.137-9a6e1]:main():compute-mfcc-feats.cc:173) Processed features for key ESC10_003U0020
VLOG[2] (compute-mfcc-feats[5.2.137-9a6e1]:main():compute-mfcc-feats.cc:173) Processed features for key ESC10_003U0021
VLOG[2] (compute-mfcc-feats[5.2.137-9a6e1]:main():compute-mfcc-feats.cc:173) Processed features for key ESC10_003U0022
VLOG[2] (compute-mfcc-feats[5.2.137-9a6e1]:main():compute-mfcc-feats.cc:173) Processed features for key ESC10_003U0023
VLOG[2] (compute-mfcc-feats[5.2.137-9a6e1]:main():compute-mfcc-feats.cc:173) Processed features for key ESC10_003U0024
VLOG[2] (compute-mfcc-feats[5.2.137-9a6e1]:main():compute-mfcc-feats.cc:173) Processed features for key ESC10_003U0025
VLOG[2] (compute-mfcc-feats[5.2.137-9a6e1]:main():compute-mfcc-feats.cc:173) Processed features for key ESC10_003U0026
VLOG[2] (compute-mfcc-feats[5.2.137-9a6e1]:main():compute-mfcc-feats.cc:173) Processed features for key ESC10_003U0027
VLOG[2] (compute-mfcc-feats[5.2.137-9a6e1]:main():compute-mfcc-feats.cc:173) Processed features for key ESC10_003U0028
LOG (compute-mfcc-feats[5.2.137-9a6e1]:main():compute-mfcc-feats.cc:172) Processed 50 utterances
VLOG[2] (compute-mfcc-feats[5.2.137-9a6e1]:main():compute-mfcc-feats.cc:173) Processed features for key ESC10_003U0029
VLOG[2] (compute-mfcc-feats[5.2.137-9a6e1]:main():compute-mfcc-feats.cc:173) Processed features for key ESC10_003U0030
VLOG[2] (compute-mfcc-feats[5.2.137-9a6e1]:main():compute-mfcc-feats.cc:173) Processed features for key ESC10_003U0031
VLOG[2] (compute-mfcc-feats[5.2.137-9a6e1]:main():compute-mfcc-feats.cc:173) Processed features for key ESC10_003U0032
VLOG[2] (compute-mfcc-feats[5.2.137-9a6e1]:main():compute-mfcc-feats.cc:173) Processed features for key ESC10_003U0033
VLOG[2] (compute-mfcc-feats[5.2.137-9a6e1]:main():compute-mfcc-feats.cc:173) Processed features for key ESC10_003U0034
VLOG[2] (compute-mfcc-feats[5.2.137-9a6e1]:main():compute-mfcc-feats.cc:173) Processed features for key ESC10_003U0035
VLOG[2] (compute-mfcc-feats[5.2.137-9a6e1]:main():compute-mfcc-feats.cc:173) Processed features for key ESC10_003U0036
VLOG[2] (compute-mfcc-feats[5.2.137-9a6e1]:main():compute-mfcc-feats.cc:173) Processed features for key ESC10_003U0037
VLOG[2] (compute-mfcc-feats[5.2.137-9a6e1]:main():compute-mfcc-feats.cc:173) Processed features for key ESC10_003U0038
LOG (compute-mfcc-feats[5.2.137-9a6e1]:main():compute-mfcc-feats.cc:172) Processed 60 utterances
VLOG[2] (compute-mfcc-feats[5.2.137-9a6e1]:main():compute-mfcc-feats.cc:173) Processed features for key ESC10_003U0039
VLOG[2] (compute-mfcc-feats[5.2.137-9a6e1]:main():compute-mfcc-feats.cc:173) Processed features for key ESC10_004U0000
VLOG[2] (compute-mfcc-feats[5.2.137-9a6e1]:main():compute-mfcc-feats.cc:173) Processed features for key ESC10_004U0001
VLOG[2] (compute-mfcc-feats[5.2.137-9a6e1]:main():compute-mfcc-feats.cc:173) Processed features for key ESC10_004U0002
VLOG[2] (compute-mfcc-feats[5.2.137-9a6e1]:main():compute-mfcc-feats.cc:173) Processed features for key ESC10_004U0003
VLOG[2] (compute-mfcc-feats[5.2.137-9a6e1]:main():compute-mfcc-feats.cc:173) Processed features for key ESC10_004U0004
VLOG[2] (compute-mfcc-feats[5.2.137-9a6e1]:main():compute-mfcc-feats.cc:173) Processed features for key ESC10_004U0005
VLOG[2] (compute-mfcc-feats[5.2.137-9a6e1]:main():compute-mfcc-feats.cc:173) Processed features for key ESC10_004U0006
VLOG[2] (compute-mfcc-feats[5.2.137-9a6e1]:main():compute-mfcc-feats.cc:173) Processed features for key ESC10_004U0007
VLOG[2] (compute-mfcc-feats[5.2.137-9a6e1]:main():compute-mfcc-feats.cc:173) Processed features for key ESC10_004U0008
LOG (compute-mfcc-feats[5.2.137-9a6e1]:main():compute-mfcc-feats.cc:172) Processed 70 utterances
VLOG[2] (compute-mfcc-feats[5.2.137-9a6e1]:main():compute-mfcc-feats.cc:173) Processed features for key ESC10_004U0009
VLOG[2] (compute-mfcc-feats[5.2.137-9a6e1]:main():compute-mfcc-feats.cc:173) Processed features for key ESC10_004U0010
VLOG[2] (compute-mfcc-feats[5.2.137-9a6e1]:main():compute-mfcc-feats.cc:173) Processed features for key ESC10_004U0011
VLOG[2] (compute-mfcc-feats[5.2.137-9a6e1]:main():compute-mfcc-feats.cc:173) Processed features for key ESC10_004U0012
VLOG[2] (compute-mfcc-feats[5.2.137-9a6e1]:main():compute-mfcc-feats.cc:173) Processed features for key ESC10_004U0013
VLOG[2] (compute-mfcc-feats[5.2.137-9a6e1]:main():compute-mfcc-feats.cc:173) Processed features for key ESC10_004U0014
VLOG[2] (compute-mfcc-feats[5.2.137-9a6e1]:main():compute-mfcc-feats.cc:173) Processed features for key ESC10_004U0015
VLOG[2] (compute-mfcc-feats[5.2.137-9a6e1]:main():compute-mfcc-feats.cc:173) Processed features for key ESC10_004U0016
VLOG[2] (compute-mfcc-feats[5.2.137-9a6e1]:main():compute-mfcc-feats.cc:173) Processed features for key ESC10_004U0017
VLOG[2] (compute-mfcc-feats[5.2.137-9a6e1]:main():compute-mfcc-feats.cc:173) Processed features for key ESC10_004U0018
LOG (compute-mfcc-feats[5.2.137-9a6e1]:main():compute-mfcc-feats.cc:172) Processed 80 utterances
VLOG[2] (compute-mfcc-feats[5.2.137-9a6e1]:main():compute-mfcc-feats.cc:173) Processed features for key ESC10_004U0019
VLOG[2] (compute-mfcc-feats[5.2.137-9a6e1]:main():compute-mfcc-feats.cc:173) Processed features for key ESC10_004U0020
VLOG[2] (compute-mfcc-feats[5.2.137-9a6e1]:main():compute-mfcc-feats.cc:173) Processed features for key ESC10_004U0021
VLOG[2] (compute-mfcc-feats[5.2.137-9a6e1]:main():compute-mfcc-feats.cc:173) Processed features for key ESC10_004U0022
VLOG[2] (compute-mfcc-feats[5.2.137-9a6e1]:main():compute-mfcc-feats.cc:173) Processed features for key ESC10_004U0023
VLOG[2] (compute-mfcc-feats[5.2.137-9a6e1]:main():compute-mfcc-feats.cc:173) Processed features for key ESC10_004U0024
VLOG[2] (compute-mfcc-feats[5.2.137-9a6e1]:main():compute-mfcc-feats.cc:173) Processed features for key ESC10_004U0025
VLOG[2] (compute-mfcc-feats[5.2.137-9a6e1]:main():compute-mfcc-feats.cc:173) Processed features for key ESC10_004U0026
VLOG[2] (compute-mfcc-feats[5.2.137-9a6e1]:main():compute-mfcc-feats.cc:173) Processed features for key ESC10_004U0027
VLOG[2] (compute-mfcc-feats[5.2.137-9a6e1]:main():compute-mfcc-feats.cc:173) Processed features for key ESC10_004U0028
LOG (compute-mfcc-feats[5.2.137-9a6e1]:main():compute-mfcc-feats.cc:172) Processed 90 utterances
VLOG[2] (compute-mfcc-feats[5.2.137-9a6e1]:main():compute-mfcc-feats.cc:173) Processed features for key ESC10_004U0029
VLOG[2] (compute-mfcc-feats[5.2.137-9a6e1]:main():compute-mfcc-feats.cc:173) Processed features for key ESC10_004U0030
VLOG[2] (compute-mfcc-feats[5.2.137-9a6e1]:main():compute-mfcc-feats.cc:173) Processed features for key ESC10_004U0031
VLOG[2] (compute-mfcc-feats[5.2.137-9a6e1]:main():compute-mfcc-feats.cc:173) Processed features for key ESC10_004U0032
VLOG[2] (compute-mfcc-feats[5.2.137-9a6e1]:main():compute-mfcc-feats.cc:173) Processed features for key ESC10_004U0033
VLOG[2] (compute-mfcc-feats[5.2.137-9a6e1]:main():compute-mfcc-feats.cc:173) Processed features for key ESC10_004U0034
VLOG[2] (compute-mfcc-feats[5.2.137-9a6e1]:main():compute-mfcc-feats.cc:173) Processed features for key ESC10_004U0035
VLOG[2] (compute-mfcc-feats[5.2.137-9a6e1]:main():compute-mfcc-feats.cc:173) Processed features for key ESC10_004U0036
VLOG[2] (compute-mfcc-feats[5.2.137-9a6e1]:main():compute-mfcc-feats.cc:173) Processed features for key ESC10_004U0037
VLOG[2] (compute-mfcc-feats[5.2.137-9a6e1]:main():compute-mfcc-feats.cc:173) Processed features for key ESC10_004U0038
LOG (compute-mfcc-feats[5.2.137-9a6e1]:main():compute-mfcc-feats.cc:172) Processed 100 utterances
VLOG[2] (compute-mfcc-feats[5.2.137-9a6e1]:main():compute-mfcc-feats.cc:173) Processed features for key ESC10_004U0039
LOG (compute-mfcc-feats[5.2.137-9a6e1]:main():compute-mfcc-feats.cc:176)  Done 100 out of 100 utterances.
LOG (copy-feats[5.2.137-9a6e1]:main():copy-feats.cc:143) Copied 100 feature matrices.
# Accounting: time=12 threads=1
# Ended (code 0) at Mon Jan  1 16:49:23 CST 2018, elapsed time 12 seconds
